This file contains any messages produced by compilers while
running configure, to aid debugging if configure makes a mistake.

It was created by dbhandler configure 0.1, which was
generated by GNU Autoconf 2.69.  Invocation command line was

  $ /home/igor/dbhandler/configure --enable-maintainer-mode CFLAGS=-g -O0 CXXFLAGS=-g -O0 -std=c++11 JFLAGS=-g -O0 FFLAGS=-g -O0 --with-wx-config=/home/igor/wxWidgets/buildGTK2/wx-config

## --------- ##
## Platform. ##
## --------- ##

hostname = IgorDellGentoo
uname -m = x86_64
uname -r = 4.1.15-gentoo-r1
uname -s = Linux
uname -v = #2 SMP Sat Apr 23 19:54:36 EDT 2016

/usr/bin/uname -p = Pentium(R) Dual-Core CPU T4200 @ 2.00GHz
/bin/uname -X     = unknown

/bin/arch              = unknown
/usr/bin/arch -k       = unknown
/usr/convex/getsysinfo = unknown
/usr/bin/hostinfo      = unknown
/bin/machine           = unknown
/usr/bin/oslevel       = unknown
/bin/universe          = unknown

PATH: /usr/local/bin
PATH: /usr/bin
PATH: /bin
PATH: /opt/bin
PATH: /usr/x86_64-pc-linux-gnu/gcc-bin/5.2.0
PATH: /usr/games/bin


## ----------- ##
## Core tests. ##
## ----------- ##

configure:2446: checking for a BSD-compatible install
configure:2514: result: /usr/bin/install -c
configure:2525: checking whether build environment is sane
configure:2580: result: yes
configure:2731: checking for a thread-safe mkdir -p
configure:2770: result: /bin/mkdir -p
configure:2777: checking for gawk
configure:2793: found /usr/bin/gawk
configure:2804: result: gawk
configure:2815: checking whether make sets $(MAKE)
configure:2837: result: yes
configure:2866: checking whether make supports nested variables
configure:2883: result: yes
configure:3021: checking whether make supports nested variables
configure:3038: result: yes
configure:3098: checking for gcc
configure:3114: found /usr/bin/gcc
configure:3125: result: gcc
configure:3354: checking for C compiler version
configure:3363: gcc --version >&5
gcc (Gentoo 5.2.0 p1.3, pie-0.6.5) 5.2.0
Copyright (C) 2015 Free Software Foundation, Inc.
This is free software; see the source for copying conditions.  There is NO
warranty; not even for MERCHANTABILITY or FITNESS FOR A PARTICULAR PURPOSE.

configure:3374: $? = 0
configure:3363: gcc -v >&5
Using built-in specs.
COLLECT_GCC=/usr/x86_64-pc-linux-gnu/gcc-bin/5.2.0/gcc
COLLECT_LTO_WRAPPER=/usr/libexec/gcc/x86_64-pc-linux-gnu/5.2.0/lto-wrapper
Target: x86_64-pc-linux-gnu
Configured with: /var/tmp/portage/sys-devel/gcc-5.2.0/work/gcc-5.2.0/configure --host=x86_64-pc-linux-gnu --build=x86_64-pc-linux-gnu --prefix=/usr --bindir=/usr/x86_64-pc-linux-gnu/gcc-bin/5.2.0 --includedir=/usr/lib/gcc/x86_64-pc-linux-gnu/5.2.0/include --datadir=/usr/share/gcc-data/x86_64-pc-linux-gnu/5.2.0 --mandir=/usr/share/gcc-data/x86_64-pc-linux-gnu/5.2.0/man --infodir=/usr/share/gcc-data/x86_64-pc-linux-gnu/5.2.0/info --with-gxx-include-dir=/usr/lib/gcc/x86_64-pc-linux-gnu/5.2.0/include/g++-v5 --with-python-dir=/share/gcc-data/x86_64-pc-linux-gnu/5.2.0/python --enable-languages=c,c++,fortran --enable-obsolete --enable-secureplt --disable-werror --with-system-zlib --enable-nls --without-included-gettext --enable-checking=release --with-bugurl=https://bugs.gentoo.org/ --with-pkgversion='Gentoo 5.2.0 p1.3, pie-0.6.5' --enable-libstdcxx-time --enable-shared --enable-threads=posix --enable-__cxa_atexit --enable-clocale=gnu --enable-multilib --with-multilib-list=m32,m64 --disable-altivec --disable-fixed-point --enable-targets=all --disable-libgcj --enable-libgomp --disable-libmudflap --disable-libssp --disable-libcilkrts --enable-lto --without-isl --enable-libsanitizer
Thread model: posix
gcc version 5.2.0 (Gentoo 5.2.0 p1.3, pie-0.6.5) 
configure:3374: $? = 0
configure:3363: gcc -V >&5
gcc: error: unrecognized command line option '-V'
gcc: fatal error: no input files
compilation terminated.
configure:3374: $? = 1
configure:3363: gcc -qversion >&5
gcc: error: unrecognized command line option '-qversion'
gcc: fatal error: no input files
compilation terminated.
configure:3374: $? = 1
configure:3394: checking whether the C compiler works
configure:3416: gcc -g -O0   conftest.c  >&5
configure:3420: $? = 0
configure:3468: result: yes
configure:3471: checking for C compiler default output file name
configure:3473: result: a.out
configure:3479: checking for suffix of executables
configure:3486: gcc -o conftest -g -O0   conftest.c  >&5
configure:3490: $? = 0
configure:3512: result: 
configure:3534: checking whether we are cross compiling
configure:3542: gcc -o conftest -g -O0   conftest.c  >&5
configure:3546: $? = 0
configure:3553: ./conftest
configure:3557: $? = 0
configure:3572: result: no
configure:3577: checking for suffix of object files
configure:3599: gcc -c -g -O0  conftest.c >&5
configure:3603: $? = 0
configure:3624: result: o
configure:3628: checking whether we are using the GNU C compiler
configure:3647: gcc -c -g -O0  conftest.c >&5
configure:3647: $? = 0
configure:3656: result: yes
configure:3665: checking whether gcc accepts -g
configure:3685: gcc -c -g  conftest.c >&5
configure:3685: $? = 0
configure:3726: result: yes
configure:3743: checking for gcc option to accept ISO C89
configure:3806: gcc  -c -g -O0  conftest.c >&5
configure:3806: $? = 0
configure:3819: result: none needed
configure:3844: checking whether gcc understands -c and -o together
configure:3866: gcc -c conftest.c -o conftest2.o
configure:3869: $? = 0
configure:3866: gcc -c conftest.c -o conftest2.o
configure:3869: $? = 0
configure:3881: result: yes
configure:3909: checking for style of include used by make
configure:3937: result: GNU
configure:3963: checking dependency style of gcc
configure:4074: result: gcc3
configure:4101: checking wxWidgets version
configure:4104: result: 3.1.0
configure:4125: checking how to run the C preprocessor
configure:4156: gcc -E  conftest.c
configure:4156: $? = 0
configure:4170: gcc -E  conftest.c
conftest.c:11:28: fatal error: ac_nonexistent.h: No such file or directory
compilation terminated.
configure:4170: $? = 1
configure: failed program was:
| /* confdefs.h */
| #define PACKAGE_NAME "dbhandler"
| #define PACKAGE_TARNAME "dbhandler"
| #define PACKAGE_VERSION "0.1"
| #define PACKAGE_STRING "dbhandler 0.1"
| #define PACKAGE_BUGREPORT ""
| #define PACKAGE_URL ""
| #define PACKAGE "dbhandler"
| #define VERSION "0.1"
| /* end confdefs.h.  */
| #include <ac_nonexistent.h>
configure:4195: result: gcc -E
configure:4215: gcc -E  conftest.c
configure:4215: $? = 0
configure:4229: gcc -E  conftest.c
conftest.c:11:28: fatal error: ac_nonexistent.h: No such file or directory
compilation terminated.
configure:4229: $? = 1
configure: failed program was:
| /* confdefs.h */
| #define PACKAGE_NAME "dbhandler"
| #define PACKAGE_TARNAME "dbhandler"
| #define PACKAGE_VERSION "0.1"
| #define PACKAGE_STRING "dbhandler 0.1"
| #define PACKAGE_BUGREPORT ""
| #define PACKAGE_URL ""
| #define PACKAGE "dbhandler"
| #define VERSION "0.1"
| /* end confdefs.h.  */
| #include <ac_nonexistent.h>
configure:4315: checking for g++
configure:4331: found /usr/bin/g++
configure:4342: result: g++
configure:4369: checking for C++ compiler version
configure:4378: g++ --version >&5
g++ (Gentoo 5.2.0 p1.3, pie-0.6.5) 5.2.0
Copyright (C) 2015 Free Software Foundation, Inc.
This is free software; see the source for copying conditions.  There is NO
warranty; not even for MERCHANTABILITY or FITNESS FOR A PARTICULAR PURPOSE.

configure:4389: $? = 0
configure:4378: g++ -v >&5
Using built-in specs.
COLLECT_GCC=/usr/x86_64-pc-linux-gnu/gcc-bin/5.2.0/g++
COLLECT_LTO_WRAPPER=/usr/libexec/gcc/x86_64-pc-linux-gnu/5.2.0/lto-wrapper
Target: x86_64-pc-linux-gnu
Configured with: /var/tmp/portage/sys-devel/gcc-5.2.0/work/gcc-5.2.0/configure --host=x86_64-pc-linux-gnu --build=x86_64-pc-linux-gnu --prefix=/usr --bindir=/usr/x86_64-pc-linux-gnu/gcc-bin/5.2.0 --includedir=/usr/lib/gcc/x86_64-pc-linux-gnu/5.2.0/include --datadir=/usr/share/gcc-data/x86_64-pc-linux-gnu/5.2.0 --mandir=/usr/share/gcc-data/x86_64-pc-linux-gnu/5.2.0/man --infodir=/usr/share/gcc-data/x86_64-pc-linux-gnu/5.2.0/info --with-gxx-include-dir=/usr/lib/gcc/x86_64-pc-linux-gnu/5.2.0/include/g++-v5 --with-python-dir=/share/gcc-data/x86_64-pc-linux-gnu/5.2.0/python --enable-languages=c,c++,fortran --enable-obsolete --enable-secureplt --disable-werror --with-system-zlib --enable-nls --without-included-gettext --enable-checking=release --with-bugurl=https://bugs.gentoo.org/ --with-pkgversion='Gentoo 5.2.0 p1.3, pie-0.6.5' --enable-libstdcxx-time --enable-shared --enable-threads=posix --enable-__cxa_atexit --enable-clocale=gnu --enable-multilib --with-multilib-list=m32,m64 --disable-altivec --disable-fixed-point --enable-targets=all --disable-libgcj --enable-libgomp --disable-libmudflap --disable-libssp --disable-libcilkrts --enable-lto --without-isl --enable-libsanitizer
Thread model: posix
gcc version 5.2.0 (Gentoo 5.2.0 p1.3, pie-0.6.5) 
configure:4389: $? = 0
configure:4378: g++ -V >&5
g++: error: unrecognized command line option '-V'
g++: fatal error: no input files
compilation terminated.
configure:4389: $? = 1
configure:4378: g++ -qversion >&5
g++: error: unrecognized command line option '-qversion'
g++: fatal error: no input files
compilation terminated.
configure:4389: $? = 1
configure:4393: checking whether we are using the GNU C++ compiler
configure:4412: g++ -c -g -O0 -std=c++11  conftest.cpp >&5
configure:4412: $? = 0
configure:4421: result: yes
configure:4430: checking whether g++ accepts -g
configure:4450: g++ -c -g  conftest.cpp >&5
configure:4450: $? = 0
configure:4491: result: yes
configure:4516: checking dependency style of g++
configure:4627: result: gcc3
configure:4645: checking whether NLS is requested
configure:4654: result: yes
configure:4672: checking for intltool >= 0.35.0
configure:4674: result: 0.50.2 found
configure:4682: checking for intltool-update
configure:4700: found /usr/bin/intltool-update
configure:4712: result: /usr/bin/intltool-update
configure:4722: checking for intltool-merge
configure:4740: found /usr/bin/intltool-merge
configure:4752: result: /usr/bin/intltool-merge
configure:4762: checking for intltool-extract
configure:4780: found /usr/bin/intltool-extract
configure:4792: result: /usr/bin/intltool-extract
configure:4946: checking for xgettext
configure:4964: found /usr/bin/xgettext
configure:4976: result: /usr/bin/xgettext
configure:4986: checking for msgmerge
configure:5004: found /usr/bin/msgmerge
configure:5016: result: /usr/bin/msgmerge
configure:5026: checking for msgfmt
configure:5044: found /usr/bin/msgfmt
configure:5056: result: /usr/bin/msgfmt
configure:5066: checking for gmsgfmt
configure:5084: found /usr/bin/gmsgfmt
configure:5097: result: /usr/bin/gmsgfmt
configure:5117: checking for perl
configure:5135: found /usr/bin/perl
configure:5147: result: /usr/bin/perl
configure:5158: checking for perl >= 5.8.1
configure:5165: result: 5.20.2
configure:5169: checking for XML::Parser
configure:5172: result: ok
configure:5195: checking for grep that handles long lines and -e
configure:5253: result: /bin/grep
configure:5258: checking for egrep
configure:5320: result: /bin/grep -E
configure:5325: checking for ANSI C header files
configure:5345: gcc -c -g -O0  conftest.c >&5
configure:5345: $? = 0
configure:5418: gcc -o conftest -g -O0   conftest.c  >&5
configure:5418: $? = 0
configure:5418: ./conftest
configure:5418: $? = 0
configure:5429: result: yes
configure:5442: checking for sys/types.h
configure:5442: gcc -c -g -O0  conftest.c >&5
configure:5442: $? = 0
configure:5442: result: yes
configure:5442: checking for sys/stat.h
configure:5442: gcc -c -g -O0  conftest.c >&5
configure:5442: $? = 0
configure:5442: result: yes
configure:5442: checking for stdlib.h
configure:5442: gcc -c -g -O0  conftest.c >&5
configure:5442: $? = 0
configure:5442: result: yes
configure:5442: checking for string.h
configure:5442: gcc -c -g -O0  conftest.c >&5
configure:5442: $? = 0
configure:5442: result: yes
configure:5442: checking for memory.h
configure:5442: gcc -c -g -O0  conftest.c >&5
configure:5442: $? = 0
configure:5442: result: yes
configure:5442: checking for strings.h
configure:5442: gcc -c -g -O0  conftest.c >&5
configure:5442: $? = 0
configure:5442: result: yes
configure:5442: checking for inttypes.h
configure:5442: gcc -c -g -O0  conftest.c >&5
configure:5442: $? = 0
configure:5442: result: yes
configure:5442: checking for stdint.h
configure:5442: gcc -c -g -O0  conftest.c >&5
configure:5442: $? = 0
configure:5442: result: yes
configure:5442: checking for unistd.h
configure:5442: gcc -c -g -O0  conftest.c >&5
configure:5442: $? = 0
configure:5442: result: yes
configure:5457: checking locale.h usability
configure:5457: gcc -c -g -O0  conftest.c >&5
configure:5457: $? = 0
configure:5457: result: yes
configure:5457: checking locale.h presence
configure:5457: gcc -E  conftest.c
configure:5457: $? = 0
configure:5457: result: yes
configure:5457: checking for locale.h
configure:5457: result: yes
configure:5468: checking for LC_MESSAGES
configure:5484: gcc -o conftest -g -O0   conftest.c  >&5
configure:5484: $? = 0
configure:5492: result: yes
configure:5509: checking libintl.h usability
configure:5509: gcc -c -g -O0  conftest.c >&5
configure:5509: $? = 0
configure:5509: result: yes
configure:5509: checking libintl.h presence
configure:5509: gcc -E  conftest.c
configure:5509: $? = 0
configure:5509: result: yes
configure:5509: checking for libintl.h
configure:5509: result: yes
configure:5517: checking for ngettext in libc
configure:5535: gcc -o conftest -g -O0   conftest.c  >&5
configure:5535: $? = 0
configure:5544: result: yes
configure:5548: checking for dgettext in libc
configure:5566: gcc -o conftest -g -O0   conftest.c  >&5
configure:5566: $? = 0
configure:5575: result: yes
configure:5582: checking for bind_textdomain_codeset
configure:5582: gcc -o conftest -g -O0   conftest.c  >&5
configure:5582: $? = 0
configure:5582: result: yes
configure:5858: checking for msgfmt
configure:5885: result: /usr/bin/msgfmt
configure:5896: checking for dcgettext
configure:5896: gcc -o conftest -g -O0   conftest.c   >&5
conftest.c:49:6: warning: conflicting types for built-in function 'dcgettext'
 char dcgettext ();
      ^
configure:5896: $? = 0
configure:5896: result: yes
configure:5906: checking if msgfmt accepts -c
configure:5921: $MSGFMT -c -o /dev/null conftest.foo
conftest.foo:3: warning: header field 'Language' missing in header
configure:5924: $? = 0
configure:5926: result: yes
configure:5936: checking for gmsgfmt
configure:5967: result: /usr/bin/gmsgfmt
configure:5977: checking for xgettext
configure:6004: result: /usr/bin/xgettext
configure:6023: gcc -o conftest -g -O0   conftest.c   >&5
configure:6023: $? = 0
configure:6194: checking build system type
configure:6208: result: x86_64-unknown-linux-gnu
configure:6228: checking host system type
configure:6241: result: x86_64-unknown-linux-gnu
configure:6282: checking how to print strings
configure:6309: result: printf
configure:6330: checking for a sed that does not truncate output
configure:6394: result: /bin/sed
configure:6412: checking for fgrep
configure:6474: result: /bin/grep -F
configure:6509: checking for ld used by gcc
configure:6576: result: /usr/x86_64-pc-linux-gnu/bin/ld
configure:6583: checking if the linker (/usr/x86_64-pc-linux-gnu/bin/ld) is GNU ld
configure:6598: result: yes
configure:6610: checking for BSD- or MS-compatible name lister (nm)
configure:6664: result: /usr/bin/nm -B
configure:6794: checking the name lister (/usr/bin/nm -B) interface
configure:6801: gcc -c -g -O0  conftest.c >&5
configure:6804: /usr/bin/nm -B "conftest.o"
configure:6807: output
0000000000000000 B some_variable
configure:6814: result: BSD nm
configure:6817: checking whether ln -s works
configure:6821: result: yes
configure:6829: checking the maximum length of command line arguments
configure:6960: result: 1572864
configure:7008: checking how to convert x86_64-unknown-linux-gnu file names to x86_64-unknown-linux-gnu format
configure:7048: result: func_convert_file_noop
configure:7055: checking how to convert x86_64-unknown-linux-gnu file names to toolchain format
configure:7075: result: func_convert_file_noop
configure:7082: checking for /usr/x86_64-pc-linux-gnu/bin/ld option to reload object files
configure:7089: result: -r
configure:7163: checking for objdump
configure:7179: found /usr/bin/objdump
configure:7190: result: objdump
configure:7222: checking how to recognize dependent libraries
configure:7422: result: pass_all
configure:7507: checking for dlltool
configure:7537: result: no
configure:7567: checking how to associate runtime and link libraries
configure:7594: result: printf %s\n
configure:7654: checking for ar
configure:7670: found /usr/bin/ar
configure:7681: result: ar
configure:7718: checking for archiver @FILE support
configure:7735: gcc -c -g -O0  conftest.c >&5
configure:7735: $? = 0
configure:7738: ar cru libconftest.a @conftest.lst >&5
configure:7741: $? = 0
configure:7746: ar cru libconftest.a @conftest.lst >&5
ar: conftest.o: No such file or directory
configure:7749: $? = 1
configure:7761: result: @
configure:7819: checking for strip
configure:7835: found /usr/bin/strip
configure:7846: result: strip
configure:7918: checking for ranlib
configure:7934: found /usr/bin/ranlib
configure:7945: result: ranlib
configure:8047: checking command to parse /usr/bin/nm -B output from gcc object
configure:8200: gcc -c -g -O0  conftest.c >&5
configure:8203: $? = 0
configure:8207: /usr/bin/nm -B conftest.o \| sed -n -e 's/^.*[ ]\([ABCDGIRSTW][ABCDGIRSTW]*\)[ ][ ]*\([_A-Za-z][_A-Za-z0-9]*\)$/\1 \2 \2/p' | sed '/ __gnu_lto/d' \> conftest.nm
configure:8210: $? = 0
configure:8276: gcc -o conftest -g -O0   conftest.c conftstm.o >&5
configure:8279: $? = 0
configure:8317: result: ok
configure:8364: checking for sysroot
configure:8394: result: no
configure:8401: checking for a working dd
configure:8439: result: /bin/dd
configure:8443: checking how to truncate binary pipes
configure:8458: result: /bin/dd bs=4096 count=1
configure:8594: gcc -c -g -O0  conftest.c >&5
configure:8597: $? = 0
configure:8787: checking for mt
configure:8817: result: no
configure:8837: checking if : is a manifest tool
configure:8843: : '-?'
configure:8851: result: no
configure:9525: checking for dlfcn.h
configure:9525: gcc -c -g -O0  conftest.c >&5
configure:9525: $? = 0
configure:9525: result: yes
configure:9792: checking for objdir
configure:9807: result: .libs
configure:10067: checking if gcc supports -fno-rtti -fno-exceptions
configure:10085: gcc -c -g -O0  -fno-rtti -fno-exceptions conftest.c >&5
cc1: warning: command line option '-fno-rtti' is valid for C++/ObjC++ but not for C
configure:10089: $? = 0
configure:10102: result: no
configure:10460: checking for gcc option to produce PIC
configure:10467: result: -fPIC -DPIC
configure:10475: checking if gcc PIC flag -fPIC -DPIC works
configure:10493: gcc -c -g -O0  -fPIC -DPIC -DPIC conftest.c >&5
configure:10497: $? = 0
configure:10510: result: yes
configure:10539: checking if gcc static flag -static works
configure:10567: result: yes
configure:10582: checking if gcc supports -c -o file.o
configure:10603: gcc -c -g -O0  -o out/conftest2.o conftest.c >&5
configure:10607: $? = 0
configure:10629: result: yes
configure:10637: checking if gcc supports -c -o file.o
configure:10684: result: yes
configure:10717: checking whether the gcc linker (/usr/x86_64-pc-linux-gnu/bin/ld -m elf_x86_64) supports shared libraries
configure:11976: result: yes
configure:12013: checking whether -lc should be explicitly linked in
configure:12021: gcc -c -g -O0  conftest.c >&5
configure:12024: $? = 0
configure:12039: gcc -shared  -fPIC -DPIC conftest.o  -v -Wl,-soname -Wl,conftest -o conftest 2\>\&1 \| /bin/grep  -lc  \>/dev/null 2\>\&1
configure:12042: $? = 0
configure:12056: result: no
configure:12216: checking dynamic linker characteristics
configure:12810: gcc -o conftest -g -O0   -Wl,-rpath -Wl,/foo conftest.c  >&5
configure:12810: $? = 0
configure:13047: result: GNU/Linux ld.so
configure:13169: checking how to hardcode library paths into programs
configure:13194: result: immediate
configure:13742: checking whether stripping libraries is possible
configure:13747: result: yes
configure:13782: checking if libtool supports shared libraries
configure:13784: result: yes
configure:13787: checking whether to build shared libraries
configure:13812: result: yes
configure:13815: checking whether to build static libraries
configure:13819: result: yes
configure:13842: checking how to run the C++ preprocessor
configure:13869: g++ -E  conftest.cpp
configure:13869: $? = 0
configure:13883: g++ -E  conftest.cpp
conftest.cpp:30:28: fatal error: ac_nonexistent.h: No such file or directory
compilation terminated.
configure:13883: $? = 1
configure: failed program was:
| /* confdefs.h */
| #define PACKAGE_NAME "dbhandler"
| #define PACKAGE_TARNAME "dbhandler"
| #define PACKAGE_VERSION "0.1"
| #define PACKAGE_STRING "dbhandler 0.1"
| #define PACKAGE_BUGREPORT ""
| #define PACKAGE_URL ""
| #define PACKAGE "dbhandler"
| #define VERSION "0.1"
| #define GETTEXT_PACKAGE "dbhandler"
| #define STDC_HEADERS 1
| #define HAVE_SYS_TYPES_H 1
| #define HAVE_SYS_STAT_H 1
| #define HAVE_STDLIB_H 1
| #define HAVE_STRING_H 1
| #define HAVE_MEMORY_H 1
| #define HAVE_STRINGS_H 1
| #define HAVE_INTTYPES_H 1
| #define HAVE_STDINT_H 1
| #define HAVE_UNISTD_H 1
| #define HAVE_LOCALE_H 1
| #define HAVE_LC_MESSAGES 1
| #define HAVE_BIND_TEXTDOMAIN_CODESET 1
| #define HAVE_GETTEXT 1
| #define HAVE_DCGETTEXT 1
| #define ENABLE_NLS 1
| #define HAVE_DLFCN_H 1
| #define LT_OBJDIR ".libs/"
| /* end confdefs.h.  */
| #include <ac_nonexistent.h>
configure:13908: result: g++ -E
configure:13928: g++ -E  conftest.cpp
configure:13928: $? = 0
configure:13942: g++ -E  conftest.cpp
conftest.cpp:30:28: fatal error: ac_nonexistent.h: No such file or directory
compilation terminated.
configure:13942: $? = 1
configure: failed program was:
| /* confdefs.h */
| #define PACKAGE_NAME "dbhandler"
| #define PACKAGE_TARNAME "dbhandler"
| #define PACKAGE_VERSION "0.1"
| #define PACKAGE_STRING "dbhandler 0.1"
| #define PACKAGE_BUGREPORT ""
| #define PACKAGE_URL ""
| #define PACKAGE "dbhandler"
| #define VERSION "0.1"
| #define GETTEXT_PACKAGE "dbhandler"
| #define STDC_HEADERS 1
| #define HAVE_SYS_TYPES_H 1
| #define HAVE_SYS_STAT_H 1
| #define HAVE_STDLIB_H 1
| #define HAVE_STRING_H 1
| #define HAVE_MEMORY_H 1
| #define HAVE_STRINGS_H 1
| #define HAVE_INTTYPES_H 1
| #define HAVE_STDINT_H 1
| #define HAVE_UNISTD_H 1
| #define HAVE_LOCALE_H 1
| #define HAVE_LC_MESSAGES 1
| #define HAVE_BIND_TEXTDOMAIN_CODESET 1
| #define HAVE_GETTEXT 1
| #define HAVE_DCGETTEXT 1
| #define ENABLE_NLS 1
| #define HAVE_DLFCN_H 1
| #define LT_OBJDIR ".libs/"
| /* end confdefs.h.  */
| #include <ac_nonexistent.h>
configure:14104: checking for ld used by g++
configure:14171: result: /usr/x86_64-pc-linux-gnu/bin/ld -m elf_x86_64
configure:14178: checking if the linker (/usr/x86_64-pc-linux-gnu/bin/ld -m elf_x86_64) is GNU ld
configure:14193: result: yes
configure:14248: checking whether the g++ linker (/usr/x86_64-pc-linux-gnu/bin/ld -m elf_x86_64) supports shared libraries
configure:15321: result: yes
configure:15357: g++ -c -g -O0 -std=c++11  conftest.cpp >&5
configure:15360: $? = 0
configure:15841: checking for g++ option to produce PIC
configure:15848: result: -fPIC -DPIC
configure:15856: checking if g++ PIC flag -fPIC -DPIC works
configure:15874: g++ -c -g -O0 -std=c++11  -fPIC -DPIC -DPIC conftest.cpp >&5
configure:15878: $? = 0
configure:15891: result: yes
configure:15914: checking if g++ static flag -static works
configure:15942: result: yes
configure:15954: checking if g++ supports -c -o file.o
configure:15975: g++ -c -g -O0 -std=c++11  -o out/conftest2.o conftest.cpp >&5
configure:15979: $? = 0
configure:16001: result: yes
configure:16006: checking if g++ supports -c -o file.o
configure:16053: result: yes
configure:16083: checking whether the g++ linker (/usr/x86_64-pc-linux-gnu/bin/ld -m elf_x86_64) supports shared libraries
configure:16123: result: yes
configure:16264: checking dynamic linker characteristics
configure:17022: result: GNU/Linux ld.so
configure:17087: checking how to hardcode library paths into programs
configure:17112: result: immediate
configure:17288: checking that generated files are newer than configure
configure:17294: result: done
configure:17325: creating ./config.status

## ---------------------- ##
## Running config.status. ##
## ---------------------- ##

This file was extended by dbhandler config.status 0.1, which was
generated by GNU Autoconf 2.69.  Invocation command line was

  CONFIG_FILES    = 
  CONFIG_HEADERS  = 
  CONFIG_LINKS    = 
  CONFIG_COMMANDS = 
  $ ./config.status 

on IgorDellGentoo

config.status:1235: creating Makefile
config.status:1235: creating dbhandler/Makefile
config.status:1235: creating po/Makefile.in
config.status:1235: creating dbinterface/Makefile
config.status:1235: creating libsqlite/Makefile
config.status:1235: creating libdialogs/Makefile
config.status:1235: creating libdbloader/Makefile
config.status:1235: creating libodbc/Makefile
config.status:1235: creating config.h
config.status:1449: executing depfiles commands
config.status:1449: executing default-1 commands
config.status:1449: executing libtool commands
config.status:1449: executing po/stamp-it commands
configure:19762: WARNING: unrecognized options: --enable-maintainer-mode

## ---------------- ##
## Cache variables. ##
## ---------------- ##

ac_cv_build=x86_64-unknown-linux-gnu
ac_cv_c_compiler_gnu=yes
ac_cv_cxx_compiler_gnu=yes
ac_cv_env_CCC_set=
ac_cv_env_CCC_value=
ac_cv_env_CC_set=
ac_cv_env_CC_value=
ac_cv_env_CFLAGS_set=set
ac_cv_env_CFLAGS_value='-g -O0'
ac_cv_env_CPPFLAGS_set=
ac_cv_env_CPPFLAGS_value=
ac_cv_env_CPP_set=
ac_cv_env_CPP_value=
ac_cv_env_CXXCPP_set=
ac_cv_env_CXXCPP_value=
ac_cv_env_CXXFLAGS_set=set
ac_cv_env_CXXFLAGS_value='-g -O0 -std=c++11'
ac_cv_env_CXX_set=
ac_cv_env_CXX_value=
ac_cv_env_LDFLAGS_set=
ac_cv_env_LDFLAGS_value=
ac_cv_env_LIBS_set=
ac_cv_env_LIBS_value=
ac_cv_env_LT_SYS_LIBRARY_PATH_set=
ac_cv_env_LT_SYS_LIBRARY_PATH_value=
ac_cv_env_build_alias_set=
ac_cv_env_build_alias_value=
ac_cv_env_host_alias_set=
ac_cv_env_host_alias_value=
ac_cv_env_target_alias_set=
ac_cv_env_target_alias_value=
ac_cv_func_bind_textdomain_codeset=yes
ac_cv_func_dcgettext=yes
ac_cv_header_dlfcn_h=yes
ac_cv_header_inttypes_h=yes
ac_cv_header_libintl_h=yes
ac_cv_header_locale_h=yes
ac_cv_header_memory_h=yes
ac_cv_header_stdc=yes
ac_cv_header_stdint_h=yes
ac_cv_header_stdlib_h=yes
ac_cv_header_string_h=yes
ac_cv_header_strings_h=yes
ac_cv_header_sys_stat_h=yes
ac_cv_header_sys_types_h=yes
ac_cv_header_unistd_h=yes
ac_cv_host=x86_64-unknown-linux-gnu
ac_cv_objext=o
ac_cv_path_EGREP='/bin/grep -E'
ac_cv_path_FGREP='/bin/grep -F'
ac_cv_path_GMSGFMT=/usr/bin/gmsgfmt
ac_cv_path_GREP=/bin/grep
ac_cv_path_INTLTOOL_EXTRACT=/usr/bin/intltool-extract
ac_cv_path_INTLTOOL_MERGE=/usr/bin/intltool-merge
ac_cv_path_INTLTOOL_PERL=/usr/bin/perl
ac_cv_path_INTLTOOL_UPDATE=/usr/bin/intltool-update
ac_cv_path_MSGFMT=/usr/bin/msgfmt
ac_cv_path_MSGMERGE=/usr/bin/msgmerge
ac_cv_path_SED=/bin/sed
ac_cv_path_XGETTEXT=/usr/bin/xgettext
ac_cv_path_install='/usr/bin/install -c'
ac_cv_path_lt_DD=/bin/dd
ac_cv_path_mkdir=/bin/mkdir
ac_cv_prog_AWK=gawk
ac_cv_prog_CPP='gcc -E'
ac_cv_prog_CXXCPP='g++ -E'
ac_cv_prog_ac_ct_AR=ar
ac_cv_prog_ac_ct_CC=gcc
ac_cv_prog_ac_ct_CXX=g++
ac_cv_prog_ac_ct_OBJDUMP=objdump
ac_cv_prog_ac_ct_RANLIB=ranlib
ac_cv_prog_ac_ct_STRIP=strip
ac_cv_prog_cc_c89=
ac_cv_prog_cc_g=yes
ac_cv_prog_cxx_g=yes
ac_cv_prog_make_make_set=yes
am_cv_CC_dependencies_compiler_type=gcc3
am_cv_CXX_dependencies_compiler_type=gcc3
am_cv_make_support_nested_variables=yes
am_cv_prog_cc_c_o=yes
am_cv_val_LC_MESSAGES=yes
gt_cv_func_dgettext_libc=yes
gt_cv_func_dgettext_libintl=no
gt_cv_func_ngettext_libc=yes
gt_cv_have_gettext=yes
lt_cv_ar_at_file=@
lt_cv_archive_cmds_need_lc=no
lt_cv_deplibs_check_method=pass_all
lt_cv_file_magic_cmd='$MAGIC_CMD'
lt_cv_file_magic_test_file=
lt_cv_ld_reload_flag=-r
lt_cv_nm_interface='BSD nm'
lt_cv_objdir=.libs
lt_cv_path_LD=/usr/x86_64-pc-linux-gnu/bin/ld
lt_cv_path_LDCXX='/usr/x86_64-pc-linux-gnu/bin/ld -m elf_x86_64'
lt_cv_path_NM='/usr/bin/nm -B'
lt_cv_path_mainfest_tool=no
lt_cv_prog_compiler_c_o=yes
lt_cv_prog_compiler_c_o_CXX=yes
lt_cv_prog_compiler_pic='-fPIC -DPIC'
lt_cv_prog_compiler_pic_CXX='-fPIC -DPIC'
lt_cv_prog_compiler_pic_works=yes
lt_cv_prog_compiler_pic_works_CXX=yes
lt_cv_prog_compiler_rtti_exceptions=no
lt_cv_prog_compiler_static_works=yes
lt_cv_prog_compiler_static_works_CXX=yes
lt_cv_prog_gnu_ld=yes
lt_cv_prog_gnu_ldcxx=yes
lt_cv_sharedlib_from_linklib_cmd='printf %s\n'
lt_cv_shlibpath_overrides_runpath=yes
lt_cv_sys_global_symbol_pipe='sed -n -e '\''s/^.*[	 ]\([ABCDGIRSTW][ABCDGIRSTW]*\)[	 ][	 ]*\([_A-Za-z][_A-Za-z0-9]*\)$/\1 \2 \2/p'\'' | sed '\''/ __gnu_lto/d'\'''
lt_cv_sys_global_symbol_to_c_name_address='sed -n -e '\''s/^: \(.*\) .*$/  {"\1", (void *) 0},/p'\'' -e '\''s/^[ABCDGIRSTW][ABCDGIRSTW]* .* \(.*\)$/  {"\1", (void *) \&\1},/p'\'''
lt_cv_sys_global_symbol_to_c_name_address_lib_prefix='sed -n -e '\''s/^: \(.*\) .*$/  {"\1", (void *) 0},/p'\'' -e '\''s/^[ABCDGIRSTW][ABCDGIRSTW]* .* \(lib.*\)$/  {"\1", (void *) \&\1},/p'\'' -e '\''s/^[ABCDGIRSTW][ABCDGIRSTW]* .* \(.*\)$/  {"lib\1", (void *) \&\1},/p'\'''
lt_cv_sys_global_symbol_to_cdecl='sed -n -e '\''s/^T .* \(.*\)$/extern int \1();/p'\'' -e '\''s/^[ABCDGIRSTW][ABCDGIRSTW]* .* \(.*\)$/extern char \1;/p'\'''
lt_cv_sys_global_symbol_to_import=
lt_cv_sys_max_cmd_len=1572864
lt_cv_to_host_file_cmd=func_convert_file_noop
lt_cv_to_tool_file_cmd=func_convert_file_noop
lt_cv_truncate_bin='/bin/dd bs=4096 count=1'

## ----------------- ##
## Output variables. ##
## ----------------- ##

ACLOCAL='${SHELL} /home/igor/dbhandler/missing aclocal-1.15'
ALL_LINGUAS=''
AMDEPBACKSLASH='\'
AMDEP_FALSE='#'
AMDEP_TRUE=''
AMTAR='$${TAR-tar}'
AM_BACKSLASH='\'
AM_DEFAULT_V='$(AM_DEFAULT_VERBOSITY)'
AM_DEFAULT_VERBOSITY='0'
AM_V='$(V)'
AR='ar'
AUTOCONF='${SHELL} /home/igor/dbhandler/missing autoconf'
AUTOHEADER='${SHELL} /home/igor/dbhandler/missing autoheader'
AUTOMAKE='${SHELL} /home/igor/dbhandler/missing automake-1.15'
AWK='gawk'
CATALOGS=''
CATOBJEXT='.gmo'
CC='gcc'
CCDEPMODE='depmode=gcc3'
CFLAGS='-g -O0'
CPP='gcc -E'
CPPFLAGS=''
CXX='g++'
CXXCPP='g++ -E'
CXXDEPMODE='depmode=gcc3'
CXXFLAGS='-g -O0 -std=c++11'
CYGPATH_W='echo'
DATADIRNAME='share'
DEFS='-DHAVE_CONFIG_H'
DEPDIR='.deps'
DLLTOOL='false'
DSYMUTIL=''
DUMPBIN=''
ECHO_C=''
ECHO_N='-n'
ECHO_T=''
EGREP='/bin/grep -E'
EXEEXT=''
FGREP='/bin/grep -F'
GETTEXT_PACKAGE='dbhandler'
GMOFILES=''
GMSGFMT='/usr/bin/gmsgfmt'
GREP='/bin/grep'
INSTALL_DATA='${INSTALL} -m 644'
INSTALL_PROGRAM='${INSTALL}'
INSTALL_SCRIPT='${INSTALL}'
INSTALL_STRIP_PROGRAM='$(install_sh) -c -s'
INSTOBJEXT='.mo'
INTLLIBS=''
INTLTOOL_CAVES_RULE='%.caves:     %.caves.in     $(INTLTOOL_MERGE) $(wildcard $(top_srcdir)/po/*.po) ; $(INTLTOOL_V_MERGE)LC_ALL=C $(INTLTOOL_MERGE) $(INTLTOOL_V_MERGE_OPTIONS) -d -u -c $(top_builddir)/po/.intltool-merge-cache $(top_srcdir)/po $< $@'
INTLTOOL_DESKTOP_RULE='%.desktop:   %.desktop.in   $(INTLTOOL_MERGE) $(wildcard $(top_srcdir)/po/*.po) ; $(INTLTOOL_V_MERGE)LC_ALL=C $(INTLTOOL_MERGE) $(INTLTOOL_V_MERGE_OPTIONS) -d -u -c $(top_builddir)/po/.intltool-merge-cache $(top_srcdir)/po $< $@'
INTLTOOL_DIRECTORY_RULE='%.directory: %.directory.in $(INTLTOOL_MERGE) $(wildcard $(top_srcdir)/po/*.po) ; $(INTLTOOL_V_MERGE)LC_ALL=C $(INTLTOOL_MERGE) $(INTLTOOL_V_MERGE_OPTIONS) -d -u -c $(top_builddir)/po/.intltool-merge-cache $(top_srcdir)/po $< $@'
INTLTOOL_EXTRACT='/usr/bin/intltool-extract'
INTLTOOL_KBD_RULE='%.kbd:       %.kbd.in       $(INTLTOOL_MERGE) $(wildcard $(top_srcdir)/po/*.po) ; $(INTLTOOL_V_MERGE)LC_ALL=C $(INTLTOOL_MERGE) $(INTLTOOL_V_MERGE_OPTIONS) -x -u -m -c $(top_builddir)/po/.intltool-merge-cache $(top_srcdir)/po $< $@'
INTLTOOL_KEYS_RULE='%.keys:      %.keys.in      $(INTLTOOL_MERGE) $(wildcard $(top_srcdir)/po/*.po) ; $(INTLTOOL_V_MERGE)LC_ALL=C $(INTLTOOL_MERGE) $(INTLTOOL_V_MERGE_OPTIONS) -k -u -c $(top_builddir)/po/.intltool-merge-cache $(top_srcdir)/po $< $@'
INTLTOOL_MERGE='/usr/bin/intltool-merge'
INTLTOOL_OAF_RULE='%.oaf:       %.oaf.in       $(INTLTOOL_MERGE) $(wildcard $(top_srcdir)/po/*.po) ; $(INTLTOOL_V_MERGE)LC_ALL=C $(INTLTOOL_MERGE) $(INTLTOOL_V_MERGE_OPTIONS) -o -p $(top_srcdir)/po $< $@'
INTLTOOL_PERL='/usr/bin/perl'
INTLTOOL_POLICY_RULE='%.policy:    %.policy.in    $(INTLTOOL_MERGE) $(wildcard $(top_srcdir)/po/*.po) ; $(INTLTOOL_V_MERGE)LC_ALL=C $(INTLTOOL_MERGE) $(INTLTOOL_V_MERGE_OPTIONS) -x -u -c $(top_builddir)/po/.intltool-merge-cache $(top_srcdir)/po $< $@'
INTLTOOL_PONG_RULE='%.pong:      %.pong.in      $(INTLTOOL_MERGE) $(wildcard $(top_srcdir)/po/*.po) ; $(INTLTOOL_V_MERGE)LC_ALL=C $(INTLTOOL_MERGE) $(INTLTOOL_V_MERGE_OPTIONS) -x -u -c $(top_builddir)/po/.intltool-merge-cache $(top_srcdir)/po $< $@'
INTLTOOL_PROP_RULE='%.prop:      %.prop.in      $(INTLTOOL_MERGE) $(wildcard $(top_srcdir)/po/*.po) ; $(INTLTOOL_V_MERGE)LC_ALL=C $(INTLTOOL_MERGE) $(INTLTOOL_V_MERGE_OPTIONS) -d -u -c $(top_builddir)/po/.intltool-merge-cache $(top_srcdir)/po $< $@'
INTLTOOL_SCHEMAS_RULE='%.schemas:   %.schemas.in   $(INTLTOOL_MERGE) $(wildcard $(top_srcdir)/po/*.po) ; $(INTLTOOL_V_MERGE)LC_ALL=C $(INTLTOOL_MERGE) $(INTLTOOL_V_MERGE_OPTIONS) -s -u -c $(top_builddir)/po/.intltool-merge-cache $(top_srcdir)/po $< $@'
INTLTOOL_SERVER_RULE='%.server:    %.server.in    $(INTLTOOL_MERGE) $(wildcard $(top_srcdir)/po/*.po) ; $(INTLTOOL_V_MERGE)LC_ALL=C $(INTLTOOL_MERGE) $(INTLTOOL_V_MERGE_OPTIONS) -o -u -c $(top_builddir)/po/.intltool-merge-cache $(top_srcdir)/po $< $@'
INTLTOOL_SERVICE_RULE='%.service: %.service.in   $(INTLTOOL_MERGE) $(wildcard $(top_srcdir)/po/*.po) ; $(INTLTOOL_V_MERGE)LC_ALL=C $(INTLTOOL_MERGE) $(INTLTOOL_V_MERGE_OPTIONS) -d -u -c $(top_builddir)/po/.intltool-merge-cache $(top_srcdir)/po $< $@'
INTLTOOL_SHEET_RULE='%.sheet:     %.sheet.in     $(INTLTOOL_MERGE) $(wildcard $(top_srcdir)/po/*.po) ; $(INTLTOOL_V_MERGE)LC_ALL=C $(INTLTOOL_MERGE) $(INTLTOOL_V_MERGE_OPTIONS) -x -u -c $(top_builddir)/po/.intltool-merge-cache $(top_srcdir)/po $< $@'
INTLTOOL_SOUNDLIST_RULE='%.soundlist: %.soundlist.in $(INTLTOOL_MERGE) $(wildcard $(top_srcdir)/po/*.po) ; $(INTLTOOL_V_MERGE)LC_ALL=C $(INTLTOOL_MERGE) $(INTLTOOL_V_MERGE_OPTIONS) -d -u -c $(top_builddir)/po/.intltool-merge-cache $(top_srcdir)/po $< $@'
INTLTOOL_THEME_RULE='%.theme:     %.theme.in     $(INTLTOOL_MERGE) $(wildcard $(top_srcdir)/po/*.po) ; $(INTLTOOL_V_MERGE)LC_ALL=C $(INTLTOOL_MERGE) $(INTLTOOL_V_MERGE_OPTIONS) -d -u -c $(top_builddir)/po/.intltool-merge-cache $(top_srcdir)/po $< $@'
INTLTOOL_UI_RULE='%.ui:        %.ui.in        $(INTLTOOL_MERGE) $(wildcard $(top_srcdir)/po/*.po) ; $(INTLTOOL_V_MERGE)LC_ALL=C $(INTLTOOL_MERGE) $(INTLTOOL_V_MERGE_OPTIONS) -x -u -c $(top_builddir)/po/.intltool-merge-cache $(top_srcdir)/po $< $@'
INTLTOOL_UPDATE='/usr/bin/intltool-update'
INTLTOOL_V_MERGE='$(INTLTOOL__v_MERGE_$(V))'
INTLTOOL_V_MERGE_OPTIONS='$(intltool__v_merge_options_$(V))'
INTLTOOL_XAM_RULE='%.xam:       %.xml.in       $(INTLTOOL_MERGE) $(wildcard $(top_srcdir)/po/*.po) ; $(INTLTOOL_V_MERGE)LC_ALL=C $(INTLTOOL_MERGE) $(INTLTOOL_V_MERGE_OPTIONS) -x -u -c $(top_builddir)/po/.intltool-merge-cache $(top_srcdir)/po $< $@'
INTLTOOL_XML_NOMERGE_RULE='%.xml:       %.xml.in       $(INTLTOOL_MERGE) ; $(INTLTOOL_V_MERGE)LC_ALL=C $(INTLTOOL_MERGE) $(INTLTOOL_V_MERGE_OPTIONS) -x -u --no-translations $< $@'
INTLTOOL_XML_RULE='%.xml:       %.xml.in       $(INTLTOOL_MERGE) $(wildcard $(top_srcdir)/po/*.po) ; $(INTLTOOL_V_MERGE)LC_ALL=C $(INTLTOOL_MERGE) $(INTLTOOL_V_MERGE_OPTIONS) -x -u -c $(top_builddir)/po/.intltool-merge-cache $(top_srcdir)/po $< $@'
INTLTOOL__v_MERGE_0='@echo "  ITMRG " $@;'
INTLTOOL__v_MERGE_='$(INTLTOOL__v_MERGE_$(AM_DEFAULT_VERBOSITY))'
LD='/usr/x86_64-pc-linux-gnu/bin/ld -m elf_x86_64'
LDFLAGS=''
LIBOBJS=''
LIBS=''
LIBTOOL='$(SHELL) $(top_builddir)/libtool'
LIPO=''
LN_S='ln -s'
LTLIBOBJS=''
LT_SYS_LIBRARY_PATH=''
MAKEINFO='${SHELL} /home/igor/dbhandler/missing makeinfo'
MANIFEST_TOOL=':'
MKDIR_P='/bin/mkdir -p'
MKINSTALLDIRS='/home/igor/dbhandler/mkinstalldirs'
MSGFMT='/usr/bin/msgfmt'
MSGFMT_OPTS='-c'
MSGMERGE='/usr/bin/msgmerge'
NM='/usr/bin/nm -B'
NMEDIT=''
OBJDUMP='objdump'
OBJEXT='o'
OTOOL64=''
OTOOL=''
PACKAGE='dbhandler'
PACKAGE_BUGREPORT=''
PACKAGE_NAME='dbhandler'
PACKAGE_STRING='dbhandler 0.1'
PACKAGE_TARNAME='dbhandler'
PACKAGE_URL=''
PACKAGE_VERSION='0.1'
PATH_SEPARATOR=':'
POFILES=''
POSUB='po'
PO_IN_DATADIR_FALSE=''
PO_IN_DATADIR_TRUE=''
RANLIB='ranlib'
SED='/bin/sed'
SET_MAKE=''
SHELL='/bin/sh'
STRIP='strip'
USE_NLS='yes'
VERSION='0.1'
WX_CPPFLAGS='-I/home/igor/wxWidgets/buildGTK2/lib/wx/include/gtk2-unicode-3.1 -I/home/igor/wxWidgets/include -D_FILE_OFFSET_BITS=64 -DWXUSINGDLL -D__WXGTK__'
WX_CXXFLAGS='-I/home/igor/wxWidgets/buildGTK2/lib/wx/include/gtk2-unicode-3.1 -I/home/igor/wxWidgets/include -D_FILE_OFFSET_BITS=64 -DWXUSINGDLL -D__WXGTK__ -pthread'
WX_LIBS='-L/home/igor/wxWidgets/buildGTK2/lib -pthread   -Wl,-rpath,/home/igor/wxWidgets/buildGTK2/lib -lwx_gtk2u_xrc-3.1 -lwx_gtk2u_html-3.1 -lwx_gtk2u_qa-3.1 -lwx_gtk2u_adv-3.1 -lwx_gtk2u_core-3.1 -lwx_baseu_xml-3.1 -lwx_baseu_net-3.1 -lwx_baseu-3.1 '
XGETTEXT='/usr/bin/xgettext'
ac_ct_AR='ar'
ac_ct_CC='gcc'
ac_ct_CXX='g++'
ac_ct_DUMPBIN=''
am__EXEEXT_FALSE=''
am__EXEEXT_TRUE='#'
am__fastdepCC_FALSE='#'
am__fastdepCC_TRUE=''
am__fastdepCXX_FALSE='#'
am__fastdepCXX_TRUE=''
am__include='include'
am__isrc=' -I$(srcdir)'
am__leading_dot='.'
am__nodep='_no'
am__quote=''
am__tar='$${TAR-tar} chof - "$$tardir"'
am__untar='$${TAR-tar} xf -'
bindir='${exec_prefix}/bin'
build='x86_64-unknown-linux-gnu'
build_alias=''
build_cpu='x86_64'
build_os='linux-gnu'
build_vendor='unknown'
datadir='${datarootdir}'
datarootdir='${prefix}/share'
docdir='${datarootdir}/doc/${PACKAGE_TARNAME}'
dvidir='${docdir}'
exec_prefix='${prefix}'
host='x86_64-unknown-linux-gnu'
host_alias=''
host_cpu='x86_64'
host_os='linux-gnu'
host_vendor='unknown'
htmldir='${docdir}'
includedir='${prefix}/include'
infodir='${datarootdir}/info'
install_sh='${SHELL} /home/igor/dbhandler/install-sh'
intltool__v_merge_options_0='-q'
intltool__v_merge_options_='$(intltool__v_merge_options_$(AM_DEFAULT_VERBOSITY))'
libdir='${exec_prefix}/lib'
libexecdir='${exec_prefix}/libexec'
localedir='${datarootdir}/locale'
localstatedir='${prefix}/var'
mandir='${datarootdir}/man'
mkdir_p='$(MKDIR_P)'
oldincludedir='/usr/include'
pdfdir='${docdir}'
prefix='/usr/local'
program_transform_name='s,x,x,'
psdir='${docdir}'
sbindir='${exec_prefix}/sbin'
sharedstatedir='${prefix}/com'
sysconfdir='${prefix}/etc'
target_alias=''

## ----------- ##
## confdefs.h. ##
## ----------- ##

/* confdefs.h */
#define PACKAGE_NAME "dbhandler"
#define PACKAGE_TARNAME "dbhandler"
#define PACKAGE_VERSION "0.1"
#define PACKAGE_STRING "dbhandler 0.1"
#define PACKAGE_BUGREPORT ""
#define PACKAGE_URL ""
#define PACKAGE "dbhandler"
#define VERSION "0.1"
#define GETTEXT_PACKAGE "dbhandler"
#define STDC_HEADERS 1
#define HAVE_SYS_TYPES_H 1
#define HAVE_SYS_STAT_H 1
#define HAVE_STDLIB_H 1
#define HAVE_STRING_H 1
#define HAVE_MEMORY_H 1
#define HAVE_STRINGS_H 1
#define HAVE_INTTYPES_H 1
#define HAVE_STDINT_H 1
#define HAVE_UNISTD_H 1
#define HAVE_LOCALE_H 1
#define HAVE_LC_MESSAGES 1
#define HAVE_BIND_TEXTDOMAIN_CODESET 1
#define HAVE_GETTEXT 1
#define HAVE_DCGETTEXT 1
#define ENABLE_NLS 1
#define HAVE_DLFCN_H 1
#define LT_OBJDIR ".libs/"

configure: exit 0
