Build started 7/19/2016 11:29:41 PM.
     1>Project "C:\Users\Igor\OneDrive\Documents\dbhandler_app\libshapeframework\shapeframework.vcxproj" on node 2 (build target(s)).
     1>InitializeBuildStatus:
         Touching "vc_mswuddll\my_dll\shapeframework.unsuccessfulbuild".
       ClCompile:
         All outputs are up-to-date.
         c:\Program Files (x86)\Microsoft Visual Studio 10.0\VC\bin\CL.exe /c /Ic:\wxWidgets\lib\vc_dll\mswud /Ic:\wxWidgets\include /I. /Zi /nologo /W4 /WX- /Od /Oy- /D WXMAKINGDLL_WXXS /D WXMAKINGDLL_WXSF /D WIN32 /D _DEBUG /D _CRT_SECURE_NO_DEPRECATE=1 /D _CRT_NON_CONFORMING_SWPRINTFS=1 /D _SCL_SECURE_NO_WARNINGS=1 /D __WXMSW__ /D _UNICODE /D WXUSINGDLL /D _WINDLL /D _UNICODE /D UNICODE /Gm- /EHsc /RTC1 /MDd /GS /fp:precise /Zc:wchar_t /Zc:forScope /GR /Fo"vc_mswuddll\\" /Fd"vc_mswuddll\shapeframework.pdb" /Gd /TP /analyze- /errorReport:prompt ArrowBase.cpp AutoLayout.cpp BitmapShape.cpp BitmapShapeXml.cpp CanvasHistory.cpp CanvasState.cpp CircleArrow.cpp CircleShape.cpp CommonFcn.cpp ControlShape.cpp CurveShape.cpp DiagramManager.cpp DiamondArrow.cpp DiamondShape.cpp EditTextShape.cpp EllipseShape.cpp FixedRectShape.cpp FlexGridShape.cpp GridShape.cpp LineShape.cpp MultiSelRect.cpp OpenArrow.cpp OrthoShape.cpp PolygonShape.cpp PolygonShapeXml.cpp Printout.cpp RectShape.cpp RoundOrthoShape.cpp RoundRectShape.cpp ScaledDC.cpp SFEvents.cpp ShapeBase.cpp ShapeBaseXml.cpp ShapeCanvas.cpp ShapeDataObject.cpp ShapeDockpoint.cpp ShapeHandle.cpp SolidArrow.cpp TextShape.cpp TextShapeXml.cpp Thumbnail.cpp wxxmlserializer\PropertyIO.cpp wxxmlserializer\XmlSerializer.cpp /MP 
         ArrowBase.cpp
         AutoLayout.cpp
         BitmapShape.cpp
         BitmapShapeXml.cpp
         CanvasHistory.cpp
         CanvasState.cpp
         CircleArrow.cpp
         CircleShape.cpp
         CommonFcn.cpp
         ControlShape.cpp
         CurveShape.cpp
         DiagramManager.cpp
         DiamondArrow.cpp
         DiamondShape.cpp
         EditTextShape.cpp
         EllipseShape.cpp
         FixedRectShape.cpp
         FlexGridShape.cpp
         GridShape.cpp
         LineShape.cpp
         MultiSelRect.cpp
         OpenArrow.cpp
         OrthoShape.cpp
         PolygonShape.cpp
         PolygonShapeXml.cpp
         Printout.cpp
         RectShape.cpp
         RoundOrthoShape.cpp
         RoundRectShape.cpp
         ScaledDC.cpp
         SFEvents.cpp
         ShapeBase.cpp
         ShapeBaseXml.cpp
     1>ShapeBase.cpp(1254): warning C4100: 'pos' : unreferenced formal parameter
         ShapeCanvas.cpp
         ShapeDataObject.cpp
     1>ShapeCanvas.cpp(392): warning C4100: 'fromPaint' : unreferenced formal parameter
     1>ShapeCanvas.cpp(441): warning C4100: 'fromPaint' : unreferenced formal parameter
     1>ShapeCanvas.cpp(441): warning C4100: 'dc' : unreferenced formal parameter
     1>ShapeCanvas.cpp(1155): warning C4100: 'event' : unreferenced formal parameter
     1>ShapeCanvas.cpp(1569): warning C4100: 'virtrct' : unreferenced formal parameter
         ShapeDockpoint.cpp
         ShapeHandle.cpp
     1>ShapeDockpoint.cpp(118): warning C4100: 'dc' : unreferenced formal parameter
         SolidArrow.cpp
         TextShape.cpp
         TextShapeXml.cpp
         Thumbnail.cpp
         PropertyIO.cpp
     1>Thumbnail.cpp(232): warning C4800: 'int' : forcing value to bool 'true' or 'false' (performance warning)
         XmlSerializer.cpp
       ManifestResourceCompile:
         All outputs are up-to-date.
     1>C:\Program Files (x86)\MSBuild\Microsoft.Cpp\v4.0\Microsoft.CppBuild.targets(990,5): warning MSB8012: TargetPath(C:\Users\Igor\OneDrive\Documents\dbhandler_app\libshapeframework\vc_mswuddll\shapeframework.dll) does not match the Linker's OutputFile property value (C:\Users\Igor\OneDrive\Documents\dbhandler_app\dbhandler\vc_mswuddll\shapeframework.dll). This may cause your project to build incorrectly. To correct this, please make sure that $(OutDir), $(TargetName) and $(TargetExt) property values match the value specified in %(Link.OutputFile).
       Link:
         c:\Program Files (x86)\Microsoft Visual Studio 10.0\VC\bin\link.exe /ERRORREPORT:PROMPT /OUT:"..\dbhandler\vc_mswuddll\shapeframework.dll" /INCREMENTAL /NOLOGO /LIBPATH:c:\wxWidgets\lib\vc_dll wxmsw31ud_core.lib wxbase31ud.lib wxbase31ud_xml.lib wxtiffd.lib wxjpegd.lib wxpngd.lib wxzlibd.lib wxregexud.lib wxexpatd.lib kernel32.lib user32.lib gdi32.lib comdlg32.lib winspool.lib winmm.lib shell32.lib shlwapi.lib comctl32.lib ole32.lib oleaut32.lib uuid.lib rpcrt4.lib advapi32.lib version.lib wsock32.lib wininet.lib kernel32.lib user32.lib gdi32.lib winspool.lib comdlg32.lib advapi32.lib shell32.lib ole32.lib oleaut32.lib uuid.lib odbc32.lib odbccp32.lib /MANIFEST /ManifestFile:"vc_mswuddll\shapeframework.dll.intermediate.manifest" /MANIFESTUAC:"level='asInvoker' uiAccess='false'" /DEBUG /PDB:"vc_mswuddll\shapeframeworkl.pdb" /TLBID:1 /DYNAMICBASE /NXCOMPAT /IMPLIB:"vc_mswuddll\shapeframework.lib" /MACHINE:X86 /DLL vc_mswuddll\my_dll\shapeframework.dll.embed.manifest.res
         vc_mswuddll\ArrowBase.obj
         vc_mswuddll\AutoLayout.obj
         vc_mswuddll\BitmapShape.obj
         vc_mswuddll\BitmapShapeXml.obj
         vc_mswuddll\CanvasHistory.obj
         vc_mswuddll\CanvasState.obj
         vc_mswuddll\CircleArrow.obj
         vc_mswuddll\CircleShape.obj
         vc_mswuddll\CommonFcn.obj
         vc_mswuddll\ControlShape.obj
         vc_mswuddll\CurveShape.obj
         vc_mswuddll\DiagramManager.obj
         vc_mswuddll\DiamondArrow.obj
         vc_mswuddll\DiamondShape.obj
         vc_mswuddll\EditTextShape.obj
         vc_mswuddll\EllipseShape.obj
         vc_mswuddll\FixedRectShape.obj
         vc_mswuddll\FlexGridShape.obj
         vc_mswuddll\GridShape.obj
         vc_mswuddll\LineShape.obj
         vc_mswuddll\MultiSelRect.obj
         vc_mswuddll\OpenArrow.obj
         vc_mswuddll\OrthoShape.obj
         vc_mswuddll\PolygonShape.obj
         vc_mswuddll\PolygonShapeXml.obj
         vc_mswuddll\Printout.obj
         vc_mswuddll\RectShape.obj
         vc_mswuddll\RoundOrthoShape.obj
         vc_mswuddll\RoundRectShape.obj
         vc_mswuddll\ScaledDC.obj
         vc_mswuddll\SFEvents.obj
         vc_mswuddll\ShapeBase.obj
         vc_mswuddll\ShapeBaseXml.obj
         vc_mswuddll\ShapeCanvas.obj
         vc_mswuddll\ShapeDataObject.obj
         vc_mswuddll\ShapeDockpoint.obj
         vc_mswuddll\ShapeHandle.obj
         vc_mswuddll\SolidArrow.obj
         vc_mswuddll\TextShape.obj
         vc_mswuddll\TextShapeXml.obj
         vc_mswuddll\Thumbnail.obj
         vc_mswuddll\PropertyIO.obj
         vc_mswuddll\XmlSerializer.obj
            Creating library vc_mswuddll\shapeframework.lib and object vc_mswuddll\shapeframework.exp
       Manifest:
         C:\Program Files (x86)\Microsoft SDKs\Windows\v7.0A\bin\mt.exe /nologo /verbose /out:"vc_mswuddll\my_dll\shapeframework.dll.embed.manifest" /manifest vc_mswuddll\shapeframework.dll.intermediate.manifest
         C:\Program Files (x86)\Microsoft SDKs\Windows\v7.0A\bin\rc.exe /nologo /fo"vc_mswuddll\my_dll\shapeframework.dll.embed.manifest.res" vc_mswuddll\my_dll\shapeframework_manifest.rc 
       LinkEmbedManifest:
         c:\Program Files (x86)\Microsoft Visual Studio 10.0\VC\bin\link.exe /ERRORREPORT:PROMPT /OUT:"..\dbhandler\vc_mswuddll\shapeframework.dll" /INCREMENTAL /NOLOGO /LIBPATH:c:\wxWidgets\lib\vc_dll wxmsw31ud_core.lib wxbase31ud.lib wxbase31ud_xml.lib wxtiffd.lib wxjpegd.lib wxpngd.lib wxzlibd.lib wxregexud.lib wxexpatd.lib kernel32.lib user32.lib gdi32.lib comdlg32.lib winspool.lib winmm.lib shell32.lib shlwapi.lib comctl32.lib ole32.lib oleaut32.lib uuid.lib rpcrt4.lib advapi32.lib version.lib wsock32.lib wininet.lib kernel32.lib user32.lib gdi32.lib winspool.lib comdlg32.lib advapi32.lib shell32.lib ole32.lib oleaut32.lib uuid.lib odbc32.lib odbccp32.lib /MANIFEST /ManifestFile:"vc_mswuddll\shapeframework.dll.intermediate.manifest" /MANIFESTUAC:"level='asInvoker' uiAccess='false'" /DEBUG /PDB:"vc_mswuddll\shapeframeworkl.pdb" /TLBID:1 /DYNAMICBASE /NXCOMPAT /IMPLIB:"vc_mswuddll\shapeframework.lib" /MACHINE:X86 /DLL vc_mswuddll\my_dll\shapeframework.dll.embed.manifest.res
         vc_mswuddll\ArrowBase.obj
         vc_mswuddll\AutoLayout.obj
         vc_mswuddll\BitmapShape.obj
         vc_mswuddll\BitmapShapeXml.obj
         vc_mswuddll\CanvasHistory.obj
         vc_mswuddll\CanvasState.obj
         vc_mswuddll\CircleArrow.obj
         vc_mswuddll\CircleShape.obj
         vc_mswuddll\CommonFcn.obj
         vc_mswuddll\ControlShape.obj
         vc_mswuddll\CurveShape.obj
         vc_mswuddll\DiagramManager.obj
         vc_mswuddll\DiamondArrow.obj
         vc_mswuddll\DiamondShape.obj
         vc_mswuddll\EditTextShape.obj
         vc_mswuddll\EllipseShape.obj
         vc_mswuddll\FixedRectShape.obj
         vc_mswuddll\FlexGridShape.obj
         vc_mswuddll\GridShape.obj
         vc_mswuddll\LineShape.obj
         vc_mswuddll\MultiSelRect.obj
         vc_mswuddll\OpenArrow.obj
         vc_mswuddll\OrthoShape.obj
         vc_mswuddll\PolygonShape.obj
         vc_mswuddll\PolygonShapeXml.obj
         vc_mswuddll\Printout.obj
         vc_mswuddll\RectShape.obj
         vc_mswuddll\RoundOrthoShape.obj
         vc_mswuddll\RoundRectShape.obj
         vc_mswuddll\ScaledDC.obj
         vc_mswuddll\SFEvents.obj
         vc_mswuddll\ShapeBase.obj
         vc_mswuddll\ShapeBaseXml.obj
         vc_mswuddll\ShapeCanvas.obj
         vc_mswuddll\ShapeDataObject.obj
         vc_mswuddll\ShapeDockpoint.obj
         vc_mswuddll\ShapeHandle.obj
         vc_mswuddll\SolidArrow.obj
         vc_mswuddll\TextShape.obj
         vc_mswuddll\TextShapeXml.obj
         vc_mswuddll\Thumbnail.obj
         vc_mswuddll\PropertyIO.obj
         vc_mswuddll\XmlSerializer.obj
            Creating library vc_mswuddll\shapeframework.lib and object vc_mswuddll\shapeframework.exp
         shapeframework.vcxproj -> C:\Users\Igor\OneDrive\Documents\dbhandler_app\libshapeframework\vc_mswuddll\shapeframework.dll
       FinalizeBuildStatus:
         Deleting file "vc_mswuddll\my_dll\shapeframework.unsuccessfulbuild".
         Touching "vc_mswuddll\my_dll\shapeframework.lastbuildstate".
     1>Done Building Project "C:\Users\Igor\OneDrive\Documents\dbhandler_app\libshapeframework\shapeframework.vcxproj" (build target(s)).

Build succeeded.

Time Elapsed 00:04:04.74
