C:\Users\Igor\OneDrive\Documents\dbhandler_app\dialogs\vc_mswuddll\dialogs.exp
C:\Users\Igor\OneDrive\Documents\dbhandler_app\dialogs\vc_mswuddll\dialogs.lib
C:\USERS\IGOR\ONEDRIVE\DOCUMENTS\DBHANDLER_APP\DIALOGS\VC_MSWUDDLL\DIALOGS.PDB
C:\Users\Igor\OneDrive\Documents\dbhandler_app\dialogs\vc_mswuddll\my_dll\CL.3556.read.1.tlog
C:\Users\Igor\OneDrive\Documents\dbhandler_app\dialogs\vc_mswuddll\my_dll\CL.3556.write.1.tlog
C:\Users\Igor\OneDrive\Documents\dbhandler_app\dialogs\vc_mswuddll\my_dll\CL.3972.read.1.tlog
C:\Users\Igor\OneDrive\Documents\dbhandler_app\dialogs\vc_mswuddll\my_dll\CL.3972.write.1.tlog
C:\Users\Igor\OneDrive\Documents\dbhandler_app\dialogs\vc_mswuddll\my_dll\CL.6584.read.1.tlog
C:\Users\Igor\OneDrive\Documents\dbhandler_app\dialogs\vc_mswuddll\my_dll\CL.6584.write.1.tlog
C:\Users\Igor\OneDrive\Documents\dbhandler_app\dialogs\vc_mswuddll\my_dll\CL.6616.read.1.tlog
C:\Users\Igor\OneDrive\Documents\dbhandler_app\dialogs\vc_mswuddll\my_dll\CL.6616.write.1.tlog
C:\Users\Igor\OneDrive\Documents\dbhandler_app\dialogs\vc_mswuddll\my_dll\cl.command.1.tlog
C:\Users\Igor\OneDrive\Documents\dbhandler_app\dialogs\vc_mswuddll\my_dll\CL.read.1.tlog
C:\Users\Igor\OneDrive\Documents\dbhandler_app\dialogs\vc_mswuddll\my_dll\cl.write.1.tlog
C:\USERS\IGOR\ONEDRIVE\DOCUMENTS\DBHANDLER_APP\DIALOGS\VC_MSWUDDLL\MY_DLL\DATABASETYPE.OBJ
C:\USERS\IGOR\ONEDRIVE\DOCUMENTS\DBHANDLER_APP\DIALOGS\VC_MSWUDDLL\MY_DLL\DIALOGS.DLL.EMBED.MANIFEST
C:\USERS\IGOR\ONEDRIVE\DOCUMENTS\DBHANDLER_APP\DIALOGS\VC_MSWUDDLL\MY_DLL\DIALOGS.DLL.EMBED.MANIFEST.RES
C:\USERS\IGOR\ONEDRIVE\DOCUMENTS\DBHANDLER_APP\DIALOGS\VC_MSWUDDLL\MY_DLL\DIALOGS.DLL.INTERMEDIATE.MANIFEST
C:\USERS\IGOR\ONEDRIVE\DOCUMENTS\DBHANDLER_APP\DIALOGS\VC_MSWUDDLL\MY_DLL\DIALOGS.OBJ
C:\Users\Igor\OneDrive\Documents\dbhandler_app\dialogs\vc_mswuddll\my_dll\dialogs.write.1.tlog
C:\Users\Igor\OneDrive\Documents\dbhandler_app\dialogs\vc_mswuddll\my_dll\dialogs_manifest.rc
C:\Users\Igor\OneDrive\Documents\dbhandler_app\dialogs\vc_mswuddll\my_dll\dll_vc9_my_dll.vcxprojResolveAssemblyReference.cache
C:\Users\Igor\OneDrive\Documents\dbhandler_app\dialogs\vc_mswuddll\my_dll\link.4992.read.1.tlog
C:\Users\Igor\OneDrive\Documents\dbhandler_app\dialogs\vc_mswuddll\my_dll\link.4992.write.1.tlog
C:\Users\Igor\OneDrive\Documents\dbhandler_app\dialogs\vc_mswuddll\my_dll\link.4992-cvtres.read.1.tlog
C:\Users\Igor\OneDrive\Documents\dbhandler_app\dialogs\vc_mswuddll\my_dll\link.4992-cvtres.write.1.tlog
C:\Users\Igor\OneDrive\Documents\dbhandler_app\dialogs\vc_mswuddll\my_dll\link.command.1.tlog
C:\Users\Igor\OneDrive\Documents\dbhandler_app\dialogs\vc_mswuddll\my_dll\link.read.1.tlog
C:\Users\Igor\OneDrive\Documents\dbhandler_app\dialogs\vc_mswuddll\my_dll\link.write.1.tlog
C:\Users\Igor\OneDrive\Documents\dbhandler_app\dialogs\vc_mswuddll\my_dll\link-cvtres.read.1.tlog
C:\Users\Igor\OneDrive\Documents\dbhandler_app\dialogs\vc_mswuddll\my_dll\link-cvtres.write.1.tlog
C:\Users\Igor\OneDrive\Documents\dbhandler_app\dialogs\vc_mswuddll\my_dll\mt.command.1.tlog
C:\Users\Igor\OneDrive\Documents\dbhandler_app\dialogs\vc_mswuddll\my_dll\mt.read.1.tlog
C:\Users\Igor\OneDrive\Documents\dbhandler_app\dialogs\vc_mswuddll\my_dll\mt.write.1.tlog
C:\USERS\IGOR\ONEDRIVE\DOCUMENTS\DBHANDLER_APP\DIALOGS\VC_MSWUDDLL\MY_DLL\ODBCCONFIGURE.OBJ
C:\Users\Igor\OneDrive\Documents\dbhandler_app\dialogs\vc_mswuddll\my_dll\rc.command.1.tlog
C:\Users\Igor\OneDrive\Documents\dbhandler_app\dialogs\vc_mswuddll\my_dll\rc.read.1.tlog
C:\Users\Igor\OneDrive\Documents\dbhandler_app\dialogs\vc_mswuddll\my_dll\rc.write.1.tlog
C:\Users\Igor\OneDrive\Documents\dbhandler_app\dialogs\vc_mswuddll\my_dll\selecttables.obj
C:\USERS\IGOR\ONEDRIVE\DOCUMENTS\DBHANDLER_APP\DOCVIEW\VC_MSWUDDLL\DIALOGS.DLL
C:\USERS\IGOR\ONEDRIVE\DOCUMENTS\DBHANDLER_APP\DOCVIEW\VC_MSWUDDLL\DIALOGS.ILK
vc_mswuddll\dialogs.pdb
