C:\USERS\IGOR\ONEDRIVE\DOCUMENTS\DBHANDLER_APP\DOCVIEW\VC_MSWUDDLL\DOCVIEW.EXE
C:\Users\Igor\OneDrive\Documents\dbhandler_app\docview\vc_mswuddll\docview.exp
C:\USERS\IGOR\ONEDRIVE\DOCUMENTS\DBHANDLER_APP\DOCVIEW\VC_MSWUDDLL\DOCVIEW.ILK
C:\Users\Igor\OneDrive\Documents\dbhandler_app\docview\vc_mswuddll\docview.lib
C:\USERS\IGOR\ONEDRIVE\DOCUMENTS\DBHANDLER_APP\DOCVIEW\VC_MSWUDDLL\DOCVIEW.PDB
C:\Users\Igor\OneDrive\Documents\dbhandler_app\docview\vc_mswuddll\docview\CL.14664.read.1.tlog
C:\Users\Igor\OneDrive\Documents\dbhandler_app\docview\vc_mswuddll\docview\CL.14664.write.1.tlog
C:\Users\Igor\OneDrive\Documents\dbhandler_app\docview\vc_mswuddll\docview\CL.15920.read.1.tlog
C:\Users\Igor\OneDrive\Documents\dbhandler_app\docview\vc_mswuddll\docview\CL.15920.write.1.tlog
C:\Users\Igor\OneDrive\Documents\dbhandler_app\docview\vc_mswuddll\docview\cl.command.1.tlog
C:\Users\Igor\OneDrive\Documents\dbhandler_app\docview\vc_mswuddll\docview\CL.read.1.tlog
C:\Users\Igor\OneDrive\Documents\dbhandler_app\docview\vc_mswuddll\docview\cl.write.1.tlog
C:\Users\Igor\OneDrive\Documents\dbhandler_app\docview\vc_mswuddll\docview\doc.obj
C:\USERS\IGOR\ONEDRIVE\DOCUMENTS\DBHANDLER_APP\DOCVIEW\VC_MSWUDDLL\DOCVIEW\DOCVIEW.EXE.EMBED.MANIFEST
C:\USERS\IGOR\ONEDRIVE\DOCUMENTS\DBHANDLER_APP\DOCVIEW\VC_MSWUDDLL\DOCVIEW\DOCVIEW.EXE.EMBED.MANIFEST.RES
C:\USERS\IGOR\ONEDRIVE\DOCUMENTS\DBHANDLER_APP\DOCVIEW\VC_MSWUDDLL\DOCVIEW\DOCVIEW.EXE.INTERMEDIATE.MANIFEST
C:\Users\Igor\OneDrive\Documents\dbhandler_app\docview\vc_mswuddll\docview\docview.obj
C:\USERS\IGOR\ONEDRIVE\DOCUMENTS\DBHANDLER_APP\DOCVIEW\VC_MSWUDDLL\DOCVIEW\DOCVIEW.RES
C:\Users\Igor\OneDrive\Documents\dbhandler_app\docview\vc_mswuddll\docview\docview.write.1.tlog
C:\Users\Igor\OneDrive\Documents\dbhandler_app\docview\vc_mswuddll\docview\docview_manifest.rc
C:\Users\Igor\OneDrive\Documents\dbhandler_app\docview\vc_mswuddll\docview\link.command.1.tlog
C:\Users\Igor\OneDrive\Documents\dbhandler_app\docview\vc_mswuddll\docview\link.read.1.tlog
C:\Users\Igor\OneDrive\Documents\dbhandler_app\docview\vc_mswuddll\docview\link.write.1.tlog
C:\Users\Igor\OneDrive\Documents\dbhandler_app\docview\vc_mswuddll\docview\link-cvtres.read.1.tlog
C:\Users\Igor\OneDrive\Documents\dbhandler_app\docview\vc_mswuddll\docview\link-cvtres.write.1.tlog
C:\Users\Igor\OneDrive\Documents\dbhandler_app\docview\vc_mswuddll\docview\mainframe.obj
C:\Users\Igor\OneDrive\Documents\dbhandler_app\docview\vc_mswuddll\docview\mt.command.1.tlog
C:\Users\Igor\OneDrive\Documents\dbhandler_app\docview\vc_mswuddll\docview\mt.read.1.tlog
C:\Users\Igor\OneDrive\Documents\dbhandler_app\docview\vc_mswuddll\docview\mt.write.1.tlog
C:\Users\Igor\OneDrive\Documents\dbhandler_app\docview\vc_mswuddll\docview\rc.command.1.tlog
C:\Users\Igor\OneDrive\Documents\dbhandler_app\docview\vc_mswuddll\docview\rc.read.1.tlog
C:\Users\Igor\OneDrive\Documents\dbhandler_app\docview\vc_mswuddll\docview\rc.write.1.tlog
C:\Users\Igor\OneDrive\Documents\dbhandler_app\docview\vc_mswuddll\docview\view.obj
C:\Users\Igor\OneDrive\Documents\dbhandler_app\docview\vc_mswuddll\docview\viewbase.obj
vc_mswuddll\docview.ilk
vc_mswuddll\docview.pdb
