Build started 5/22/2016 12:24:41 AM.
     1>Project "C:\Users\Igor\OneDrive\Documents\dbhandler_app\docview\docview_vc9.vcxproj" on node 2 (build target(s)).
     1>InitializeBuildStatus:
         Creating "vc_mswuddll\docview\docview.unsuccessfulbuild" because "AlwaysCreate" was specified.
       ClCompile:
         All outputs are up-to-date.
       ResourceCompile:
         All outputs are up-to-date.
       ManifestResourceCompile:
         All outputs are up-to-date.
       Link:
         c:\Program Files (x86)\Microsoft Visual Studio 10.0\VC\bin\link.exe /ERRORREPORT:PROMPT /OUT:"vc_mswuddll\docview.exe" /INCREMENTAL /NOLOGO /LIBPATH:.\Debug /LIBPATH:c:\wxWidgets\lib\vc_dll dbinterface.lib wxmsw31ud_core.lib wxbase31ud.lib wxtiffd.lib wxjpegd.lib wxpngd.lib wxzlibd.lib wxregexud.lib wxexpatd.lib kernel32.lib user32.lib gdi32.lib comdlg32.lib winspool.lib winmm.lib shell32.lib shlwapi.lib comctl32.lib ole32.lib oleaut32.lib uuid.lib rpcrt4.lib advapi32.lib version.lib wsock32.lib wininet.lib kernel32.lib user32.lib gdi32.lib winspool.lib comdlg32.lib advapi32.lib shell32.lib ole32.lib oleaut32.lib uuid.lib odbc32.lib odbccp32.lib /MANIFEST /ManifestFile:"vc_mswuddll\docview\docview.exe.intermediate.manifest" /MANIFESTUAC:"level='asInvoker' uiAccess='false'" /DEBUG /PDB:"vc_mswuddll\docview.pdb" /SUBSYSTEM:WINDOWS /TLBID:1 /DYNAMICBASE /NXCOMPAT /IMPLIB:"vc_mswuddll\docview.lib" /MACHINE:X86 vc_mswuddll\docview\docview.res
         vc_mswuddll\docview\docview.exe.embed.manifest.res
         vc_mswuddll\docview\doc.obj
         vc_mswuddll\docview\docview.obj
         vc_mswuddll\docview\mainframe.obj
         vc_mswuddll\docview\view.obj
         vc_mswuddll\docview\viewbase.obj
       Manifest:
         C:\Program Files (x86)\Microsoft SDKs\Windows\v7.0A\bin\mt.exe /nologo /verbose /out:"vc_mswuddll\docview\docview.exe.embed.manifest" /manifest vc_mswuddll\docview\docview.exe.intermediate.manifest
         All outputs are up-to-date.
       LinkEmbedManifest:
         All outputs are up-to-date.
         docview_vc9.vcxproj -> C:\Users\Igor\OneDrive\Documents\dbhandler_app\docview\vc_mswuddll\docview.exe
       FinalizeBuildStatus:
         Deleting file "vc_mswuddll\docview\docview.unsuccessfulbuild".
         Touching "vc_mswuddll\docview\docview.lastbuildstate".
     1>Done Building Project "C:\Users\Igor\OneDrive\Documents\dbhandler_app\docview\docview_vc9.vcxproj" (build target(s)).

Build succeeded.

Time Elapsed 00:00:04.06
