Build started 5/22/2016 12:24:30 AM.
     1>Project "C:\Users\Igor\OneDrive\Documents\dbhandler_app\sqlite_dll\sqlite.vcxproj" on node 3 (build target(s)).
     1>InitializeBuildStatus:
         Creating "vc_mswud\my_dll\sqlite.unsuccessfulbuild" because "AlwaysCreate" was specified.
       ClCompile:
         All outputs are up-to-date.
         All outputs are up-to-date.
       ManifestResourceCompile:
         All outputs are up-to-date.
     1>C:\Program Files (x86)\MSBuild\Microsoft.Cpp\v4.0\Microsoft.CppBuild.targets(990,5): warning MSB8012: TargetPath(C:\Users\Igor\OneDrive\Documents\dbhandler_app\sqlite_dll\vc_mswud\sqlite.dll) does not match the Linker's OutputFile property value (C:\Users\Igor\OneDrive\Documents\dbhandler_app\docview\vc_mswuddll\sqlite.dll). This may cause your project to build incorrectly. To correct this, please make sure that $(OutDir), $(TargetName) and $(TargetExt) property values match the value specified in %(Link.OutputFile).
       Link:
         c:\Program Files (x86)\Microsoft Visual Studio 10.0\VC\bin\link.exe /ERRORREPORT:PROMPT /OUT:"..\docview\vc_mswuddll\sqlite.dll" /INCREMENTAL /NOLOGO /LIBPATH:"vc_mswud\\" /LIBPATH:..\docview\Debug dbinterface.lib kernel32.lib user32.lib gdi32.lib comdlg32.lib winspool.lib winmm.lib shell32.lib shlwapi.lib comctl32.lib ole32.lib oleaut32.lib uuid.lib rpcrt4.lib advapi32.lib version.lib wsock32.lib wininet.lib kernel32.lib user32.lib gdi32.lib winspool.lib comdlg32.lib advapi32.lib shell32.lib ole32.lib oleaut32.lib uuid.lib odbc32.lib odbccp32.lib /MANIFEST /ManifestFile:"vc_mswud\my_dll\sqlite.dll.intermediate.manifest" /MANIFESTUAC:"level='asInvoker' uiAccess='false'" /DEBUG /PDB:"vc_mswud\sqlite_dll.pdb" /TLBID:1 /DYNAMICBASE /NXCOMPAT /IMPLIB:"vc_mswud\sqlite_dll.lib" /MACHINE:X86 /DLL vc_mswud\my_dll\sqlite.dll.embed.manifest.res
         vc_mswud\my_dll\database_sqlite.obj
         vc_mswud\my_dll\sqlite.obj
         vc_mswud\my_dll\sqlite3.obj
       Manifest:
         C:\Program Files (x86)\Microsoft SDKs\Windows\v7.0A\bin\mt.exe /nologo /verbose /out:"vc_mswud\my_dll\sqlite.dll.embed.manifest" /manifest vc_mswud\my_dll\sqlite.dll.intermediate.manifest
         All outputs are up-to-date.
       LinkEmbedManifest:
         All outputs are up-to-date.
         sqlite.vcxproj -> C:\Users\Igor\OneDrive\Documents\dbhandler_app\sqlite_dll\vc_mswud\sqlite.dll
       FinalizeBuildStatus:
         Deleting file "vc_mswud\my_dll\sqlite.unsuccessfulbuild".
         Touching "vc_mswud\my_dll\sqlite.lastbuildstate".
     1>Done Building Project "C:\Users\Igor\OneDrive\Documents\dbhandler_app\sqlite_dll\sqlite.vcxproj" (build target(s)).

Build succeeded.

Time Elapsed 00:00:08.20
