C:\USERS\IGOR\ONEDRIVE\DOCUMENTS\DBHANDLER_APP\DOCVIEW\VC_MSWUDDLL\SQLITE.DLL
C:\USERS\IGOR\ONEDRIVE\DOCUMENTS\DBHANDLER_APP\DOCVIEW\VC_MSWUDDLL\SQLITE.ILK
C:\USERS\IGOR\ONEDRIVE\DOCUMENTS\DBHANDLER_APP\SQLITE_DLL\VC_MSWUD\MY_DLL.PDB
C:\Users\Igor\OneDrive\Documents\dbhandler_app\sqlite_dll\vc_mswud\my_dll\CL.13900.read.1.tlog
C:\Users\Igor\OneDrive\Documents\dbhandler_app\sqlite_dll\vc_mswud\my_dll\CL.13900.write.1.tlog
C:\Users\Igor\OneDrive\Documents\dbhandler_app\sqlite_dll\vc_mswud\my_dll\CL.15876.read.1.tlog
C:\Users\Igor\OneDrive\Documents\dbhandler_app\sqlite_dll\vc_mswud\my_dll\CL.15876.write.1.tlog
C:\Users\Igor\OneDrive\Documents\dbhandler_app\sqlite_dll\vc_mswud\my_dll\cl.command.1.tlog
C:\Users\Igor\OneDrive\Documents\dbhandler_app\sqlite_dll\vc_mswud\my_dll\CL.read.1.tlog
C:\Users\Igor\OneDrive\Documents\dbhandler_app\sqlite_dll\vc_mswud\my_dll\cl.write.1.tlog
C:\Users\Igor\OneDrive\Documents\dbhandler_app\sqlite_dll\vc_mswud\my_dll\database_sqlite.obj
C:\Users\Igor\OneDrive\Documents\dbhandler_app\sqlite_dll\vc_mswud\my_dll\link.15660.read.1.tlog
C:\Users\Igor\OneDrive\Documents\dbhandler_app\sqlite_dll\vc_mswud\my_dll\link.15660.write.1.tlog
C:\Users\Igor\OneDrive\Documents\dbhandler_app\sqlite_dll\vc_mswud\my_dll\link.15660-cvtres.read.1.tlog
C:\Users\Igor\OneDrive\Documents\dbhandler_app\sqlite_dll\vc_mswud\my_dll\link.15660-cvtres.write.1.tlog
C:\Users\Igor\OneDrive\Documents\dbhandler_app\sqlite_dll\vc_mswud\my_dll\link.command.1.tlog
C:\Users\Igor\OneDrive\Documents\dbhandler_app\sqlite_dll\vc_mswud\my_dll\link.read.1.tlog
C:\Users\Igor\OneDrive\Documents\dbhandler_app\sqlite_dll\vc_mswud\my_dll\link.write.1.tlog
C:\Users\Igor\OneDrive\Documents\dbhandler_app\sqlite_dll\vc_mswud\my_dll\link-cvtres.read.1.tlog
C:\Users\Igor\OneDrive\Documents\dbhandler_app\sqlite_dll\vc_mswud\my_dll\link-cvtres.write.1.tlog
C:\Users\Igor\OneDrive\Documents\dbhandler_app\sqlite_dll\vc_mswud\my_dll\mt.command.1.tlog
C:\Users\Igor\OneDrive\Documents\dbhandler_app\sqlite_dll\vc_mswud\my_dll\mt.read.1.tlog
C:\Users\Igor\OneDrive\Documents\dbhandler_app\sqlite_dll\vc_mswud\my_dll\mt.write.1.tlog
C:\Users\Igor\OneDrive\Documents\dbhandler_app\sqlite_dll\vc_mswud\my_dll\rc.command.1.tlog
C:\Users\Igor\OneDrive\Documents\dbhandler_app\sqlite_dll\vc_mswud\my_dll\rc.read.1.tlog
C:\Users\Igor\OneDrive\Documents\dbhandler_app\sqlite_dll\vc_mswud\my_dll\rc.write.1.tlog
C:\USERS\IGOR\ONEDRIVE\DOCUMENTS\DBHANDLER_APP\SQLITE_DLL\VC_MSWUD\MY_DLL\SQLITE.DLL.EMBED.MANIFEST
C:\USERS\IGOR\ONEDRIVE\DOCUMENTS\DBHANDLER_APP\SQLITE_DLL\VC_MSWUD\MY_DLL\SQLITE.DLL.EMBED.MANIFEST.RES
C:\USERS\IGOR\ONEDRIVE\DOCUMENTS\DBHANDLER_APP\SQLITE_DLL\VC_MSWUD\MY_DLL\SQLITE.DLL.INTERMEDIATE.MANIFEST
C:\Users\Igor\OneDrive\Documents\dbhandler_app\sqlite_dll\vc_mswud\my_dll\sqlite.obj
C:\Users\Igor\OneDrive\Documents\dbhandler_app\sqlite_dll\vc_mswud\my_dll\sqlite.vcxprojResolveAssemblyReference.cache
C:\Users\Igor\OneDrive\Documents\dbhandler_app\sqlite_dll\vc_mswud\my_dll\sqlite.write.1.tlog
C:\Users\Igor\OneDrive\Documents\dbhandler_app\sqlite_dll\vc_mswud\my_dll\sqlite_manifest.rc
C:\USERS\IGOR\ONEDRIVE\DOCUMENTS\DBHANDLER_APP\SQLITE_DLL\VC_MSWUD\MY_DLL\SQLITE3.OBJ
C:\Users\Igor\OneDrive\Documents\dbhandler_app\sqlite_dll\vc_mswud\sqlite_dll.exp
C:\Users\Igor\OneDrive\Documents\dbhandler_app\sqlite_dll\vc_mswud\sqlite_dll.lib
C:\USERS\IGOR\ONEDRIVE\DOCUMENTS\DBHANDLER_APP\SQLITE_DLL\VC_MSWUD\SQLITE_DLL.PDB
