C:\Users\Igor\OneDrive\Documents\dbhandler_app\dialogs\vc_mswud\my_dll.exp
C:\Users\Igor\OneDrive\Documents\dbhandler_app\dialogs\vc_mswud\my_dll.lib
C:\USERS\IGOR\ONEDRIVE\DOCUMENTS\DBHANDLER_APP\DIALOGS\VC_MSWUD\MY_DLL.PDB
C:\Users\Igor\OneDrive\Documents\dbhandler_app\dialogs\vc_mswud\my_dll\CL.1424.read.1.tlog
C:\Users\Igor\OneDrive\Documents\dbhandler_app\dialogs\vc_mswud\my_dll\CL.1424.write.1.tlog
C:\Users\Igor\OneDrive\Documents\dbhandler_app\dialogs\vc_mswud\my_dll\CL.1588.read.1.tlog
C:\Users\Igor\OneDrive\Documents\dbhandler_app\dialogs\vc_mswud\my_dll\CL.1588.write.1.tlog
C:\Users\Igor\OneDrive\Documents\dbhandler_app\dialogs\vc_mswud\my_dll\CL.1916.read.1.tlog
C:\Users\Igor\OneDrive\Documents\dbhandler_app\dialogs\vc_mswud\my_dll\CL.1916.write.1.tlog
C:\Users\Igor\OneDrive\Documents\dbhandler_app\dialogs\vc_mswud\my_dll\CL.2324.read.1.tlog
C:\Users\Igor\OneDrive\Documents\dbhandler_app\dialogs\vc_mswud\my_dll\CL.2324.write.1.tlog
C:\Users\Igor\OneDrive\Documents\dbhandler_app\dialogs\vc_mswud\my_dll\CL.2524.read.1.tlog
C:\Users\Igor\OneDrive\Documents\dbhandler_app\dialogs\vc_mswud\my_dll\CL.2524.write.1.tlog
C:\Users\Igor\OneDrive\Documents\dbhandler_app\dialogs\vc_mswud\my_dll\CL.2612.read.1.tlog
C:\Users\Igor\OneDrive\Documents\dbhandler_app\dialogs\vc_mswud\my_dll\CL.2612.write.1.tlog
C:\Users\Igor\OneDrive\Documents\dbhandler_app\dialogs\vc_mswud\my_dll\CL.2656.read.1.tlog
C:\Users\Igor\OneDrive\Documents\dbhandler_app\dialogs\vc_mswud\my_dll\CL.2656.write.1.tlog
C:\Users\Igor\OneDrive\Documents\dbhandler_app\dialogs\vc_mswud\my_dll\CL.3044.read.1.tlog
C:\Users\Igor\OneDrive\Documents\dbhandler_app\dialogs\vc_mswud\my_dll\CL.3044.write.1.tlog
C:\Users\Igor\OneDrive\Documents\dbhandler_app\dialogs\vc_mswud\my_dll\CL.3104.read.1.tlog
C:\Users\Igor\OneDrive\Documents\dbhandler_app\dialogs\vc_mswud\my_dll\CL.3104.write.1.tlog
C:\Users\Igor\OneDrive\Documents\dbhandler_app\dialogs\vc_mswud\my_dll\CL.3128.read.1.tlog
C:\Users\Igor\OneDrive\Documents\dbhandler_app\dialogs\vc_mswud\my_dll\CL.3128.write.1.tlog
C:\Users\Igor\OneDrive\Documents\dbhandler_app\dialogs\vc_mswud\my_dll\CL.3308.read.1.tlog
C:\Users\Igor\OneDrive\Documents\dbhandler_app\dialogs\vc_mswud\my_dll\CL.3308.write.1.tlog
C:\Users\Igor\OneDrive\Documents\dbhandler_app\dialogs\vc_mswud\my_dll\CL.348.read.1.tlog
C:\Users\Igor\OneDrive\Documents\dbhandler_app\dialogs\vc_mswud\my_dll\CL.348.write.1.tlog
C:\Users\Igor\OneDrive\Documents\dbhandler_app\dialogs\vc_mswud\my_dll\CL.3644.read.1.tlog
C:\Users\Igor\OneDrive\Documents\dbhandler_app\dialogs\vc_mswud\my_dll\CL.3644.write.1.tlog
C:\Users\Igor\OneDrive\Documents\dbhandler_app\dialogs\vc_mswud\my_dll\CL.3648.read.1.tlog
C:\Users\Igor\OneDrive\Documents\dbhandler_app\dialogs\vc_mswud\my_dll\CL.3648.write.1.tlog
C:\Users\Igor\OneDrive\Documents\dbhandler_app\dialogs\vc_mswud\my_dll\CL.3976.read.1.tlog
C:\Users\Igor\OneDrive\Documents\dbhandler_app\dialogs\vc_mswud\my_dll\CL.3976.write.1.tlog
C:\Users\Igor\OneDrive\Documents\dbhandler_app\dialogs\vc_mswud\my_dll\CL.4216.read.1.tlog
C:\Users\Igor\OneDrive\Documents\dbhandler_app\dialogs\vc_mswud\my_dll\CL.4216.write.1.tlog
C:\Users\Igor\OneDrive\Documents\dbhandler_app\dialogs\vc_mswud\my_dll\CL.4436.read.1.tlog
C:\Users\Igor\OneDrive\Documents\dbhandler_app\dialogs\vc_mswud\my_dll\CL.4436.write.1.tlog
C:\Users\Igor\OneDrive\Documents\dbhandler_app\dialogs\vc_mswud\my_dll\CL.4748.read.1.tlog
C:\Users\Igor\OneDrive\Documents\dbhandler_app\dialogs\vc_mswud\my_dll\CL.4748.write.1.tlog
C:\Users\Igor\OneDrive\Documents\dbhandler_app\dialogs\vc_mswud\my_dll\CL.4960.read.1.tlog
C:\Users\Igor\OneDrive\Documents\dbhandler_app\dialogs\vc_mswud\my_dll\CL.4960.write.1.tlog
C:\Users\Igor\OneDrive\Documents\dbhandler_app\dialogs\vc_mswud\my_dll\CL.5076.read.1.tlog
C:\Users\Igor\OneDrive\Documents\dbhandler_app\dialogs\vc_mswud\my_dll\CL.5076.write.1.tlog
C:\Users\Igor\OneDrive\Documents\dbhandler_app\dialogs\vc_mswud\my_dll\CL.5108.read.1.tlog
C:\Users\Igor\OneDrive\Documents\dbhandler_app\dialogs\vc_mswud\my_dll\CL.5108.write.1.tlog
C:\Users\Igor\OneDrive\Documents\dbhandler_app\dialogs\vc_mswud\my_dll\CL.5132.read.1.tlog
C:\Users\Igor\OneDrive\Documents\dbhandler_app\dialogs\vc_mswud\my_dll\CL.5132.write.1.tlog
C:\Users\Igor\OneDrive\Documents\dbhandler_app\dialogs\vc_mswud\my_dll\CL.5336.read.1.tlog
C:\Users\Igor\OneDrive\Documents\dbhandler_app\dialogs\vc_mswud\my_dll\CL.5336.write.1.tlog
C:\Users\Igor\OneDrive\Documents\dbhandler_app\dialogs\vc_mswud\my_dll\CL.5676.read.1.tlog
C:\Users\Igor\OneDrive\Documents\dbhandler_app\dialogs\vc_mswud\my_dll\CL.5676.write.1.tlog
C:\Users\Igor\OneDrive\Documents\dbhandler_app\dialogs\vc_mswud\my_dll\CL.5744.read.1.tlog
C:\Users\Igor\OneDrive\Documents\dbhandler_app\dialogs\vc_mswud\my_dll\CL.5744.write.1.tlog
C:\Users\Igor\OneDrive\Documents\dbhandler_app\dialogs\vc_mswud\my_dll\CL.5896.read.1.tlog
C:\Users\Igor\OneDrive\Documents\dbhandler_app\dialogs\vc_mswud\my_dll\CL.5896.write.1.tlog
C:\Users\Igor\OneDrive\Documents\dbhandler_app\dialogs\vc_mswud\my_dll\CL.6164.read.1.tlog
C:\Users\Igor\OneDrive\Documents\dbhandler_app\dialogs\vc_mswud\my_dll\CL.6164.write.1.tlog
C:\Users\Igor\OneDrive\Documents\dbhandler_app\dialogs\vc_mswud\my_dll\CL.6444.read.1.tlog
C:\Users\Igor\OneDrive\Documents\dbhandler_app\dialogs\vc_mswud\my_dll\CL.6444.write.1.tlog
C:\Users\Igor\OneDrive\Documents\dbhandler_app\dialogs\vc_mswud\my_dll\CL.6684.read.1.tlog
C:\Users\Igor\OneDrive\Documents\dbhandler_app\dialogs\vc_mswud\my_dll\CL.6684.write.1.tlog
C:\Users\Igor\OneDrive\Documents\dbhandler_app\dialogs\vc_mswud\my_dll\CL.692.read.1.tlog
C:\Users\Igor\OneDrive\Documents\dbhandler_app\dialogs\vc_mswud\my_dll\CL.692.write.1.tlog
C:\Users\Igor\OneDrive\Documents\dbhandler_app\dialogs\vc_mswud\my_dll\CL.7316.read.1.tlog
C:\Users\Igor\OneDrive\Documents\dbhandler_app\dialogs\vc_mswud\my_dll\CL.7316.write.1.tlog
C:\Users\Igor\OneDrive\Documents\dbhandler_app\dialogs\vc_mswud\my_dll\CL.7512.read.1.tlog
C:\Users\Igor\OneDrive\Documents\dbhandler_app\dialogs\vc_mswud\my_dll\CL.7512.write.1.tlog
C:\Users\Igor\OneDrive\Documents\dbhandler_app\dialogs\vc_mswud\my_dll\CL.7576.read.1.tlog
C:\Users\Igor\OneDrive\Documents\dbhandler_app\dialogs\vc_mswud\my_dll\CL.7576.write.1.tlog
C:\Users\Igor\OneDrive\Documents\dbhandler_app\dialogs\vc_mswud\my_dll\CL.7688.read.1.tlog
C:\Users\Igor\OneDrive\Documents\dbhandler_app\dialogs\vc_mswud\my_dll\CL.7688.write.1.tlog
C:\Users\Igor\OneDrive\Documents\dbhandler_app\dialogs\vc_mswud\my_dll\CL.7796.read.1.tlog
C:\Users\Igor\OneDrive\Documents\dbhandler_app\dialogs\vc_mswud\my_dll\CL.7796.write.1.tlog
C:\Users\Igor\OneDrive\Documents\dbhandler_app\dialogs\vc_mswud\my_dll\CL.7820.read.1.tlog
C:\Users\Igor\OneDrive\Documents\dbhandler_app\dialogs\vc_mswud\my_dll\CL.7820.write.1.tlog
C:\Users\Igor\OneDrive\Documents\dbhandler_app\dialogs\vc_mswud\my_dll\cl.command.1.tlog
C:\Users\Igor\OneDrive\Documents\dbhandler_app\dialogs\vc_mswud\my_dll\CL.read.1.tlog
C:\Users\Igor\OneDrive\Documents\dbhandler_app\dialogs\vc_mswud\my_dll\cl.write.1.tlog
C:\USERS\IGOR\ONEDRIVE\DOCUMENTS\DBHANDLER_APP\DIALOGS\VC_MSWUD\MY_DLL\DIALOGS.OBJ
C:\Users\Igor\OneDrive\Documents\dbhandler_app\dialogs\vc_mswud\my_dll\dll_vc9_my_dll.vcxprojResolveAssemblyReference.cache
C:\Users\Igor\OneDrive\Documents\dbhandler_app\dialogs\vc_mswud\my_dll\link.3308.read.1.tlog
C:\Users\Igor\OneDrive\Documents\dbhandler_app\dialogs\vc_mswud\my_dll\link.3308.write.1.tlog
C:\Users\Igor\OneDrive\Documents\dbhandler_app\dialogs\vc_mswud\my_dll\link.3308-cvtres.read.1.tlog
C:\Users\Igor\OneDrive\Documents\dbhandler_app\dialogs\vc_mswud\my_dll\link.3308-cvtres.write.1.tlog
C:\Users\Igor\OneDrive\Documents\dbhandler_app\dialogs\vc_mswud\my_dll\link.3624.read.1.tlog
C:\Users\Igor\OneDrive\Documents\dbhandler_app\dialogs\vc_mswud\my_dll\link.3624.write.1.tlog
C:\Users\Igor\OneDrive\Documents\dbhandler_app\dialogs\vc_mswud\my_dll\link.3624-cvtres.read.1.tlog
C:\Users\Igor\OneDrive\Documents\dbhandler_app\dialogs\vc_mswud\my_dll\link.3624-cvtres.write.1.tlog
C:\Users\Igor\OneDrive\Documents\dbhandler_app\dialogs\vc_mswud\my_dll\link.5684.read.1.tlog
C:\Users\Igor\OneDrive\Documents\dbhandler_app\dialogs\vc_mswud\my_dll\link.5684.write.1.tlog
C:\Users\Igor\OneDrive\Documents\dbhandler_app\dialogs\vc_mswud\my_dll\link.5684-cvtres.read.1.tlog
C:\Users\Igor\OneDrive\Documents\dbhandler_app\dialogs\vc_mswud\my_dll\link.5684-cvtres.write.1.tlog
C:\Users\Igor\OneDrive\Documents\dbhandler_app\dialogs\vc_mswud\my_dll\link.6996.read.1.tlog
C:\Users\Igor\OneDrive\Documents\dbhandler_app\dialogs\vc_mswud\my_dll\link.6996.write.1.tlog
C:\Users\Igor\OneDrive\Documents\dbhandler_app\dialogs\vc_mswud\my_dll\link.6996-cvtres.read.1.tlog
C:\Users\Igor\OneDrive\Documents\dbhandler_app\dialogs\vc_mswud\my_dll\link.6996-cvtres.write.1.tlog
C:\Users\Igor\OneDrive\Documents\dbhandler_app\dialogs\vc_mswud\my_dll\link.784.read.1.tlog
C:\Users\Igor\OneDrive\Documents\dbhandler_app\dialogs\vc_mswud\my_dll\link.784.write.1.tlog
C:\Users\Igor\OneDrive\Documents\dbhandler_app\dialogs\vc_mswud\my_dll\link.7840.read.1.tlog
C:\Users\Igor\OneDrive\Documents\dbhandler_app\dialogs\vc_mswud\my_dll\link.7840.write.1.tlog
C:\Users\Igor\OneDrive\Documents\dbhandler_app\dialogs\vc_mswud\my_dll\link.7840-cvtres.read.1.tlog
C:\Users\Igor\OneDrive\Documents\dbhandler_app\dialogs\vc_mswud\my_dll\link.7840-cvtres.write.1.tlog
C:\Users\Igor\OneDrive\Documents\dbhandler_app\dialogs\vc_mswud\my_dll\link.784-cvtres.read.1.tlog
C:\Users\Igor\OneDrive\Documents\dbhandler_app\dialogs\vc_mswud\my_dll\link.784-cvtres.write.1.tlog
C:\Users\Igor\OneDrive\Documents\dbhandler_app\dialogs\vc_mswud\my_dll\link.8160.read.1.tlog
C:\Users\Igor\OneDrive\Documents\dbhandler_app\dialogs\vc_mswud\my_dll\link.8160.write.1.tlog
C:\Users\Igor\OneDrive\Documents\dbhandler_app\dialogs\vc_mswud\my_dll\link.8160-cvtres.read.1.tlog
C:\Users\Igor\OneDrive\Documents\dbhandler_app\dialogs\vc_mswud\my_dll\link.8160-cvtres.write.1.tlog
C:\Users\Igor\OneDrive\Documents\dbhandler_app\dialogs\vc_mswud\my_dll\link.command.1.tlog
C:\Users\Igor\OneDrive\Documents\dbhandler_app\dialogs\vc_mswud\my_dll\link.read.1.tlog
C:\Users\Igor\OneDrive\Documents\dbhandler_app\dialogs\vc_mswud\my_dll\link.write.1.tlog
C:\Users\Igor\OneDrive\Documents\dbhandler_app\dialogs\vc_mswud\my_dll\link-cvtres.read.1.tlog
C:\Users\Igor\OneDrive\Documents\dbhandler_app\dialogs\vc_mswud\my_dll\link-cvtres.write.1.tlog
C:\Users\Igor\OneDrive\Documents\dbhandler_app\dialogs\vc_mswud\my_dll\mt.command.1.tlog
C:\Users\Igor\OneDrive\Documents\dbhandler_app\dialogs\vc_mswud\my_dll\mt.read.1.tlog
C:\Users\Igor\OneDrive\Documents\dbhandler_app\dialogs\vc_mswud\my_dll\mt.write.1.tlog
C:\USERS\IGOR\ONEDRIVE\DOCUMENTS\DBHANDLER_APP\DIALOGS\VC_MSWUD\MY_DLL\MY_DLL.DLL.EMBED.MANIFEST
C:\USERS\IGOR\ONEDRIVE\DOCUMENTS\DBHANDLER_APP\DIALOGS\VC_MSWUD\MY_DLL\MY_DLL.DLL.EMBED.MANIFEST.RES
C:\USERS\IGOR\ONEDRIVE\DOCUMENTS\DBHANDLER_APP\DIALOGS\VC_MSWUD\MY_DLL\MY_DLL.DLL.INTERMEDIATE.MANIFEST
C:\Users\Igor\OneDrive\Documents\dbhandler_app\dialogs\vc_mswud\my_dll\my_dll.write.1.tlog
C:\Users\Igor\OneDrive\Documents\dbhandler_app\dialogs\vc_mswud\my_dll\my_dll_manifest.rc
C:\USERS\IGOR\ONEDRIVE\DOCUMENTS\DBHANDLER_APP\DIALOGS\VC_MSWUD\MY_DLL\ODBCCONFIGURE.OBJ
C:\Users\Igor\OneDrive\Documents\dbhandler_app\dialogs\vc_mswud\my_dll\rc.command.1.tlog
C:\Users\Igor\OneDrive\Documents\dbhandler_app\dialogs\vc_mswud\my_dll\rc.read.1.tlog
C:\Users\Igor\OneDrive\Documents\dbhandler_app\dialogs\vc_mswud\my_dll\rc.write.1.tlog
C:\USERS\IGOR\ONEDRIVE\DOCUMENTS\DBHANDLER_APP\DOCVIEW\VC_MSWUD\DIALOGS.DLL
C:\USERS\IGOR\ONEDRIVE\DOCUMENTS\DBHANDLER_APP\DOCVIEW\VC_MSWUD\DIALOGS.ILK
vc_mswud\my_dll.pdb
