C:\USERS\IGOR\ONEDRIVE\DOCUMENTS\DBHANDLER_APP\DBVIEW\VC_MSWUD\MY_DLL.PDB
C:\Users\Igor\OneDrive\Documents\dbhandler_app\dbview\vc_mswud\my_dll\cl.command.1.tlog
C:\Users\Igor\OneDrive\Documents\dbhandler_app\dbview\vc_mswud\my_dll\CL.read.1.tlog
C:\Users\Igor\OneDrive\Documents\dbhandler_app\dbview\vc_mswud\my_dll\CL.write.1.tlog
C:\USERS\IGOR\ONEDRIVE\DOCUMENTS\DBHANDLER_APP\DBVIEW\VC_MSWUD\MY_DLL\DBVIEW.DLL.EMBED.MANIFEST
C:\USERS\IGOR\ONEDRIVE\DOCUMENTS\DBHANDLER_APP\DBVIEW\VC_MSWUD\MY_DLL\DBVIEW.DLL.EMBED.MANIFEST.RES
C:\USERS\IGOR\ONEDRIVE\DOCUMENTS\DBHANDLER_APP\DBVIEW\VC_MSWUD\MY_DLL\DBVIEW.DLL.INTERMEDIATE.MANIFEST
C:\USERS\IGOR\ONEDRIVE\DOCUMENTS\DBHANDLER_APP\DBVIEW\VC_MSWUD\MY_DLL\DBVIEW.OBJ
C:\Users\Igor\OneDrive\Documents\dbhandler_app\dbview\vc_mswud\my_dll\dbview.write.1.tlog
C:\Users\Igor\OneDrive\Documents\dbhandler_app\dbview\vc_mswud\my_dll\dbview_manifest.rc
C:\Users\Igor\OneDrive\Documents\dbhandler_app\dbview\vc_mswud\my_dll\link.2720.read.1.tlog
C:\Users\Igor\OneDrive\Documents\dbhandler_app\dbview\vc_mswud\my_dll\link.2720.write.1.tlog
C:\Users\Igor\OneDrive\Documents\dbhandler_app\dbview\vc_mswud\my_dll\link.2720-cvtres.read.1.tlog
C:\Users\Igor\OneDrive\Documents\dbhandler_app\dbview\vc_mswud\my_dll\link.2720-cvtres.write.1.tlog
C:\Users\Igor\OneDrive\Documents\dbhandler_app\dbview\vc_mswud\my_dll\link.command.1.tlog
C:\Users\Igor\OneDrive\Documents\dbhandler_app\dbview\vc_mswud\my_dll\link.read.1.tlog
C:\Users\Igor\OneDrive\Documents\dbhandler_app\dbview\vc_mswud\my_dll\link.write.1.tlog
C:\Users\Igor\OneDrive\Documents\dbhandler_app\dbview\vc_mswud\my_dll\link-cvtres.read.1.tlog
C:\Users\Igor\OneDrive\Documents\dbhandler_app\dbview\vc_mswud\my_dll\link-cvtres.write.1.tlog
C:\Users\Igor\OneDrive\Documents\dbhandler_app\dbview\vc_mswud\my_dll\mt.command.1.tlog
C:\Users\Igor\OneDrive\Documents\dbhandler_app\dbview\vc_mswud\my_dll\mt.read.1.tlog
C:\Users\Igor\OneDrive\Documents\dbhandler_app\dbview\vc_mswud\my_dll\mt.write.1.tlog
C:\Users\Igor\OneDrive\Documents\dbhandler_app\dbview\vc_mswud\my_dll\rc.command.1.tlog
C:\Users\Igor\OneDrive\Documents\dbhandler_app\dbview\vc_mswud\my_dll\rc.read.1.tlog
C:\Users\Igor\OneDrive\Documents\dbhandler_app\dbview\vc_mswud\my_dll\rc.write.1.tlog
C:\USERS\IGOR\ONEDRIVE\DOCUMENTS\DBHANDLER_APP\DOCVIEW\VC_MSWUD\DBVIEW.DLL
C:\USERS\IGOR\ONEDRIVE\DOCUMENTS\DBHANDLER_APP\DOCVIEW\VC_MSWUD\DBVIEW.ILK
