Build started 5/21/2016 9:49:35 PM.
     1>Project "C:\Users\Igor\OneDrive\Documents\dbhandler_app\dbview\dbview.vcxproj" on node 3 (build target(s)).
     1>InitializeBuildStatus:
         Creating "vc_mswud\my_dll\dbview.unsuccessfulbuild" because "AlwaysCreate" was specified.
       ClCompile:
         c:\Program Files (x86)\Microsoft Visual Studio 10.0\VC\bin\CL.exe /c /Ic:\wxWidgets\lib\vc_lib\mswud /Ic:\wxWidgets\include /I. /Zi /nologo /W4 /WX- /Od /Oy- /D WIN32 /D _USRDLL /D DLL_EXPORTS /D _DEBUG /D _CRT_SECURE_NO_DEPRECATE=1 /D _CRT_NON_CONFORMING_SWPRINTFS=1 /D _SCL_SECURE_NO_WARNINGS=1 /D __WXMSW__ /D _UNICODE /D MY_DLL_BUILDING /D _WINDLL /D _UNICODE /D UNICODE /Gm- /EHsc /RTC1 /MDd /GS /fp:precise /Zc:wchar_t /Zc:forScope /GR /Fo"vc_mswud\my_dll\\" /Fd"vc_mswud\my_dll.pdb" /Gd /TP /analyze- /errorReport:prompt dbview.cpp /MP 
         dbview.cpp
       ManifestResourceCompile:
         C:\Program Files (x86)\Microsoft SDKs\Windows\v7.0A\bin\rc.exe /nologo /fo"vc_mswud\my_dll\dbview.dll.embed.manifest.res" vc_mswud\my_dll\dbview_manifest.rc 
     1>C:\Program Files (x86)\MSBuild\Microsoft.Cpp\v4.0\Microsoft.CppBuild.targets(990,5): warning MSB8012: TargetPath(C:\Users\Igor\OneDrive\Documents\dbhandler_app\dbview\vc_mswud\dbview.dll) does not match the Linker's OutputFile property value (C:\Users\Igor\OneDrive\Documents\dbhandler_app\docview\vc_mswud\dbview.dll). This may cause your project to build incorrectly. To correct this, please make sure that $(OutDir), $(TargetName) and $(TargetExt) property values match the value specified in %(Link.OutputFile).
       Link:
         c:\Program Files (x86)\Microsoft Visual Studio 10.0\VC\bin\link.exe /ERRORREPORT:PROMPT /OUT:"..\docview\vc_mswud\dbview.dll" /INCREMENTAL /NOLOGO /LIBPATH:c:\wxWidgets\lib\vc_lib wxmsw31ud_core.lib wxbase31ud.lib wxtiffd.lib wxjpegd.lib wxpngd.lib wxzlibd.lib wxregexud.lib wxexpatd.lib kernel32.lib user32.lib gdi32.lib comdlg32.lib winspool.lib winmm.lib shell32.lib shlwapi.lib comctl32.lib ole32.lib oleaut32.lib uuid.lib rpcrt4.lib advapi32.lib version.lib wsock32.lib wininet.lib kernel32.lib user32.lib gdi32.lib winspool.lib comdlg32.lib advapi32.lib shell32.lib ole32.lib oleaut32.lib uuid.lib odbc32.lib odbccp32.lib /MANIFEST /ManifestFile:"vc_mswud\my_dll\dbview.dll.intermediate.manifest" /MANIFESTUAC:"level='asInvoker' uiAccess='false'" /DEBUG /PDB:"vc_mswud\my_dll.pdb" /TLBID:1 /DYNAMICBASE /NXCOMPAT /IMPLIB:"vc_mswud\my_dll.lib" /MACHINE:X86 /DLL vc_mswud\my_dll\dbview.dll.embed.manifest.res
         vc_mswud\my_dll\dbview.obj
       Manifest:
         C:\Program Files (x86)\Microsoft SDKs\Windows\v7.0A\bin\mt.exe /nologo /verbose /out:"vc_mswud\my_dll\dbview.dll.embed.manifest" /manifest vc_mswud\my_dll\dbview.dll.intermediate.manifest
         C:\Program Files (x86)\Microsoft SDKs\Windows\v7.0A\bin\rc.exe /nologo /fo"vc_mswud\my_dll\dbview.dll.embed.manifest.res" vc_mswud\my_dll\dbview_manifest.rc 
       LinkEmbedManifest:
         c:\Program Files (x86)\Microsoft Visual Studio 10.0\VC\bin\link.exe /ERRORREPORT:PROMPT /OUT:"..\docview\vc_mswud\dbview.dll" /INCREMENTAL /NOLOGO /LIBPATH:c:\wxWidgets\lib\vc_lib wxmsw31ud_core.lib wxbase31ud.lib wxtiffd.lib wxjpegd.lib wxpngd.lib wxzlibd.lib wxregexud.lib wxexpatd.lib kernel32.lib user32.lib gdi32.lib comdlg32.lib winspool.lib winmm.lib shell32.lib shlwapi.lib comctl32.lib ole32.lib oleaut32.lib uuid.lib rpcrt4.lib advapi32.lib version.lib wsock32.lib wininet.lib kernel32.lib user32.lib gdi32.lib winspool.lib comdlg32.lib advapi32.lib shell32.lib ole32.lib oleaut32.lib uuid.lib odbc32.lib odbccp32.lib /MANIFEST /ManifestFile:"vc_mswud\my_dll\dbview.dll.intermediate.manifest" /MANIFESTUAC:"level='asInvoker' uiAccess='false'" /DEBUG /PDB:"vc_mswud\my_dll.pdb" /TLBID:1 /DYNAMICBASE /NXCOMPAT /IMPLIB:"vc_mswud\my_dll.lib" /MACHINE:X86 /DLL vc_mswud\my_dll\dbview.dll.embed.manifest.res
         vc_mswud\my_dll\dbview.obj
         dbview.vcxproj -> C:\Users\Igor\OneDrive\Documents\dbhandler_app\dbview\vc_mswud\dbview.dll
       FinalizeBuildStatus:
         Deleting file "vc_mswud\my_dll\dbview.unsuccessfulbuild".
         Touching "vc_mswud\my_dll\dbview.lastbuildstate".
     1>Done Building Project "C:\Users\Igor\OneDrive\Documents\dbhandler_app\dbview\dbview.vcxproj" (build target(s)).

Build succeeded.

Time Elapsed 00:00:42.73
