Build started 12/25/2015 4:27:21 PM.
     1>Project "C:\Users\Igor\OneDrive\Documents\dbhandler_app\dialogs\dll_vc9_my_dll.vcxproj" on node 2 (build target(s)).
     1>InitializeBuildStatus:
         Creating "vc_mswud\my_dll\dialogs.unsuccessfulbuild" because "AlwaysCreate" was specified.
       ClCompile:
         All outputs are up-to-date.
       ManifestResourceCompile:
         C:\Program Files (x86)\Microsoft SDKs\Windows\v7.0A\bin\rc.exe /nologo /fo"vc_mswud\my_dll\dialogs.dll.embed.manifest.res" vc_mswud\my_dll\dialogs_manifest.rc 
     1>C:\Program Files (x86)\MSBuild\Microsoft.Cpp\v4.0\Microsoft.CppBuild.targets(990,5): warning MSB8012: TargetPath(C:\Users\Igor\OneDrive\Documents\dbhandler_app\dialogs\vc_mswud\dialogs.dll) does not match the Linker's OutputFile property value (C:\Users\Igor\OneDrive\Documents\dbhandler_app\docview\vc_mswud\dialogs.dll). This may cause your project to build incorrectly. To correct this, please make sure that $(OutDir), $(TargetName) and $(TargetExt) property values match the value specified in %(Link.OutputFile).
       Link:
         c:\Program Files (x86)\Microsoft Visual Studio 10.0\VC\bin\link.exe /ERRORREPORT:PROMPT /OUT:"..\docview\vc_mswud\dialogs.dll" /INCREMENTAL /NOLOGO /LIBPATH:c:\wxWidgets\lib\vc_lib wxmsw31ud_core.lib wxbase31ud.lib wxtiffd.lib wxjpegd.lib wxpngd.lib wxzlibd.lib wxregexud.lib wxexpatd.lib kernel32.lib user32.lib gdi32.lib comdlg32.lib winspool.lib winmm.lib shell32.lib shlwapi.lib comctl32.lib ole32.lib oleaut32.lib uuid.lib rpcrt4.lib advapi32.lib version.lib wsock32.lib wininet.lib kernel32.lib user32.lib gdi32.lib winspool.lib comdlg32.lib advapi32.lib shell32.lib ole32.lib oleaut32.lib uuid.lib odbc32.lib odbccp32.lib /MANIFEST /ManifestFile:"vc_mswud\my_dll\dialogs.dll.intermediate.manifest" /MANIFESTUAC:"level='asInvoker' uiAccess='false'" /DEBUG /PDB:"vc_mswud\my_dll.pdb" /TLBID:1 /DYNAMICBASE /NXCOMPAT /IMPLIB:"vc_mswud\my_dll.lib" /MACHINE:X86 /DLL vc_mswud\my_dll\dialogs.dll.embed.manifest.res
         vc_mswud\my_dll\dialogs.obj
         vc_mswud\my_dll\odbcconfigure.obj
            Creating library vc_mswud\my_dll.lib and object vc_mswud\my_dll.exp
       Manifest:
         C:\Program Files (x86)\Microsoft SDKs\Windows\v7.0A\bin\mt.exe /nologo /verbose /out:"vc_mswud\my_dll\dialogs.dll.embed.manifest" /manifest vc_mswud\my_dll\dialogs.dll.intermediate.manifest
         C:\Program Files (x86)\Microsoft SDKs\Windows\v7.0A\bin\rc.exe /nologo /fo"vc_mswud\my_dll\dialogs.dll.embed.manifest.res" vc_mswud\my_dll\dialogs_manifest.rc 
       LinkEmbedManifest:
         c:\Program Files (x86)\Microsoft Visual Studio 10.0\VC\bin\link.exe /ERRORREPORT:PROMPT /OUT:"..\docview\vc_mswud\dialogs.dll" /INCREMENTAL /NOLOGO /LIBPATH:c:\wxWidgets\lib\vc_lib wxmsw31ud_core.lib wxbase31ud.lib wxtiffd.lib wxjpegd.lib wxpngd.lib wxzlibd.lib wxregexud.lib wxexpatd.lib kernel32.lib user32.lib gdi32.lib comdlg32.lib winspool.lib winmm.lib shell32.lib shlwapi.lib comctl32.lib ole32.lib oleaut32.lib uuid.lib rpcrt4.lib advapi32.lib version.lib wsock32.lib wininet.lib kernel32.lib user32.lib gdi32.lib winspool.lib comdlg32.lib advapi32.lib shell32.lib ole32.lib oleaut32.lib uuid.lib odbc32.lib odbccp32.lib /MANIFEST /ManifestFile:"vc_mswud\my_dll\dialogs.dll.intermediate.manifest" /MANIFESTUAC:"level='asInvoker' uiAccess='false'" /DEBUG /PDB:"vc_mswud\my_dll.pdb" /TLBID:1 /DYNAMICBASE /NXCOMPAT /IMPLIB:"vc_mswud\my_dll.lib" /MACHINE:X86 /DLL vc_mswud\my_dll\dialogs.dll.embed.manifest.res
         vc_mswud\my_dll\dialogs.obj
         vc_mswud\my_dll\odbcconfigure.obj
            Creating library vc_mswud\my_dll.lib and object vc_mswud\my_dll.exp
         dll_vc9_my_dll.vcxproj -> C:\Users\Igor\OneDrive\Documents\dbhandler_app\dialogs\vc_mswud\dialogs.dll
       FinalizeBuildStatus:
         Deleting file "vc_mswud\my_dll\dialogs.unsuccessfulbuild".
         Touching "vc_mswud\my_dll\dialogs.lastbuildstate".
     1>Done Building Project "C:\Users\Igor\OneDrive\Documents\dbhandler_app\dialogs\dll_vc9_my_dll.vcxproj" (build target(s)).

Build succeeded.

Time Elapsed 00:00:20.24
