C:\USERS\IGOR\ONEDRIVE\DOCUMENTS\DBHANDLER_APP\DOCVIEW\VC_MSWUDDLL\ODBC_LIB.DLL
C:\USERS\IGOR\ONEDRIVE\DOCUMENTS\DBHANDLER_APP\DOCVIEW\VC_MSWUDDLL\ODBC_LIB.ILK
C:\Users\Igor\OneDrive\Documents\dbhandler_app\odbc_dll\vc_mswud\CL.14880.read.1.tlog
C:\Users\Igor\OneDrive\Documents\dbhandler_app\odbc_dll\vc_mswud\CL.14880.write.1.tlog
C:\Users\Igor\OneDrive\Documents\dbhandler_app\odbc_dll\vc_mswud\CL.15620.read.1.tlog
C:\Users\Igor\OneDrive\Documents\dbhandler_app\odbc_dll\vc_mswud\CL.15620.write.1.tlog
C:\Users\Igor\OneDrive\Documents\dbhandler_app\odbc_dll\vc_mswud\cl.command.1.tlog
C:\Users\Igor\OneDrive\Documents\dbhandler_app\odbc_dll\vc_mswud\CL.read.1.tlog
C:\Users\Igor\OneDrive\Documents\dbhandler_app\odbc_dll\vc_mswud\cl.write.1.tlog
C:\USERS\IGOR\ONEDRIVE\DOCUMENTS\DBHANDLER_APP\ODBC_DLL\VC_MSWUD\DATABASE_ODBC.OBJ
C:\Users\Igor\OneDrive\Documents\dbhandler_app\odbc_dll\vc_mswud\link.15264.read.1.tlog
C:\Users\Igor\OneDrive\Documents\dbhandler_app\odbc_dll\vc_mswud\link.15264.write.1.tlog
C:\Users\Igor\OneDrive\Documents\dbhandler_app\odbc_dll\vc_mswud\link.15264-cvtres.read.1.tlog
C:\Users\Igor\OneDrive\Documents\dbhandler_app\odbc_dll\vc_mswud\link.15264-cvtres.write.1.tlog
C:\Users\Igor\OneDrive\Documents\dbhandler_app\odbc_dll\vc_mswud\link.command.1.tlog
C:\Users\Igor\OneDrive\Documents\dbhandler_app\odbc_dll\vc_mswud\link.read.1.tlog
C:\Users\Igor\OneDrive\Documents\dbhandler_app\odbc_dll\vc_mswud\link.write.1.tlog
C:\Users\Igor\OneDrive\Documents\dbhandler_app\odbc_dll\vc_mswud\link-cvtres.read.1.tlog
C:\Users\Igor\OneDrive\Documents\dbhandler_app\odbc_dll\vc_mswud\link-cvtres.write.1.tlog
C:\Users\Igor\OneDrive\Documents\dbhandler_app\odbc_dll\vc_mswud\mt.command.1.tlog
C:\Users\Igor\OneDrive\Documents\dbhandler_app\odbc_dll\vc_mswud\mt.read.1.tlog
C:\Users\Igor\OneDrive\Documents\dbhandler_app\odbc_dll\vc_mswud\mt.write.1.tlog
C:\USERS\IGOR\ONEDRIVE\DOCUMENTS\DBHANDLER_APP\ODBC_DLL\VC_MSWUD\ODBC.DLL.EMBED.MANIFEST
C:\USERS\IGOR\ONEDRIVE\DOCUMENTS\DBHANDLER_APP\ODBC_DLL\VC_MSWUD\ODBC.DLL.EMBED.MANIFEST.RES
C:\USERS\IGOR\ONEDRIVE\DOCUMENTS\DBHANDLER_APP\ODBC_DLL\VC_MSWUD\ODBC.DLL.INTERMEDIATE.MANIFEST
C:\USERS\IGOR\ONEDRIVE\DOCUMENTS\DBHANDLER_APP\ODBC_DLL\VC_MSWUD\ODBC.OBJ
C:\Users\Igor\OneDrive\Documents\dbhandler_app\odbc_dll\vc_mswud\odbc.vcxprojResolveAssemblyReference.cache
C:\Users\Igor\OneDrive\Documents\dbhandler_app\odbc_dll\vc_mswud\odbc.write.1.tlog
C:\Users\Igor\OneDrive\Documents\dbhandler_app\odbc_dll\vc_mswud\odbc_dll.exp
C:\Users\Igor\OneDrive\Documents\dbhandler_app\odbc_dll\vc_mswud\odbc_dll.lib
C:\USERS\IGOR\ONEDRIVE\DOCUMENTS\DBHANDLER_APP\ODBC_DLL\VC_MSWUD\ODBC_DLL.PDB
C:\Users\Igor\OneDrive\Documents\dbhandler_app\odbc_dll\vc_mswud\odbc_manifest.rc
C:\Users\Igor\OneDrive\Documents\dbhandler_app\odbc_dll\vc_mswud\rc.command.1.tlog
C:\Users\Igor\OneDrive\Documents\dbhandler_app\odbc_dll\vc_mswud\rc.read.1.tlog
C:\Users\Igor\OneDrive\Documents\dbhandler_app\odbc_dll\vc_mswud\rc.write.1.tlog
