Build started 5/22/2016 9:52:44 AM.
     1>Project "C:\Users\Igor\OneDrive\Documents\dbhandler_app\odbc_dll\odbc.vcxproj" on node 2 (build target(s)).
     1>InitializeBuildStatus:
         Creating "vc_mswud\odbc.unsuccessfulbuild" because "AlwaysCreate" was specified.
       ClCompile:
         c:\Program Files (x86)\Microsoft Visual Studio 10.0\VC\bin\CL.exe /c /I..\dbinterface /Zi /nologo /W4 /WX- /Od /Oy- /D WIN32 /D _USRDLL /D DLL_EXPORTS /D _DEBUG /D _CRT_SECURE_NO_DEPRECATE=1 /D _CRT_NON_CONFORMING_SWPRINTFS=1 /D _SCL_SECURE_NO_WARNINGS=1 /D _UNICODE /D MY_DLL_BUILDING /D _WINDLL /D _UNICODE /D UNICODE /Gm- /EHsc /RTC1 /MDd /GS /fp:precise /Zc:wchar_t /Zc:forScope /GR /Fo"vc_mswud\\" /Fd"vc_mswud\odbc_dll.pdb" /Gd /TP /analyze- /errorReport:prompt database_odbc.cpp /MP 
         database_odbc.cpp
     1>database_odbc.cpp(564): warning C4244: 'argument' : conversion from 'int' to 'SQLSMALLINT', possible loss of data
     1>c:\users\igor\onedrive\documents\dbhandler_app\odbc_dll\database_odbc.cpp(521): warning C4701: potentially uninitialized local variable 'schemaName' used
     1>c:\users\igor\onedrive\documents\dbhandler_app\odbc_dll\database_odbc.cpp(520): warning C4701: potentially uninitialized local variable 'tableName' used
       ManifestResourceCompile:
         All outputs are up-to-date.
     1>C:\Program Files (x86)\MSBuild\Microsoft.Cpp\v4.0\Microsoft.CppBuild.targets(990,5): warning MSB8012: TargetPath(C:\Users\Igor\OneDrive\Documents\dbhandler_app\odbc_dll\vc_mswud\odbc.dll) does not match the Linker's OutputFile property value (C:\Users\Igor\OneDrive\Documents\dbhandler_app\docview\vc_mswuddll\odbc_lib.dll). This may cause your project to build incorrectly. To correct this, please make sure that $(OutDir), $(TargetName) and $(TargetExt) property values match the value specified in %(Link.OutputFile).
     1>C:\Program Files (x86)\MSBuild\Microsoft.Cpp\v4.0\Microsoft.CppBuild.targets(992,5): warning MSB8012: TargetName(odbc) does not match the Linker's OutputFile property value (odbc_lib). This may cause your project to build incorrectly. To correct this, please make sure that $(OutDir), $(TargetName) and $(TargetExt) property values match the value specified in %(Link.OutputFile).
       Link:
         c:\Program Files (x86)\Microsoft Visual Studio 10.0\VC\bin\link.exe /ERRORREPORT:PROMPT /OUT:"..\docview\vc_mswuddll\odbc_lib.dll" /INCREMENTAL /NOLOGO /LIBPATH:..\docview\debug\ dbinterface.lib kernel32.lib user32.lib gdi32.lib comdlg32.lib winspool.lib winmm.lib shell32.lib shlwapi.lib comctl32.lib ole32.lib oleaut32.lib uuid.lib rpcrt4.lib advapi32.lib version.lib wsock32.lib wininet.lib kernel32.lib user32.lib gdi32.lib winspool.lib comdlg32.lib advapi32.lib shell32.lib ole32.lib oleaut32.lib uuid.lib odbc32.lib odbccp32.lib /MANIFEST /ManifestFile:"vc_mswud\odbc.dll.intermediate.manifest" /MANIFESTUAC:"level='asInvoker' uiAccess='false'" /DEBUG /PDB:"vc_mswud\odbc_dll.pdb" /TLBID:1 /DYNAMICBASE /NXCOMPAT /IMPLIB:"vc_mswud\odbc_dll.lib" /MACHINE:X86 /DLL vc_mswud\odbc.dll.embed.manifest.res
         vc_mswud\database_odbc.obj
         vc_mswud\odbc.obj
       Manifest:
         C:\Program Files (x86)\Microsoft SDKs\Windows\v7.0A\bin\mt.exe /nologo /verbose /out:"vc_mswud\odbc.dll.embed.manifest" /manifest vc_mswud\odbc.dll.intermediate.manifest
         All outputs are up-to-date.
       LinkEmbedManifest:
         All outputs are up-to-date.
         odbc.vcxproj -> C:\Users\Igor\OneDrive\Documents\dbhandler_app\odbc_dll\vc_mswud\odbc.dll
       FinalizeBuildStatus:
         Deleting file "vc_mswud\odbc.unsuccessfulbuild".
         Touching "vc_mswud\odbc.lastbuildstate".
     1>Done Building Project "C:\Users\Igor\OneDrive\Documents\dbhandler_app\odbc_dll\odbc.vcxproj" (build target(s)).

Build succeeded.

Time Elapsed 00:00:09.56
