Build started 3/5/2016 3:51:19 PM.
     1>Project "C:\Users\Igor\OneDrive\Documents\dbhandler_app\docview\docview_vc9.vcxproj" on node 3 (build target(s)).
     1>InitializeBuildStatus:
         Touching "vc_mswud\docview\docview.unsuccessfulbuild".
       ClCompile:
         c:\Program Files (x86)\Microsoft Visual Studio 10.0\VC\bin\CL.exe /c /I..\dbinterface /Ic:\wxWidgets\lib\vc_lib\mswud /Ic:\wxWidgets\include /I. /ZI /nologo /W4 /WX- /Od /Oy- /D WIN32 /D _DEBUG /D _CRT_SECURE_NO_DEPRECATE=1 /D _CRT_NON_CONFORMING_SWPRINTFS=1 /D _SCL_SECURE_NO_WARNINGS=1 /D __WXMSW__ /D _UNICODE /D _WINDOWS /D NOPCH /D _UNICODE /D UNICODE /Gm /EHsc /RTC1 /MDd /GS /fp:precise /Zc:wchar_t /Zc:forScope /Fo"vc_mswud\docview\\" /Fd"vc_mswud\docview.pdb" /Gd /TP /analyze- /errorReport:prompt doc.cpp docview.cpp mainframe.cpp view.cpp viewbase.cpp /MP 
     1>cl : Command line warning D9030: '/Gm' is incompatible with multiprocessing; ignoring /MP switch
         viewbase.cpp
         view.cpp
         mainframe.cpp
         docview.cpp
         doc.cpp
         Generating Code...
       ResourceCompile:
         C:\Program Files (x86)\Microsoft SDKs\Windows\v7.0A\bin\rc.exe /D _DEBUG /D _CRT_SECURE_NO_DEPRECATE=1 /D _CRT_NON_CONFORMING_SWPRINTFS=1 /D _SCL_SECURE_NO_WARNINGS=1 /D __WXMSW__ /D _UNICODE /D _WINDOWS /D NOPCH /D _UNICODE /D UNICODE /l"0x0409" /I.\..\..\lib\vc_lib\mswud /I.\..\..\include /I. /I.\..\..\samples /nologo /fo"vc_mswud\docview\docview.res" docview.rc 
       ManifestResourceCompile:
         C:\Program Files (x86)\Microsoft SDKs\Windows\v7.0A\bin\rc.exe /nologo /fo"vc_mswud\docview\docview.exe.embed.manifest.res" vc_mswud\docview\docview_manifest.rc 
       Link:
         c:\Program Files (x86)\Microsoft Visual Studio 10.0\VC\bin\link.exe /ERRORREPORT:PROMPT /OUT:"vc_mswud\docview.exe" /INCREMENTAL /NOLOGO /LIBPATH:.\Debug /LIBPATH:c:\wxWidgets\lib\vc_lib dbinterface.lib wxmsw31ud_core.lib wxbase31ud.lib wxtiffd.lib wxjpegd.lib wxpngd.lib wxzlibd.lib wxregexud.lib wxexpatd.lib kernel32.lib user32.lib gdi32.lib comdlg32.lib winspool.lib winmm.lib shell32.lib shlwapi.lib comctl32.lib ole32.lib oleaut32.lib uuid.lib rpcrt4.lib advapi32.lib version.lib wsock32.lib wininet.lib kernel32.lib user32.lib gdi32.lib winspool.lib comdlg32.lib advapi32.lib shell32.lib ole32.lib oleaut32.lib uuid.lib odbc32.lib odbccp32.lib /MANIFEST /ManifestFile:"vc_mswud\docview\docview.exe.intermediate.manifest" /MANIFESTUAC:"level='asInvoker' uiAccess='false'" /DEBUG /PDB:"vc_mswud\docview.pdb" /SUBSYSTEM:WINDOWS /TLBID:1 /DYNAMICBASE /NXCOMPAT /IMPLIB:"vc_mswud\docview.lib" /MACHINE:X86 vc_mswud\docview\docview.res
         vc_mswud\docview\docview.exe.embed.manifest.res
         vc_mswud\docview\doc.obj
         vc_mswud\docview\docview.obj
         vc_mswud\docview\mainframe.obj
         vc_mswud\docview\view.obj
         vc_mswud\docview\viewbase.obj
            Creating library vc_mswud\docview.lib and object vc_mswud\docview.exp
       Manifest:
         C:\Program Files (x86)\Microsoft SDKs\Windows\v7.0A\bin\mt.exe /nologo /verbose /out:"vc_mswud\docview\docview.exe.embed.manifest" /manifest vc_mswud\docview\docview.exe.intermediate.manifest
         C:\Program Files (x86)\Microsoft SDKs\Windows\v7.0A\bin\rc.exe /nologo /fo"vc_mswud\docview\docview.exe.embed.manifest.res" vc_mswud\docview\docview_manifest.rc 
       LinkEmbedManifest:
         c:\Program Files (x86)\Microsoft Visual Studio 10.0\VC\bin\link.exe /ERRORREPORT:PROMPT /OUT:"vc_mswud\docview.exe" /INCREMENTAL /NOLOGO /LIBPATH:.\Debug /LIBPATH:c:\wxWidgets\lib\vc_lib dbinterface.lib wxmsw31ud_core.lib wxbase31ud.lib wxtiffd.lib wxjpegd.lib wxpngd.lib wxzlibd.lib wxregexud.lib wxexpatd.lib kernel32.lib user32.lib gdi32.lib comdlg32.lib winspool.lib winmm.lib shell32.lib shlwapi.lib comctl32.lib ole32.lib oleaut32.lib uuid.lib rpcrt4.lib advapi32.lib version.lib wsock32.lib wininet.lib kernel32.lib user32.lib gdi32.lib winspool.lib comdlg32.lib advapi32.lib shell32.lib ole32.lib oleaut32.lib uuid.lib odbc32.lib odbccp32.lib /MANIFEST /ManifestFile:"vc_mswud\docview\docview.exe.intermediate.manifest" /MANIFESTUAC:"level='asInvoker' uiAccess='false'" /DEBUG /PDB:"vc_mswud\docview.pdb" /SUBSYSTEM:WINDOWS /TLBID:1 /DYNAMICBASE /NXCOMPAT /IMPLIB:"vc_mswud\docview.lib" /MACHINE:X86 vc_mswud\docview\docview.res
         vc_mswud\docview\docview.exe.embed.manifest.res
         vc_mswud\docview\doc.obj
         vc_mswud\docview\docview.obj
         vc_mswud\docview\mainframe.obj
         vc_mswud\docview\view.obj
         vc_mswud\docview\viewbase.obj
         docview_vc9.vcxproj -> C:\Users\Igor\OneDrive\Documents\dbhandler_app\docview\vc_mswud\docview.exe
       FinalizeBuildStatus:
         Deleting file "vc_mswud\docview\docview.unsuccessfulbuild".
         Touching "vc_mswud\docview\docview.lastbuildstate".
     1>Done Building Project "C:\Users\Igor\OneDrive\Documents\dbhandler_app\docview\docview_vc9.vcxproj" (build target(s)).

Build succeeded.

Time Elapsed 00:01:02.25
