C:\USERS\IGOR\ONEDRIVE\DOCUMENTS\DBHANDLER_APP\DOCVIEW\VC_MSWUD\DOCVIEW.EXE
C:\Users\Igor\OneDrive\Documents\dbhandler_app\docview\vc_mswud\docview.exp
C:\USERS\IGOR\ONEDRIVE\DOCUMENTS\DBHANDLER_APP\DOCVIEW\VC_MSWUD\DOCVIEW.ILK
C:\Users\Igor\OneDrive\Documents\dbhandler_app\docview\vc_mswud\docview.lib
C:\USERS\IGOR\ONEDRIVE\DOCUMENTS\DBHANDLER_APP\DOCVIEW\VC_MSWUD\DOCVIEW.PDB
C:\Users\Igor\OneDrive\Documents\dbhandler_app\docview\vc_mswud\docview\CL.4260.read.1.tlog
C:\Users\Igor\OneDrive\Documents\dbhandler_app\docview\vc_mswud\docview\CL.4260.write.1.tlog
C:\Users\Igor\OneDrive\Documents\dbhandler_app\docview\vc_mswud\docview\CL.4756.read.1.tlog
C:\Users\Igor\OneDrive\Documents\dbhandler_app\docview\vc_mswud\docview\CL.4756.write.1.tlog
C:\Users\Igor\OneDrive\Documents\dbhandler_app\docview\vc_mswud\docview\CL.5484.read.1.tlog
C:\Users\Igor\OneDrive\Documents\dbhandler_app\docview\vc_mswud\docview\CL.5484.write.1.tlog
C:\Users\Igor\OneDrive\Documents\dbhandler_app\docview\vc_mswud\docview\CL.6692.read.1.tlog
C:\Users\Igor\OneDrive\Documents\dbhandler_app\docview\vc_mswud\docview\CL.6692.write.1.tlog
C:\Users\Igor\OneDrive\Documents\dbhandler_app\docview\vc_mswud\docview\cl.command.1.tlog
C:\Users\Igor\OneDrive\Documents\dbhandler_app\docview\vc_mswud\docview\CL.read.1.tlog
C:\Users\Igor\OneDrive\Documents\dbhandler_app\docview\vc_mswud\docview\cl.write.1.tlog
C:\Users\Igor\OneDrive\Documents\dbhandler_app\docview\vc_mswud\docview\doc.obj
C:\USERS\IGOR\ONEDRIVE\DOCUMENTS\DBHANDLER_APP\DOCVIEW\VC_MSWUD\DOCVIEW\DOCVIEW.EXE.EMBED.MANIFEST
C:\USERS\IGOR\ONEDRIVE\DOCUMENTS\DBHANDLER_APP\DOCVIEW\VC_MSWUD\DOCVIEW\DOCVIEW.EXE.EMBED.MANIFEST.RES
C:\USERS\IGOR\ONEDRIVE\DOCUMENTS\DBHANDLER_APP\DOCVIEW\VC_MSWUD\DOCVIEW\DOCVIEW.EXE.INTERMEDIATE.MANIFEST
C:\USERS\IGOR\ONEDRIVE\DOCUMENTS\DBHANDLER_APP\DOCVIEW\VC_MSWUD\DOCVIEW\DOCVIEW.OBJ
C:\USERS\IGOR\ONEDRIVE\DOCUMENTS\DBHANDLER_APP\DOCVIEW\VC_MSWUD\DOCVIEW\DOCVIEW.RES
C:\Users\Igor\OneDrive\Documents\dbhandler_app\docview\vc_mswud\docview\docview.write.1.tlog
C:\Users\Igor\OneDrive\Documents\dbhandler_app\docview\vc_mswud\docview\docview_manifest.rc
C:\Users\Igor\OneDrive\Documents\dbhandler_app\docview\vc_mswud\docview\link.1164.read.1.tlog
C:\Users\Igor\OneDrive\Documents\dbhandler_app\docview\vc_mswud\docview\link.1164.write.1.tlog
C:\Users\Igor\OneDrive\Documents\dbhandler_app\docview\vc_mswud\docview\link.1164-cvtres.read.1.tlog
C:\Users\Igor\OneDrive\Documents\dbhandler_app\docview\vc_mswud\docview\link.1164-cvtres.write.1.tlog
C:\Users\Igor\OneDrive\Documents\dbhandler_app\docview\vc_mswud\docview\link.command.1.tlog
C:\Users\Igor\OneDrive\Documents\dbhandler_app\docview\vc_mswud\docview\link.read.1.tlog
C:\Users\Igor\OneDrive\Documents\dbhandler_app\docview\vc_mswud\docview\link.write.1.tlog
C:\Users\Igor\OneDrive\Documents\dbhandler_app\docview\vc_mswud\docview\link-cvtres.read.1.tlog
C:\Users\Igor\OneDrive\Documents\dbhandler_app\docview\vc_mswud\docview\link-cvtres.write.1.tlog
C:\USERS\IGOR\ONEDRIVE\DOCUMENTS\DBHANDLER_APP\DOCVIEW\VC_MSWUD\DOCVIEW\MAINFRAME.OBJ
C:\Users\Igor\OneDrive\Documents\dbhandler_app\docview\vc_mswud\docview\mt.command.1.tlog
C:\Users\Igor\OneDrive\Documents\dbhandler_app\docview\vc_mswud\docview\mt.read.1.tlog
C:\Users\Igor\OneDrive\Documents\dbhandler_app\docview\vc_mswud\docview\mt.write.1.tlog
C:\Users\Igor\OneDrive\Documents\dbhandler_app\docview\vc_mswud\docview\rc.command.1.tlog
C:\Users\Igor\OneDrive\Documents\dbhandler_app\docview\vc_mswud\docview\rc.read.1.tlog
C:\Users\Igor\OneDrive\Documents\dbhandler_app\docview\vc_mswud\docview\rc.write.1.tlog
C:\Users\Igor\OneDrive\Documents\dbhandler_app\docview\vc_mswud\docview\view.obj
C:\Users\Igor\OneDrive\Documents\dbhandler_app\docview\vc_mswud\docview\viewbase.obj
vc_mswud\docview.ilk
vc_mswud\docview.pdb
