Build started 5/22/2016 10:02:46 AM.
     1>Project "C:\Users\Igor\OneDrive\Documents\dbhandler_app\dbloader\dbloader.vcxproj" on node 2 (build target(s)).
     1>InitializeBuildStatus:
         Creating "vc_mswud\my_dll\dbloader.unsuccessfulbuild" because "AlwaysCreate" was specified.
       ClCompile:
         c:\Program Files (x86)\Microsoft Visual Studio 10.0\VC\bin\CL.exe /c /Ic:\wxWidgets\lib\vc_lib\mswud /Ic:\wxWidgets\include /I..\sqlite_dll /I..\odbc_dll /I..\dbinterface /Zi /nologo /W4 /WX- /Od /Oy- /D WIN32 /D _USRDLL /D DLL_EXPORTS /D _DEBUG /D _CRT_SECURE_NO_DEPRECATE=1 /D _CRT_NON_CONFORMING_SWPRINTFS=1 /D _SCL_SECURE_NO_WARNINGS=1 /D __WXMSW__ /D _UNICODE /D MY_DLL_BUILDING /D _WINDLL /D _UNICODE /D UNICODE /Gm- /EHsc /RTC1 /MDd /GS /fp:precise /Zc:wchar_t /Zc:forScope /GR /Fo"vc_mswud\my_dll\\" /Fd"vc_mswud\my_dll.pdb" /Gd /TP /analyze- /errorReport:prompt dbloader.cpp /MP 
         dbloader.cpp
       ManifestResourceCompile:
         All outputs are up-to-date.
     1>C:\Program Files (x86)\MSBuild\Microsoft.Cpp\v4.0\Microsoft.CppBuild.targets(990,5): warning MSB8012: TargetPath(C:\Users\Igor\OneDrive\Documents\dbhandler_app\dbloader\vc_mswud\dbloader.dll) does not match the Linker's OutputFile property value (C:\Users\Igor\OneDrive\Documents\dbhandler_app\docview\vc_mswuddll\dbloader.dll). This may cause your project to build incorrectly. To correct this, please make sure that $(OutDir), $(TargetName) and $(TargetExt) property values match the value specified in %(Link.OutputFile).
       Link:
         c:\Program Files (x86)\Microsoft Visual Studio 10.0\VC\bin\link.exe /ERRORREPORT:PROMPT /OUT:"..\docview\vc_mswuddll\dbloader.dll" /INCREMENTAL /NOLOGO /LIBPATH:c:\wxWidgets\lib\vc_lib /LIBPATH:..\sqlite_dll\vc_mswud /LIBPATH:..\odbc_dll\vc_mswud\ /LIBPATH:..\docview\Debug dbinterface.lib sqlite_dll.lib odbc_dll.lib wxmsw31ud_core.lib wxbase31ud.lib wxtiffd.lib wxjpegd.lib wxpngd.lib wxzlibd.lib wxregexud.lib wxexpatd.lib kernel32.lib user32.lib gdi32.lib comdlg32.lib winspool.lib winmm.lib shell32.lib shlwapi.lib comctl32.lib ole32.lib oleaut32.lib uuid.lib rpcrt4.lib advapi32.lib version.lib wsock32.lib wininet.lib kernel32.lib user32.lib gdi32.lib winspool.lib comdlg32.lib advapi32.lib shell32.lib ole32.lib oleaut32.lib uuid.lib odbc32.lib odbccp32.lib /MANIFEST /ManifestFile:"vc_mswud\my_dll\dbloader.dll.intermediate.manifest" /MANIFESTUAC:"level='asInvoker' uiAccess='false'" /DEBUG /PDB:"vc_mswud\my_dll.pdb" /TLBID:1 /DYNAMICBASE /NXCOMPAT /IMPLIB:"vc_mswud\dbloader.lib" /MACHINE:X86 /DLL vc_mswud\my_dll\dbloader.dll.embed.manifest.res
         vc_mswud\my_dll\dbloader.obj  /EXPORT:ConvertFromString /EXPORT:ConvertFromSQLWCHAR 
       Manifest:
         C:\Program Files (x86)\Microsoft SDKs\Windows\v7.0A\bin\mt.exe /nologo /verbose /out:"vc_mswud\my_dll\dbloader.dll.embed.manifest" /manifest vc_mswud\my_dll\dbloader.dll.intermediate.manifest
         All outputs are up-to-date.
       LinkEmbedManifest:
         All outputs are up-to-date.
         dbloader.vcxproj -> C:\Users\Igor\OneDrive\Documents\dbhandler_app\dbloader\vc_mswud\dbloader.dll
       FinalizeBuildStatus:
         Deleting file "vc_mswud\my_dll\dbloader.unsuccessfulbuild".
         Touching "vc_mswud\my_dll\dbloader.lastbuildstate".
     1>Done Building Project "C:\Users\Igor\OneDrive\Documents\dbhandler_app\dbloader\dbloader.vcxproj" (build target(s)).

Build succeeded.

Time Elapsed 00:00:21.31
