C:\Users\Igor\OneDrive\Documents\dbhandler_app\dialogs\vc_mswud\my_dll.exp
C:\Users\Igor\OneDrive\Documents\dbhandler_app\dialogs\vc_mswud\my_dll.lib
C:\USERS\IGOR\ONEDRIVE\DOCUMENTS\DBHANDLER_APP\DIALOGS\VC_MSWUD\MY_DLL.PDB
C:\Users\Igor\OneDrive\Documents\dbhandler_app\dialogs\vc_mswud\my_dll\CL.1880.read.1.tlog
C:\Users\Igor\OneDrive\Documents\dbhandler_app\dialogs\vc_mswud\my_dll\CL.1880.write.1.tlog
C:\Users\Igor\OneDrive\Documents\dbhandler_app\dialogs\vc_mswud\my_dll\CL.2852.read.1.tlog
C:\Users\Igor\OneDrive\Documents\dbhandler_app\dialogs\vc_mswud\my_dll\CL.2852.write.1.tlog
C:\Users\Igor\OneDrive\Documents\dbhandler_app\dialogs\vc_mswud\my_dll\CL.4552.read.1.tlog
C:\Users\Igor\OneDrive\Documents\dbhandler_app\dialogs\vc_mswud\my_dll\CL.4552.write.1.tlog
C:\Users\Igor\OneDrive\Documents\dbhandler_app\dialogs\vc_mswud\my_dll\CL.8660.read.1.tlog
C:\Users\Igor\OneDrive\Documents\dbhandler_app\dialogs\vc_mswud\my_dll\CL.8660.write.1.tlog
C:\Users\Igor\OneDrive\Documents\dbhandler_app\dialogs\vc_mswud\my_dll\cl.command.1.tlog
C:\Users\Igor\OneDrive\Documents\dbhandler_app\dialogs\vc_mswud\my_dll\CL.read.1.tlog
C:\Users\Igor\OneDrive\Documents\dbhandler_app\dialogs\vc_mswud\my_dll\cl.write.1.tlog
C:\USERS\IGOR\ONEDRIVE\DOCUMENTS\DBHANDLER_APP\DIALOGS\VC_MSWUD\MY_DLL\DIALOGS.DLL.EMBED.MANIFEST
C:\USERS\IGOR\ONEDRIVE\DOCUMENTS\DBHANDLER_APP\DIALOGS\VC_MSWUD\MY_DLL\DIALOGS.DLL.EMBED.MANIFEST.RES
C:\USERS\IGOR\ONEDRIVE\DOCUMENTS\DBHANDLER_APP\DIALOGS\VC_MSWUD\MY_DLL\DIALOGS.DLL.INTERMEDIATE.MANIFEST
C:\USERS\IGOR\ONEDRIVE\DOCUMENTS\DBHANDLER_APP\DIALOGS\VC_MSWUD\MY_DLL\DIALOGS.OBJ
C:\Users\Igor\OneDrive\Documents\dbhandler_app\dialogs\vc_mswud\my_dll\dialogs.write.1.tlog
C:\Users\Igor\OneDrive\Documents\dbhandler_app\dialogs\vc_mswud\my_dll\dialogs_manifest.rc
C:\Users\Igor\OneDrive\Documents\dbhandler_app\dialogs\vc_mswud\my_dll\dll_vc9_my_dll.vcxprojResolveAssemblyReference.cache
C:\Users\Igor\OneDrive\Documents\dbhandler_app\dialogs\vc_mswud\my_dll\link.4068.read.1.tlog
C:\Users\Igor\OneDrive\Documents\dbhandler_app\dialogs\vc_mswud\my_dll\link.4068.write.1.tlog
C:\Users\Igor\OneDrive\Documents\dbhandler_app\dialogs\vc_mswud\my_dll\link.4068-cvtres.read.1.tlog
C:\Users\Igor\OneDrive\Documents\dbhandler_app\dialogs\vc_mswud\my_dll\link.4068-cvtres.write.1.tlog
C:\Users\Igor\OneDrive\Documents\dbhandler_app\dialogs\vc_mswud\my_dll\link.8020.read.1.tlog
C:\Users\Igor\OneDrive\Documents\dbhandler_app\dialogs\vc_mswud\my_dll\link.8020.write.1.tlog
C:\Users\Igor\OneDrive\Documents\dbhandler_app\dialogs\vc_mswud\my_dll\link.8020-cvtres.read.1.tlog
C:\Users\Igor\OneDrive\Documents\dbhandler_app\dialogs\vc_mswud\my_dll\link.8020-cvtres.write.1.tlog
C:\Users\Igor\OneDrive\Documents\dbhandler_app\dialogs\vc_mswud\my_dll\link.8160.read.1.tlog
C:\Users\Igor\OneDrive\Documents\dbhandler_app\dialogs\vc_mswud\my_dll\link.8160.write.1.tlog
C:\Users\Igor\OneDrive\Documents\dbhandler_app\dialogs\vc_mswud\my_dll\link.8160-cvtres.read.1.tlog
C:\Users\Igor\OneDrive\Documents\dbhandler_app\dialogs\vc_mswud\my_dll\link.8160-cvtres.write.1.tlog
C:\Users\Igor\OneDrive\Documents\dbhandler_app\dialogs\vc_mswud\my_dll\link.command.1.tlog
C:\Users\Igor\OneDrive\Documents\dbhandler_app\dialogs\vc_mswud\my_dll\link.read.1.tlog
C:\Users\Igor\OneDrive\Documents\dbhandler_app\dialogs\vc_mswud\my_dll\link.write.1.tlog
C:\Users\Igor\OneDrive\Documents\dbhandler_app\dialogs\vc_mswud\my_dll\link-cvtres.read.1.tlog
C:\Users\Igor\OneDrive\Documents\dbhandler_app\dialogs\vc_mswud\my_dll\link-cvtres.write.1.tlog
C:\Users\Igor\OneDrive\Documents\dbhandler_app\dialogs\vc_mswud\my_dll\mt.command.1.tlog
C:\Users\Igor\OneDrive\Documents\dbhandler_app\dialogs\vc_mswud\my_dll\mt.read.1.tlog
C:\Users\Igor\OneDrive\Documents\dbhandler_app\dialogs\vc_mswud\my_dll\mt.write.1.tlog
C:\USERS\IGOR\ONEDRIVE\DOCUMENTS\DBHANDLER_APP\DIALOGS\VC_MSWUD\MY_DLL\MY_DLL.DLL.EMBED.MANIFEST
C:\USERS\IGOR\ONEDRIVE\DOCUMENTS\DBHANDLER_APP\DIALOGS\VC_MSWUD\MY_DLL\MY_DLL.DLL.EMBED.MANIFEST.RES
C:\Users\Igor\OneDrive\Documents\dbhandler_app\dialogs\vc_mswud\my_dll\my_dll.dll.intermediate.manifest
C:\Users\Igor\OneDrive\Documents\dbhandler_app\dialogs\vc_mswud\my_dll\my_dll.write.1.tlog
C:\Users\Igor\OneDrive\Documents\dbhandler_app\dialogs\vc_mswud\my_dll\my_dll_manifest.rc
C:\USERS\IGOR\ONEDRIVE\DOCUMENTS\DBHANDLER_APP\DIALOGS\VC_MSWUD\MY_DLL\ODBCCONFIGURE.OBJ
C:\Users\Igor\OneDrive\Documents\dbhandler_app\dialogs\vc_mswud\my_dll\rc.command.1.tlog
C:\Users\Igor\OneDrive\Documents\dbhandler_app\dialogs\vc_mswud\my_dll\rc.read.1.tlog
C:\Users\Igor\OneDrive\Documents\dbhandler_app\dialogs\vc_mswud\my_dll\rc.write.1.tlog
C:\USERS\IGOR\ONEDRIVE\DOCUMENTS\DBHANDLER_APP\DOCVIEW\VC_MSWUD\DIALOGS.DLL
C:\USERS\IGOR\ONEDRIVE\DOCUMENTS\DBHANDLER_APP\DOCVIEW\VC_MSWUD\DIALOGS.ILK
