C:\USERS\IGOR\ONEDRIVE\DOCUMENTS\DBHANDLER_APP\DOCVIEW\VC_MSWUD\ODBC_LIB.DLL
C:\USERS\IGOR\ONEDRIVE\DOCUMENTS\DBHANDLER_APP\DOCVIEW\VC_MSWUD\ODBC_LIB.ILK
C:\USERS\IGOR\ONEDRIVE\DOCUMENTS\DBHANDLER_APP\ODBC_DLL\VC_MSWUD\MY_DLL.PDB
C:\Users\Igor\OneDrive\Documents\dbhandler_app\odbc_dll\vc_mswud\my_dll\CL.3192.read.1.tlog
C:\Users\Igor\OneDrive\Documents\dbhandler_app\odbc_dll\vc_mswud\my_dll\CL.3192.write.1.tlog
C:\Users\Igor\OneDrive\Documents\dbhandler_app\odbc_dll\vc_mswud\my_dll\CL.3680.read.1.tlog
C:\Users\Igor\OneDrive\Documents\dbhandler_app\odbc_dll\vc_mswud\my_dll\CL.3680.write.1.tlog
C:\Users\Igor\OneDrive\Documents\dbhandler_app\odbc_dll\vc_mswud\my_dll\CL.4396.read.1.tlog
C:\Users\Igor\OneDrive\Documents\dbhandler_app\odbc_dll\vc_mswud\my_dll\CL.4396.write.1.tlog
C:\Users\Igor\OneDrive\Documents\dbhandler_app\odbc_dll\vc_mswud\my_dll\CL.4484.read.1.tlog
C:\Users\Igor\OneDrive\Documents\dbhandler_app\odbc_dll\vc_mswud\my_dll\CL.4484.write.1.tlog
C:\Users\Igor\OneDrive\Documents\dbhandler_app\odbc_dll\vc_mswud\my_dll\CL.5076.read.1.tlog
C:\Users\Igor\OneDrive\Documents\dbhandler_app\odbc_dll\vc_mswud\my_dll\CL.5076.write.1.tlog
C:\Users\Igor\OneDrive\Documents\dbhandler_app\odbc_dll\vc_mswud\my_dll\CL.6140.read.1.tlog
C:\Users\Igor\OneDrive\Documents\dbhandler_app\odbc_dll\vc_mswud\my_dll\CL.6140.write.1.tlog
C:\Users\Igor\OneDrive\Documents\dbhandler_app\odbc_dll\vc_mswud\my_dll\CL.6396.read.1.tlog
C:\Users\Igor\OneDrive\Documents\dbhandler_app\odbc_dll\vc_mswud\my_dll\CL.6396.write.1.tlog
C:\Users\Igor\OneDrive\Documents\dbhandler_app\odbc_dll\vc_mswud\my_dll\CL.6404.read.1.tlog
C:\Users\Igor\OneDrive\Documents\dbhandler_app\odbc_dll\vc_mswud\my_dll\CL.6404.write.1.tlog
C:\Users\Igor\OneDrive\Documents\dbhandler_app\odbc_dll\vc_mswud\my_dll\cl.command.1.tlog
C:\Users\Igor\OneDrive\Documents\dbhandler_app\odbc_dll\vc_mswud\my_dll\CL.read.1.tlog
C:\Users\Igor\OneDrive\Documents\dbhandler_app\odbc_dll\vc_mswud\my_dll\cl.write.1.tlog
C:\USERS\IGOR\ONEDRIVE\DOCUMENTS\DBHANDLER_APP\ODBC_DLL\VC_MSWUD\MY_DLL\DATABASE_ODBC.OBJ
C:\Users\Igor\OneDrive\Documents\dbhandler_app\odbc_dll\vc_mswud\my_dll\link.4072.read.1.tlog
C:\Users\Igor\OneDrive\Documents\dbhandler_app\odbc_dll\vc_mswud\my_dll\link.4072.write.1.tlog
C:\Users\Igor\OneDrive\Documents\dbhandler_app\odbc_dll\vc_mswud\my_dll\link.4072-cvtres.read.1.tlog
C:\Users\Igor\OneDrive\Documents\dbhandler_app\odbc_dll\vc_mswud\my_dll\link.4072-cvtres.write.1.tlog
C:\Users\Igor\OneDrive\Documents\dbhandler_app\odbc_dll\vc_mswud\my_dll\link.6616.read.1.tlog
C:\Users\Igor\OneDrive\Documents\dbhandler_app\odbc_dll\vc_mswud\my_dll\link.6616.write.1.tlog
C:\Users\Igor\OneDrive\Documents\dbhandler_app\odbc_dll\vc_mswud\my_dll\link.6616-cvtres.read.1.tlog
C:\Users\Igor\OneDrive\Documents\dbhandler_app\odbc_dll\vc_mswud\my_dll\link.6616-cvtres.write.1.tlog
C:\Users\Igor\OneDrive\Documents\dbhandler_app\odbc_dll\vc_mswud\my_dll\link.command.1.tlog
C:\Users\Igor\OneDrive\Documents\dbhandler_app\odbc_dll\vc_mswud\my_dll\link.read.1.tlog
C:\Users\Igor\OneDrive\Documents\dbhandler_app\odbc_dll\vc_mswud\my_dll\link.write.1.tlog
C:\Users\Igor\OneDrive\Documents\dbhandler_app\odbc_dll\vc_mswud\my_dll\link-cvtres.read.1.tlog
C:\Users\Igor\OneDrive\Documents\dbhandler_app\odbc_dll\vc_mswud\my_dll\link-cvtres.write.1.tlog
C:\Users\Igor\OneDrive\Documents\dbhandler_app\odbc_dll\vc_mswud\my_dll\mt.command.1.tlog
C:\Users\Igor\OneDrive\Documents\dbhandler_app\odbc_dll\vc_mswud\my_dll\mt.read.1.tlog
C:\Users\Igor\OneDrive\Documents\dbhandler_app\odbc_dll\vc_mswud\my_dll\mt.write.1.tlog
C:\USERS\IGOR\ONEDRIVE\DOCUMENTS\DBHANDLER_APP\ODBC_DLL\VC_MSWUD\MY_DLL\ODBC.DLL.EMBED.MANIFEST
C:\USERS\IGOR\ONEDRIVE\DOCUMENTS\DBHANDLER_APP\ODBC_DLL\VC_MSWUD\MY_DLL\ODBC.DLL.EMBED.MANIFEST.RES
C:\USERS\IGOR\ONEDRIVE\DOCUMENTS\DBHANDLER_APP\ODBC_DLL\VC_MSWUD\MY_DLL\ODBC.DLL.INTERMEDIATE.MANIFEST
C:\USERS\IGOR\ONEDRIVE\DOCUMENTS\DBHANDLER_APP\ODBC_DLL\VC_MSWUD\MY_DLL\ODBC.OBJ
C:\Users\Igor\OneDrive\Documents\dbhandler_app\odbc_dll\vc_mswud\my_dll\odbc.vcxprojResolveAssemblyReference.cache
C:\Users\Igor\OneDrive\Documents\dbhandler_app\odbc_dll\vc_mswud\my_dll\odbc.write.1.tlog
C:\Users\Igor\OneDrive\Documents\dbhandler_app\odbc_dll\vc_mswud\my_dll\odbc_manifest.rc
C:\Users\Igor\OneDrive\Documents\dbhandler_app\odbc_dll\vc_mswud\my_dll\rc.command.1.tlog
C:\Users\Igor\OneDrive\Documents\dbhandler_app\odbc_dll\vc_mswud\my_dll\rc.read.1.tlog
C:\Users\Igor\OneDrive\Documents\dbhandler_app\odbc_dll\vc_mswud\my_dll\rc.write.1.tlog
C:\Users\Igor\OneDrive\Documents\dbhandler_app\odbc_dll\vc_mswud\odbc_dll.exp
C:\Users\Igor\OneDrive\Documents\dbhandler_app\odbc_dll\vc_mswud\odbc_dll.lib
C:\USERS\IGOR\ONEDRIVE\DOCUMENTS\DBHANDLER_APP\ODBC_DLL\VC_MSWUD\ODBC_DLL.PDB
