C:\USERS\IGOR\ONEDRIVE\DOCUMENTS\DBHANDLER_APP\DBHANDLER\VC_MSWUDDLL\DBWINDOW.DLL
C:\USERS\IGOR\ONEDRIVE\DOCUMENTS\DBHANDLER_APP\DBHANDLER\VC_MSWUDDLL\DBWINDOW.ILK
C:\USERS\IGOR\ONEDRIVE\DOCUMENTS\DBHANDLER_APP\LIBDBWINDOW\VC_MSWUDDLL\DBWINDOW.DLL.INTERMEDIATE.MANIFEST
C:\Users\Igor\OneDrive\Documents\dbhandler_app\libdbwindow\vc_mswuddll\dbwindow.exp
C:\Users\Igor\OneDrive\Documents\dbhandler_app\libdbwindow\vc_mswuddll\dbwindow.lib
C:\USERS\IGOR\ONEDRIVE\DOCUMENTS\DBHANDLER_APP\LIBDBWINDOW\VC_MSWUDDLL\DBWINDOW.PDB
C:\USERS\IGOR\ONEDRIVE\DOCUMENTS\DBHANDLER_APP\LIBDBWINDOW\VC_MSWUDDLL\DBWINDOWL.PDB
C:\Users\Igor\OneDrive\Documents\dbhandler_app\libdbwindow\vc_mswuddll\my_dll\CL.3900.read.1.tlog
C:\Users\Igor\OneDrive\Documents\dbhandler_app\libdbwindow\vc_mswuddll\my_dll\CL.3900.write.1.tlog
C:\Users\Igor\OneDrive\Documents\dbhandler_app\libdbwindow\vc_mswuddll\my_dll\CL.7064.read.1.tlog
C:\Users\Igor\OneDrive\Documents\dbhandler_app\libdbwindow\vc_mswuddll\my_dll\CL.7064.write.1.tlog
C:\Users\Igor\OneDrive\Documents\dbhandler_app\libdbwindow\vc_mswuddll\my_dll\cl.command.1.tlog
C:\Users\Igor\OneDrive\Documents\dbhandler_app\libdbwindow\vc_mswuddll\my_dll\CL.read.1.tlog
C:\Users\Igor\OneDrive\Documents\dbhandler_app\libdbwindow\vc_mswuddll\my_dll\cl.write.1.tlog
C:\USERS\IGOR\ONEDRIVE\DOCUMENTS\DBHANDLER_APP\LIBDBWINDOW\VC_MSWUDDLL\MY_DLL\DBWINDOW.DLL.EMBED.MANIFEST
C:\USERS\IGOR\ONEDRIVE\DOCUMENTS\DBHANDLER_APP\LIBDBWINDOW\VC_MSWUDDLL\MY_DLL\DBWINDOW.DLL.EMBED.MANIFEST.RES
C:\Users\Igor\OneDrive\Documents\dbhandler_app\libdbwindow\vc_mswuddll\my_dll\dbwindow.write.1.tlog
C:\Users\Igor\OneDrive\Documents\dbhandler_app\libdbwindow\vc_mswuddll\my_dll\dbwindow_manifest.rc
C:\Users\Igor\OneDrive\Documents\dbhandler_app\libdbwindow\vc_mswuddll\my_dll\link.6864.read.1.tlog
C:\Users\Igor\OneDrive\Documents\dbhandler_app\libdbwindow\vc_mswuddll\my_dll\link.6864.write.1.tlog
C:\Users\Igor\OneDrive\Documents\dbhandler_app\libdbwindow\vc_mswuddll\my_dll\link.6864-cvtres.read.1.tlog
C:\Users\Igor\OneDrive\Documents\dbhandler_app\libdbwindow\vc_mswuddll\my_dll\link.6864-cvtres.write.1.tlog
C:\Users\Igor\OneDrive\Documents\dbhandler_app\libdbwindow\vc_mswuddll\my_dll\link.command.1.tlog
C:\Users\Igor\OneDrive\Documents\dbhandler_app\libdbwindow\vc_mswuddll\my_dll\link.read.1.tlog
C:\Users\Igor\OneDrive\Documents\dbhandler_app\libdbwindow\vc_mswuddll\my_dll\link.write.1.tlog
C:\Users\Igor\OneDrive\Documents\dbhandler_app\libdbwindow\vc_mswuddll\my_dll\link-cvtres.read.1.tlog
C:\Users\Igor\OneDrive\Documents\dbhandler_app\libdbwindow\vc_mswuddll\my_dll\link-cvtres.write.1.tlog
C:\Users\Igor\OneDrive\Documents\dbhandler_app\libdbwindow\vc_mswuddll\my_dll\mt.command.1.tlog
C:\Users\Igor\OneDrive\Documents\dbhandler_app\libdbwindow\vc_mswuddll\my_dll\mt.read.1.tlog
C:\Users\Igor\OneDrive\Documents\dbhandler_app\libdbwindow\vc_mswuddll\my_dll\mt.write.1.tlog
C:\Users\Igor\OneDrive\Documents\dbhandler_app\libdbwindow\vc_mswuddll\my_dll\rc.command.1.tlog
C:\Users\Igor\OneDrive\Documents\dbhandler_app\libdbwindow\vc_mswuddll\my_dll\rc.read.1.tlog
C:\Users\Igor\OneDrive\Documents\dbhandler_app\libdbwindow\vc_mswuddll\my_dll\rc.write.1.tlog
vc_mswuddll\dbwindow.pdb
