C:\USERS\IGOR\ONEDRIVE\DOCUMENTS\DBHANDLER_APP\DOCVIEW\VC_MSWUDDLL\DOCVIEW.EXE
C:\USERS\IGOR\ONEDRIVE\DOCUMENTS\DBHANDLER_APP\DOCVIEW\VC_MSWUDDLL\DOCVIEW.ILK
C:\USERS\IGOR\ONEDRIVE\DOCUMENTS\DBHANDLER_APP\DOCVIEW\VC_MSWUDDLL\DOCVIEW.PDB
C:\Users\Igor\OneDrive\Documents\dbhandler_app\docview\vc_mswuddll\docview\CL.4160.read.1.tlog
C:\Users\Igor\OneDrive\Documents\dbhandler_app\docview\vc_mswuddll\docview\CL.4160.write.1.tlog
C:\Users\Igor\OneDrive\Documents\dbhandler_app\docview\vc_mswuddll\docview\CL.4944.read.1.tlog
C:\Users\Igor\OneDrive\Documents\dbhandler_app\docview\vc_mswuddll\docview\CL.4944.write.1.tlog
C:\Users\Igor\OneDrive\Documents\dbhandler_app\docview\vc_mswuddll\docview\cl.command.1.tlog
C:\Users\Igor\OneDrive\Documents\dbhandler_app\docview\vc_mswuddll\docview\CL.read.1.tlog
C:\Users\Igor\OneDrive\Documents\dbhandler_app\docview\vc_mswuddll\docview\cl.write.1.tlog
C:\Users\Igor\OneDrive\Documents\dbhandler_app\docview\vc_mswuddll\docview\doc.obj
C:\USERS\IGOR\ONEDRIVE\DOCUMENTS\DBHANDLER_APP\DOCVIEW\VC_MSWUDDLL\DOCVIEW\DOCVIEW.EXE.EMBED.MANIFEST
C:\USERS\IGOR\ONEDRIVE\DOCUMENTS\DBHANDLER_APP\DOCVIEW\VC_MSWUDDLL\DOCVIEW\DOCVIEW.EXE.EMBED.MANIFEST.RES
C:\USERS\IGOR\ONEDRIVE\DOCUMENTS\DBHANDLER_APP\DOCVIEW\VC_MSWUDDLL\DOCVIEW\DOCVIEW.EXE.INTERMEDIATE.MANIFEST
C:\USERS\IGOR\ONEDRIVE\DOCUMENTS\DBHANDLER_APP\DOCVIEW\VC_MSWUDDLL\DOCVIEW\DOCVIEW.OBJ
C:\USERS\IGOR\ONEDRIVE\DOCUMENTS\DBHANDLER_APP\DOCVIEW\VC_MSWUDDLL\DOCVIEW\DOCVIEW.RES
C:\Users\Igor\OneDrive\Documents\dbhandler_app\docview\vc_mswuddll\docview\docview.write.1.tlog
C:\Users\Igor\OneDrive\Documents\dbhandler_app\docview\vc_mswuddll\docview\docview_manifest.rc
C:\Users\Igor\OneDrive\Documents\dbhandler_app\docview\vc_mswuddll\docview\docview_vc9.vcxprojResolveAssemblyReference.cache
C:\Users\Igor\OneDrive\Documents\dbhandler_app\docview\vc_mswuddll\docview\link.command.1.tlog
C:\Users\Igor\OneDrive\Documents\dbhandler_app\docview\vc_mswuddll\docview\link.read.1.tlog
C:\Users\Igor\OneDrive\Documents\dbhandler_app\docview\vc_mswuddll\docview\link.write.1.tlog
C:\Users\Igor\OneDrive\Documents\dbhandler_app\docview\vc_mswuddll\docview\link-cvtres.read.1.tlog
C:\Users\Igor\OneDrive\Documents\dbhandler_app\docview\vc_mswuddll\docview\link-cvtres.write.1.tlog
C:\USERS\IGOR\ONEDRIVE\DOCUMENTS\DBHANDLER_APP\DOCVIEW\VC_MSWUDDLL\DOCVIEW\MAINFRAME.OBJ
C:\Users\Igor\OneDrive\Documents\dbhandler_app\docview\vc_mswuddll\docview\mt.command.1.tlog
C:\Users\Igor\OneDrive\Documents\dbhandler_app\docview\vc_mswuddll\docview\mt.read.1.tlog
C:\Users\Igor\OneDrive\Documents\dbhandler_app\docview\vc_mswuddll\docview\mt.write.1.tlog
C:\Users\Igor\OneDrive\Documents\dbhandler_app\docview\vc_mswuddll\docview\rc.command.1.tlog
C:\Users\Igor\OneDrive\Documents\dbhandler_app\docview\vc_mswuddll\docview\rc.read.1.tlog
C:\Users\Igor\OneDrive\Documents\dbhandler_app\docview\vc_mswuddll\docview\rc.write.1.tlog
C:\Users\Igor\OneDrive\Documents\dbhandler_app\docview\vc_mswuddll\docview\view.obj
C:\Users\Igor\OneDrive\Documents\dbhandler_app\docview\vc_mswuddll\docview\viewbase.obj
vc_mswuddll\docview.ilk
vc_mswuddll\docview.pdb
