C:\USERS\IGOR\ONEDRIVE\DOCUMENTS\DBHANDLER_APP\DOCVIEW\VC_MSWUDDLL\ODBC_LIB.DLL
C:\USERS\IGOR\ONEDRIVE\DOCUMENTS\DBHANDLER_APP\DOCVIEW\VC_MSWUDDLL\ODBC_LIB.ILK
C:\USERS\IGOR\ONEDRIVE\DOCUMENTS\DBHANDLER_APP\ODBC_DLL\VC_MSWUD\MY_DLL.PDB
C:\Users\Igor\OneDrive\Documents\dbhandler_app\odbc_dll\vc_mswud\my_dll\CL.1300.read.1.tlog
C:\Users\Igor\OneDrive\Documents\dbhandler_app\odbc_dll\vc_mswud\my_dll\CL.1300.write.1.tlog
C:\Users\Igor\OneDrive\Documents\dbhandler_app\odbc_dll\vc_mswud\my_dll\CL.5832.read.1.tlog
C:\Users\Igor\OneDrive\Documents\dbhandler_app\odbc_dll\vc_mswud\my_dll\CL.5832.write.1.tlog
C:\Users\Igor\OneDrive\Documents\dbhandler_app\odbc_dll\vc_mswud\my_dll\cl.command.1.tlog
C:\Users\Igor\OneDrive\Documents\dbhandler_app\odbc_dll\vc_mswud\my_dll\CL.read.1.tlog
C:\Users\Igor\OneDrive\Documents\dbhandler_app\odbc_dll\vc_mswud\my_dll\cl.write.1.tlog
C:\Users\Igor\OneDrive\Documents\dbhandler_app\odbc_dll\vc_mswud\my_dll\database_odbc.obj
C:\Users\Igor\OneDrive\Documents\dbhandler_app\odbc_dll\vc_mswud\my_dll\link.5796.read.1.tlog
C:\Users\Igor\OneDrive\Documents\dbhandler_app\odbc_dll\vc_mswud\my_dll\link.5796.write.1.tlog
C:\Users\Igor\OneDrive\Documents\dbhandler_app\odbc_dll\vc_mswud\my_dll\link.5796-cvtres.read.1.tlog
C:\Users\Igor\OneDrive\Documents\dbhandler_app\odbc_dll\vc_mswud\my_dll\link.5796-cvtres.write.1.tlog
C:\Users\Igor\OneDrive\Documents\dbhandler_app\odbc_dll\vc_mswud\my_dll\link.command.1.tlog
C:\Users\Igor\OneDrive\Documents\dbhandler_app\odbc_dll\vc_mswud\my_dll\link.read.1.tlog
C:\Users\Igor\OneDrive\Documents\dbhandler_app\odbc_dll\vc_mswud\my_dll\link.write.1.tlog
C:\Users\Igor\OneDrive\Documents\dbhandler_app\odbc_dll\vc_mswud\my_dll\link-cvtres.read.1.tlog
C:\Users\Igor\OneDrive\Documents\dbhandler_app\odbc_dll\vc_mswud\my_dll\link-cvtres.write.1.tlog
C:\Users\Igor\OneDrive\Documents\dbhandler_app\odbc_dll\vc_mswud\my_dll\mt.command.1.tlog
C:\Users\Igor\OneDrive\Documents\dbhandler_app\odbc_dll\vc_mswud\my_dll\mt.read.1.tlog
C:\Users\Igor\OneDrive\Documents\dbhandler_app\odbc_dll\vc_mswud\my_dll\mt.write.1.tlog
C:\USERS\IGOR\ONEDRIVE\DOCUMENTS\DBHANDLER_APP\ODBC_DLL\VC_MSWUD\MY_DLL\ODBC.DLL.EMBED.MANIFEST
C:\USERS\IGOR\ONEDRIVE\DOCUMENTS\DBHANDLER_APP\ODBC_DLL\VC_MSWUD\MY_DLL\ODBC.DLL.EMBED.MANIFEST.RES
C:\USERS\IGOR\ONEDRIVE\DOCUMENTS\DBHANDLER_APP\ODBC_DLL\VC_MSWUD\MY_DLL\ODBC.DLL.INTERMEDIATE.MANIFEST
C:\Users\Igor\OneDrive\Documents\dbhandler_app\odbc_dll\vc_mswud\my_dll\odbc.obj
C:\Users\Igor\OneDrive\Documents\dbhandler_app\odbc_dll\vc_mswud\my_dll\odbc.write.1.tlog
C:\Users\Igor\OneDrive\Documents\dbhandler_app\odbc_dll\vc_mswud\my_dll\odbc_manifest.rc
C:\Users\Igor\OneDrive\Documents\dbhandler_app\odbc_dll\vc_mswud\my_dll\rc.command.1.tlog
C:\Users\Igor\OneDrive\Documents\dbhandler_app\odbc_dll\vc_mswud\my_dll\rc.read.1.tlog
C:\Users\Igor\OneDrive\Documents\dbhandler_app\odbc_dll\vc_mswud\my_dll\rc.write.1.tlog
C:\Users\Igor\OneDrive\Documents\dbhandler_app\odbc_dll\vc_mswud\odbc_dll.exp
C:\Users\Igor\OneDrive\Documents\dbhandler_app\odbc_dll\vc_mswud\odbc_dll.lib
C:\USERS\IGOR\ONEDRIVE\DOCUMENTS\DBHANDLER_APP\ODBC_DLL\VC_MSWUD\ODBC_DLL.PDB
