C:\USERS\IGOR\ONEDRIVE\DOCUMENTS\DBHANDLER_APP\DBHANDLER\VC_MSWUDDLL\DIALOGS.DLL
C:\USERS\IGOR\ONEDRIVE\DOCUMENTS\DBHANDLER_APP\DBHANDLER\VC_MSWUDDLL\DIALOGS.ILK
C:\USERS\IGOR\ONEDRIVE\DOCUMENTS\DBHANDLER_APP\LIBDIALOGS\VC_MSWUDDLL\DIALOGS.DLL.INTERMEDIATE.MANIFEST
C:\Users\Igor\OneDrive\Documents\dbhandler_app\libdialogs\vc_mswuddll\dialogs.exp
C:\Users\Igor\OneDrive\Documents\dbhandler_app\libdialogs\vc_mswuddll\dialogs.lib
C:\USERS\IGOR\ONEDRIVE\DOCUMENTS\DBHANDLER_APP\LIBDIALOGS\VC_MSWUDDLL\DIALOGS.PDB
C:\Users\Igor\OneDrive\Documents\dbhandler_app\libdialogs\vc_mswuddll\my_dll\CL.4444.read.1.tlog
C:\Users\Igor\OneDrive\Documents\dbhandler_app\libdialogs\vc_mswuddll\my_dll\CL.4444.write.1.tlog
C:\Users\Igor\OneDrive\Documents\dbhandler_app\libdialogs\vc_mswuddll\my_dll\CL.6212.read.1.tlog
C:\Users\Igor\OneDrive\Documents\dbhandler_app\libdialogs\vc_mswuddll\my_dll\CL.6212.write.1.tlog
C:\Users\Igor\OneDrive\Documents\dbhandler_app\libdialogs\vc_mswuddll\my_dll\cl.command.1.tlog
C:\Users\Igor\OneDrive\Documents\dbhandler_app\libdialogs\vc_mswuddll\my_dll\CL.read.1.tlog
C:\Users\Igor\OneDrive\Documents\dbhandler_app\libdialogs\vc_mswuddll\my_dll\cl.write.1.tlog
C:\USERS\IGOR\ONEDRIVE\DOCUMENTS\DBHANDLER_APP\LIBDIALOGS\VC_MSWUDDLL\MY_DLL\DIALOGS.DLL.EMBED.MANIFEST
C:\USERS\IGOR\ONEDRIVE\DOCUMENTS\DBHANDLER_APP\LIBDIALOGS\VC_MSWUDDLL\MY_DLL\DIALOGS.DLL.EMBED.MANIFEST.RES
C:\Users\Igor\OneDrive\Documents\dbhandler_app\libdialogs\vc_mswuddll\my_dll\dialogs.write.1.tlog
C:\Users\Igor\OneDrive\Documents\dbhandler_app\libdialogs\vc_mswuddll\my_dll\dialogs_manifest.rc
C:\Users\Igor\OneDrive\Documents\dbhandler_app\libdialogs\vc_mswuddll\my_dll\link.6324.read.1.tlog
C:\Users\Igor\OneDrive\Documents\dbhandler_app\libdialogs\vc_mswuddll\my_dll\link.6324.write.1.tlog
C:\Users\Igor\OneDrive\Documents\dbhandler_app\libdialogs\vc_mswuddll\my_dll\link.6324-cvtres.read.1.tlog
C:\Users\Igor\OneDrive\Documents\dbhandler_app\libdialogs\vc_mswuddll\my_dll\link.6324-cvtres.write.1.tlog
C:\Users\Igor\OneDrive\Documents\dbhandler_app\libdialogs\vc_mswuddll\my_dll\link.command.1.tlog
C:\Users\Igor\OneDrive\Documents\dbhandler_app\libdialogs\vc_mswuddll\my_dll\link.read.1.tlog
C:\Users\Igor\OneDrive\Documents\dbhandler_app\libdialogs\vc_mswuddll\my_dll\link.write.1.tlog
C:\Users\Igor\OneDrive\Documents\dbhandler_app\libdialogs\vc_mswuddll\my_dll\link-cvtres.read.1.tlog
C:\Users\Igor\OneDrive\Documents\dbhandler_app\libdialogs\vc_mswuddll\my_dll\link-cvtres.write.1.tlog
C:\Users\Igor\OneDrive\Documents\dbhandler_app\libdialogs\vc_mswuddll\my_dll\mt.command.1.tlog
C:\Users\Igor\OneDrive\Documents\dbhandler_app\libdialogs\vc_mswuddll\my_dll\mt.read.1.tlog
C:\Users\Igor\OneDrive\Documents\dbhandler_app\libdialogs\vc_mswuddll\my_dll\mt.write.1.tlog
C:\Users\Igor\OneDrive\Documents\dbhandler_app\libdialogs\vc_mswuddll\my_dll\rc.command.1.tlog
C:\Users\Igor\OneDrive\Documents\dbhandler_app\libdialogs\vc_mswuddll\my_dll\rc.read.1.tlog
C:\Users\Igor\OneDrive\Documents\dbhandler_app\libdialogs\vc_mswuddll\my_dll\rc.write.1.tlog
vc_mswuddll\dialogs.pdb
