C:\Users\Igor\OneDrive\Documents\dbhandler_app\dbloader\vc_mswud\my_dll.exp
C:\Users\Igor\OneDrive\Documents\dbhandler_app\dbloader\vc_mswud\my_dll.lib
C:\USERS\IGOR\ONEDRIVE\DOCUMENTS\DBHANDLER_APP\DBLOADER\VC_MSWUD\MY_DLL.PDB
C:\Users\Igor\OneDrive\Documents\dbhandler_app\dbloader\vc_mswud\my_dll\cl.command.1.tlog
C:\Users\Igor\OneDrive\Documents\dbhandler_app\dbloader\vc_mswud\my_dll\CL.read.1.tlog
C:\Users\Igor\OneDrive\Documents\dbhandler_app\dbloader\vc_mswud\my_dll\CL.write.1.tlog
C:\USERS\IGOR\ONEDRIVE\DOCUMENTS\DBHANDLER_APP\DBLOADER\VC_MSWUD\MY_DLL\DBLOADER.DLL.EMBED.MANIFEST
C:\USERS\IGOR\ONEDRIVE\DOCUMENTS\DBHANDLER_APP\DBLOADER\VC_MSWUD\MY_DLL\DBLOADER.DLL.EMBED.MANIFEST.RES
C:\USERS\IGOR\ONEDRIVE\DOCUMENTS\DBHANDLER_APP\DBLOADER\VC_MSWUD\MY_DLL\DBLOADER.DLL.INTERMEDIATE.MANIFEST
C:\USERS\IGOR\ONEDRIVE\DOCUMENTS\DBHANDLER_APP\DBLOADER\VC_MSWUD\MY_DLL\DBLOADER.OBJ
C:\Users\Igor\OneDrive\Documents\dbhandler_app\dbloader\vc_mswud\my_dll\dbloader.write.1.tlog
C:\Users\Igor\OneDrive\Documents\dbhandler_app\dbloader\vc_mswud\my_dll\dbloader_manifest.rc
C:\Users\Igor\OneDrive\Documents\dbhandler_app\dbloader\vc_mswud\my_dll\link.5476.read.1.tlog
C:\Users\Igor\OneDrive\Documents\dbhandler_app\dbloader\vc_mswud\my_dll\link.5476.write.1.tlog
C:\Users\Igor\OneDrive\Documents\dbhandler_app\dbloader\vc_mswud\my_dll\link.5476-cvtres.read.1.tlog
C:\Users\Igor\OneDrive\Documents\dbhandler_app\dbloader\vc_mswud\my_dll\link.5476-cvtres.write.1.tlog
C:\Users\Igor\OneDrive\Documents\dbhandler_app\dbloader\vc_mswud\my_dll\link.command.1.tlog
C:\Users\Igor\OneDrive\Documents\dbhandler_app\dbloader\vc_mswud\my_dll\link.read.1.tlog
C:\Users\Igor\OneDrive\Documents\dbhandler_app\dbloader\vc_mswud\my_dll\link.write.1.tlog
C:\Users\Igor\OneDrive\Documents\dbhandler_app\dbloader\vc_mswud\my_dll\link-cvtres.read.1.tlog
C:\Users\Igor\OneDrive\Documents\dbhandler_app\dbloader\vc_mswud\my_dll\link-cvtres.write.1.tlog
C:\Users\Igor\OneDrive\Documents\dbhandler_app\dbloader\vc_mswud\my_dll\mt.command.1.tlog
C:\Users\Igor\OneDrive\Documents\dbhandler_app\dbloader\vc_mswud\my_dll\mt.read.1.tlog
C:\Users\Igor\OneDrive\Documents\dbhandler_app\dbloader\vc_mswud\my_dll\mt.write.1.tlog
C:\Users\Igor\OneDrive\Documents\dbhandler_app\dbloader\vc_mswud\my_dll\rc.command.1.tlog
C:\Users\Igor\OneDrive\Documents\dbhandler_app\dbloader\vc_mswud\my_dll\rc.read.1.tlog
C:\Users\Igor\OneDrive\Documents\dbhandler_app\dbloader\vc_mswud\my_dll\rc.write.1.tlog
C:\USERS\IGOR\ONEDRIVE\DOCUMENTS\DBHANDLER_APP\DOCVIEW\VC_MSWUD\DBLOADER.DLL
C:\USERS\IGOR\ONEDRIVE\DOCUMENTS\DBHANDLER_APP\DOCVIEW\VC_MSWUD\DBLOADER.ILK
