C:\Users\Igor\OneDrive\Documents\dbhandler_app\dialogs\vc_mswud\my_dll.exp
C:\Users\Igor\OneDrive\Documents\dbhandler_app\dialogs\vc_mswud\my_dll.lib
C:\USERS\IGOR\ONEDRIVE\DOCUMENTS\DBHANDLER_APP\DIALOGS\VC_MSWUD\MY_DLL.PDB
C:\Users\Igor\OneDrive\Documents\dbhandler_app\dialogs\vc_mswud\my_dll\CL.3052.read.1.tlog
C:\Users\Igor\OneDrive\Documents\dbhandler_app\dialogs\vc_mswud\my_dll\CL.3052.write.1.tlog
C:\Users\Igor\OneDrive\Documents\dbhandler_app\dialogs\vc_mswud\my_dll\CL.9004.read.1.tlog
C:\Users\Igor\OneDrive\Documents\dbhandler_app\dialogs\vc_mswud\my_dll\CL.9004.write.1.tlog
C:\Users\Igor\OneDrive\Documents\dbhandler_app\dialogs\vc_mswud\my_dll\cl.command.1.tlog
C:\Users\Igor\OneDrive\Documents\dbhandler_app\dialogs\vc_mswud\my_dll\CL.read.1.tlog
C:\Users\Igor\OneDrive\Documents\dbhandler_app\dialogs\vc_mswud\my_dll\cl.write.1.tlog
C:\Users\Igor\OneDrive\Documents\dbhandler_app\dialogs\vc_mswud\my_dll\databasetype.obj
C:\USERS\IGOR\ONEDRIVE\DOCUMENTS\DBHANDLER_APP\DIALOGS\VC_MSWUD\MY_DLL\DIALOGS.DLL.EMBED.MANIFEST
C:\USERS\IGOR\ONEDRIVE\DOCUMENTS\DBHANDLER_APP\DIALOGS\VC_MSWUD\MY_DLL\DIALOGS.DLL.EMBED.MANIFEST.RES
C:\USERS\IGOR\ONEDRIVE\DOCUMENTS\DBHANDLER_APP\DIALOGS\VC_MSWUD\MY_DLL\DIALOGS.DLL.INTERMEDIATE.MANIFEST
C:\Users\Igor\OneDrive\Documents\dbhandler_app\dialogs\vc_mswud\my_dll\dialogs.obj
C:\Users\Igor\OneDrive\Documents\dbhandler_app\dialogs\vc_mswud\my_dll\dialogs.write.1.tlog
C:\Users\Igor\OneDrive\Documents\dbhandler_app\dialogs\vc_mswud\my_dll\dialogs_manifest.rc
C:\Users\Igor\OneDrive\Documents\dbhandler_app\dialogs\vc_mswud\my_dll\link.9176.read.1.tlog
C:\Users\Igor\OneDrive\Documents\dbhandler_app\dialogs\vc_mswud\my_dll\link.9176.write.1.tlog
C:\Users\Igor\OneDrive\Documents\dbhandler_app\dialogs\vc_mswud\my_dll\link.9176-cvtres.read.1.tlog
C:\Users\Igor\OneDrive\Documents\dbhandler_app\dialogs\vc_mswud\my_dll\link.9176-cvtres.write.1.tlog
C:\Users\Igor\OneDrive\Documents\dbhandler_app\dialogs\vc_mswud\my_dll\link.command.1.tlog
C:\Users\Igor\OneDrive\Documents\dbhandler_app\dialogs\vc_mswud\my_dll\link.read.1.tlog
C:\Users\Igor\OneDrive\Documents\dbhandler_app\dialogs\vc_mswud\my_dll\link.write.1.tlog
C:\Users\Igor\OneDrive\Documents\dbhandler_app\dialogs\vc_mswud\my_dll\link-cvtres.read.1.tlog
C:\Users\Igor\OneDrive\Documents\dbhandler_app\dialogs\vc_mswud\my_dll\link-cvtres.write.1.tlog
C:\Users\Igor\OneDrive\Documents\dbhandler_app\dialogs\vc_mswud\my_dll\mt.command.1.tlog
C:\Users\Igor\OneDrive\Documents\dbhandler_app\dialogs\vc_mswud\my_dll\mt.read.1.tlog
C:\Users\Igor\OneDrive\Documents\dbhandler_app\dialogs\vc_mswud\my_dll\mt.write.1.tlog
C:\Users\Igor\OneDrive\Documents\dbhandler_app\dialogs\vc_mswud\my_dll\odbcconfigure.obj
C:\Users\Igor\OneDrive\Documents\dbhandler_app\dialogs\vc_mswud\my_dll\rc.command.1.tlog
C:\Users\Igor\OneDrive\Documents\dbhandler_app\dialogs\vc_mswud\my_dll\rc.read.1.tlog
C:\Users\Igor\OneDrive\Documents\dbhandler_app\dialogs\vc_mswud\my_dll\rc.write.1.tlog
C:\Users\Igor\OneDrive\Documents\dbhandler_app\dialogs\vc_mswud\my_dll\selecttables.obj
C:\USERS\IGOR\ONEDRIVE\DOCUMENTS\DBHANDLER_APP\DOCVIEW\VC_MSWUD\DIALOGS.DLL
C:\USERS\IGOR\ONEDRIVE\DOCUMENTS\DBHANDLER_APP\DOCVIEW\VC_MSWUD\DIALOGS.ILK
