C:\Users\Igor\OneDrive\Documents\dbhandler_app\libdatabaseview\vc_mswuddll\dbview.dll.intermediate.manifest
C:\USERS\IGOR\ONEDRIVE\DOCUMENTS\DBHANDLER_APP\LIBDATABASEVIEW\VC_MSWUDDLL\DBVIEW.PDB
C:\Users\Igor\OneDrive\Documents\dbhandler_app\libdatabaseview\vc_mswuddll\my_dll\CL.4900.read.1.tlog
C:\Users\Igor\OneDrive\Documents\dbhandler_app\libdatabaseview\vc_mswuddll\my_dll\CL.4900.write.1.tlog
C:\Users\Igor\OneDrive\Documents\dbhandler_app\libdatabaseview\vc_mswuddll\my_dll\CL.776.read.1.tlog
C:\Users\Igor\OneDrive\Documents\dbhandler_app\libdatabaseview\vc_mswuddll\my_dll\CL.776.write.1.tlog
C:\Users\Igor\OneDrive\Documents\dbhandler_app\libdatabaseview\vc_mswuddll\my_dll\cl.command.1.tlog
C:\Users\Igor\OneDrive\Documents\dbhandler_app\libdatabaseview\vc_mswuddll\my_dll\CL.read.1.tlog
C:\Users\Igor\OneDrive\Documents\dbhandler_app\libdatabaseview\vc_mswuddll\my_dll\cl.write.1.tlog
C:\Users\Igor\OneDrive\Documents\dbhandler_app\libdatabaseview\vc_mswuddll\my_dll\dbview.dll.embed.manifest
C:\USERS\IGOR\ONEDRIVE\DOCUMENTS\DBHANDLER_APP\LIBDATABASEVIEW\VC_MSWUDDLL\MY_DLL\DBVIEW.DLL.EMBED.MANIFEST.RES
C:\Users\Igor\OneDrive\Documents\dbhandler_app\libdatabaseview\vc_mswuddll\my_dll\dbview.write.1.tlog
C:\Users\Igor\OneDrive\Documents\dbhandler_app\libdatabaseview\vc_mswuddll\my_dll\dbview_manifest.rc
C:\Users\Igor\OneDrive\Documents\dbhandler_app\libdatabaseview\vc_mswuddll\my_dll\link.command.1.tlog
C:\Users\Igor\OneDrive\Documents\dbhandler_app\libdatabaseview\vc_mswuddll\my_dll\link.read.1.tlog
C:\Users\Igor\OneDrive\Documents\dbhandler_app\libdatabaseview\vc_mswuddll\my_dll\link.write.1.tlog
C:\Users\Igor\OneDrive\Documents\dbhandler_app\libdatabaseview\vc_mswuddll\my_dll\link-cvtres.read.1.tlog
C:\Users\Igor\OneDrive\Documents\dbhandler_app\libdatabaseview\vc_mswuddll\my_dll\link-cvtres.write.1.tlog
C:\Users\Igor\OneDrive\Documents\dbhandler_app\libdatabaseview\vc_mswuddll\my_dll\rc.command.1.tlog
C:\Users\Igor\OneDrive\Documents\dbhandler_app\libdatabaseview\vc_mswuddll\my_dll\rc.read.1.tlog
C:\Users\Igor\OneDrive\Documents\dbhandler_app\libdatabaseview\vc_mswuddll\my_dll\rc.write.1.tlog
vc_mswuddll\dbview.pdb
