Build started 8/10/2018 7:14:39 PM.
     1>Project "C:\Users\Igor\OneDrive\Documents\dbhandler_app\dbhandler\docview_vc10.vcxproj" on node 2 (build target(s)).
     1>InitializeBuildStatus:
         Creating "vc_mswuddll10\docview.unsuccessfulbuild" because "AlwaysCreate" was specified.
       ClCompile:
         c:\Program Files (x86)\Microsoft Visual Studio 10.0\VC\bin\CL.exe /c /I..\libdbwindow\res\gui /IC:\Users\Igor\OneDrive\Documents\VLD\include /I..\dbinterface /Ic:\wxWidgets\lib\vc_lib\mswud /Ic:\wxWidgets\include /I. /I"C:\Program Files (x86)\Visual Leak Detector\include" /Zi /nologo /W4 /WX- /Od /Oy- /D WIN32 /D _DEBUG /D _CRT_SECURE_NO_DEPRECATE=1 /D _CRT_NON_CONFORMING_SWPRINTFS=1 /D _SCL_SECURE_NO_WARNINGS=1 /D __WXMSW__ /D _UNICODE /D WXUSINGDLL /D _WINDOWS /D NOPCH /D _UNICODE /D UNICODE /Gm- /EHsc /RTC1 /MDd /GS /fp:precise /Zc:wchar_t /Zc:forScope /Fo"vc_mswuddll10\\" /Fd"vc_mswuddll10\docview.pdb" /Gd /TP /analyze- /errorReport:prompt doc.cpp docview.cpp mainframe.cpp view.cpp viewbase.cpp /MP 
         doc.cpp
         docview.cpp
         mainframe.cpp
         view.cpp
         viewbase.cpp
       ResourceCompile:
         All outputs are up-to-date.
       ManifestResourceCompile:
         All outputs are up-to-date.
       Link:
         c:\Program Files (x86)\Microsoft Visual Studio 10.0\VC\bin\link.exe /ERRORREPORT:PROMPT /OUT:"vc_mswuddll10\docview.exe" /INCREMENTAL /NOLOGO /LIBPATH:C:\Users\Igor\OneDrive\Documents\VLD\lib\Win32 /LIBPATH:.\Debug /LIBPATH:c:\wxWidgets\lib\vc_dll /LIBPATH:"C:\Program Files (x86)\Visual Leak Detector\lib\Win32" vld.lib dbinterface.lib wxmsw31ud_core.lib wxbase31ud.lib wxtiffd.lib wxjpegd.lib wxpngd.lib wxzlibd.lib wxregexud.lib wxexpatd.lib kernel32.lib user32.lib gdi32.lib comdlg32.lib winspool.lib winmm.lib shell32.lib shlwapi.lib comctl32.lib ole32.lib oleaut32.lib uuid.lib rpcrt4.lib advapi32.lib version.lib wsock32.lib wininet.lib kernel32.lib user32.lib gdi32.lib winspool.lib comdlg32.lib advapi32.lib shell32.lib ole32.lib oleaut32.lib uuid.lib odbc32.lib odbccp32.lib /MANIFEST /ManifestFile:"vc_mswuddll10\docview.exe.intermediate.manifest" /MANIFESTUAC:"level='asInvoker' uiAccess='false'" /DEBUG /PDB:"vc_mswuddll10\docview.pdb" /SUBSYSTEM:WINDOWS /TLBID:1 /DYNAMICBASE /NXCOMPAT /IMPLIB:"vc_mswuddll10\docview.lib" /MACHINE:X86 vc_mswuddll10\docview.res
         vc_mswuddll10\docview.exe.embed.manifest.res
         vc_mswuddll10\doc.obj
         vc_mswuddll10\docview.obj
         vc_mswuddll10\mainframe.obj
         vc_mswuddll10\view.obj
         vc_mswuddll10\viewbase.obj
            Creating library vc_mswuddll10\docview.lib and object vc_mswuddll10\docview.exp
       Manifest:
         C:\Program Files (x86)\Microsoft SDKs\Windows\v7.0A\bin\mt.exe /nologo /verbose /out:"vc_mswuddll10\docview.exe.embed.manifest" /manifest vc_mswuddll10\docview.exe.intermediate.manifest
         All outputs are up-to-date.
       LinkEmbedManifest:
         All outputs are up-to-date.
         docview_vc10.vcxproj -> C:\Users\Igor\OneDrive\Documents\dbhandler_app\dbhandler\vc_mswuddll10\docview.exe
       FinalizeBuildStatus:
         Deleting file "vc_mswuddll10\docview.unsuccessfulbuild".
         Touching "vc_mswuddll10\docview.lastbuildstate".
     1>Done Building Project "C:\Users\Igor\OneDrive\Documents\dbhandler_app\dbhandler\docview_vc10.vcxproj" (build target(s)).

Build succeeded.

Time Elapsed 00:00:35.25
